+ Error stacktraces are turned on.
Maven version: 2.0.4
[DEBUG] Building Maven user-level plugin registry from: '/home/jf/.m2/plugin-registry.xml'
[DEBUG] Building Maven global-level plugin registry from: '/usr/share/maven-bin-2.0/conf/plugin-registry.xml'
[INFO] Scanning for projects...
[DEBUG] Searching for parent-POM: com.mindalliance:generic::1.0-SNAPSHOT of project: com.mindalliance.channels:channels:war:1.0-SNAPSHOT in relative path: ../generic/pom.xml
[DEBUG] Using parent-POM from the project hierarchy at: '../generic/pom.xml' for project: com.mindalliance.channels:channels:war:1.0-SNAPSHOT
[INFO] ----------------------------------------------------------------------------
[INFO] Building Mind-Alliance Channels
[INFO]    task-segment: [clean, test]
[INFO] ----------------------------------------------------------------------------
[DEBUG] maven-clean-plugin: resolved to version 2.2-SNAPSHOT from repository central
[DEBUG] Skipping disabled repository central
[DEBUG] maven-clean-plugin: resolved to version 2.2-20061118.060301-1 from repository apache.snapshots
[DEBUG] Retrieving parent-POM: org.apache.maven.plugins:maven-plugins::4-SNAPSHOT for project: null:maven-clean-plugin:maven-plugin:2.2-20061118.060301-1 from the repository.
[DEBUG] Skipping disabled repository central
[DEBUG] maven-plugins: resolved to version 4-20061029.113029-2 from repository apache.snapshots
[DEBUG] Retrieving parent-POM: org.apache.maven:maven-parent::4 for project: org.apache.maven.plugins:maven-plugins:pom:4-SNAPSHOT from the repository.
[DEBUG] Retrieving parent-POM: org.apache:apache::3 for project: org.apache.maven:maven-parent:pom:4 from the repository.
[DEBUG] maven-site-plugin: resolved to version 2.0-SNAPSHOT from repository central
[DEBUG] Skipping disabled repository central
[DEBUG] maven-site-plugin: resolved to version 2.0-20061215.144112-12 from repository apache.snapshots
[DEBUG] Retrieving parent-POM: org.apache.maven.plugins:maven-plugins::4-SNAPSHOT for project: null:maven-site-plugin:maven-plugin:2.0-20061215.144112-12 from the repository.
[DEBUG] maven-plugins: resolved to version 4-20061029.113029-2 from repository apache.snapshots
[DEBUG] Retrieving parent-POM: org.apache.maven:maven-parent::4 for project: org.apache.maven.plugins:maven-plugins:pom:4-SNAPSHOT from the repository.
[DEBUG] Retrieving parent-POM: org.apache:apache::3 for project: org.apache.maven:maven-parent:pom:4 from the repository.
[DEBUG] Skipping disabled repository central
[INFO] snapshot org.apache.maven.plugins:maven-compiler-plugin:2.1-SNAPSHOT: checking for updates from mindalliance
[DEBUG] repository metadata for: 'snapshot org.apache.maven.plugins:maven-compiler-plugin:2.1-SNAPSHOT' could not be found on repository: mindalliance
[DEBUG] Skipping disabled repository central
[DEBUG] maven-compiler-plugin: resolved to version 2.1-20070115.180214-6 from repository apache.snapshots
[DEBUG] Retrieving parent-POM: org.apache.maven.plugins:maven-plugins::8-SNAPSHOT for project: null:maven-compiler-plugin:maven-plugin:2.1-20070115.180214-6 from the repository.
[DEBUG] Skipping disabled repository central
[INFO] snapshot org.apache.maven.plugins:maven-plugins:8-SNAPSHOT: checking for updates from mindalliance
[DEBUG] repository metadata for: 'snapshot org.apache.maven.plugins:maven-plugins:8-SNAPSHOT' could not be found on repository: mindalliance
[DEBUG] Skipping disabled repository central
[DEBUG] maven-plugins: resolved to version 8-20070127.114249-2 from repository apache.snapshots
[DEBUG] Retrieving parent-POM: org.apache.maven:maven-parent::5-SNAPSHOT for project: org.apache.maven.plugins:maven-plugins:pom:8-SNAPSHOT from the repository.
[DEBUG] Skipping disabled repository central
[INFO] snapshot org.apache.maven:maven-parent:5-SNAPSHOT: checking for updates from mindalliance
[DEBUG] repository metadata for: 'snapshot org.apache.maven:maven-parent:5-SNAPSHOT' could not be found on repository: mindalliance
[DEBUG] Skipping disabled repository central
[DEBUG] maven-parent: resolved to version 5-20070127.114244-3 from repository apache.snapshots
[DEBUG] Retrieving parent-POM: org.apache:apache::3 for project: org.apache.maven:maven-parent:pom:5-SNAPSHOT from the repository.
[DEBUG] maven-compiler-plugin: resolved to version 2.1-20070115.180214-6 from repository apache.snapshots
[DEBUG] maven-surefire-plugin: resolved to version 2.3-SNAPSHOT from repository central
[DEBUG] Skipping disabled repository central
[DEBUG] maven-surefire-plugin: resolved to version 2.3-20070114.205105-10 from repository apache.snapshots
[DEBUG] Retrieving parent-POM: org.apache.maven.surefire:surefire::2.3-SNAPSHOT for project: org.apache.maven.plugins:maven-surefire-plugin:maven-plugin:2.3-20070114.205105-10 from the repository.
[DEBUG] Skipping disabled repository central
[DEBUG] surefire: resolved to version 2.3-20070124.041233-4 from repository apache.snapshots
[DEBUG] Retrieving parent-POM: org.apache.maven:maven-parent::5-SNAPSHOT for project: org.apache.maven.surefire:surefire:pom:2.3-SNAPSHOT from the repository.
[DEBUG] maven-parent: resolved to version 5-20070127.114244-3 from repository apache.snapshots
[DEBUG] Retrieving parent-POM: org.apache:apache::3 for project: org.apache.maven:maven-parent:pom:5-SNAPSHOT from the repository.
[DEBUG] maven-jetty-plugin: resolved to version 6.1.0pre0 from repository central
[DEBUG] Retrieving parent-POM: org.mortbay.jetty:project::6.1.0pre0 for project: org.mortbay.jetty:maven-jetty-plugin:maven-plugin:6.1.0pre0 from the repository.
[DEBUG] maven-antrun-plugin: resolved to version 1.2-SNAPSHOT from repository central
[DEBUG] Skipping disabled repository central
[DEBUG] maven-antrun-plugin: resolved to version 1.2-20070213.203758-2 from repository apache.snapshots
[DEBUG] Retrieving parent-POM: org.apache.maven.plugins:maven-plugins::8-SNAPSHOT for project: null:maven-antrun-plugin:maven-plugin:1.2-SNAPSHOT from the repository.
[DEBUG] maven-plugins: resolved to version 8-20070127.114249-2 from repository apache.snapshots
[DEBUG] Retrieving parent-POM: org.apache.maven:maven-parent::5-SNAPSHOT for project: org.apache.maven.plugins:maven-plugins:pom:8-SNAPSHOT from the repository.
[DEBUG] maven-parent: resolved to version 5-20070127.114244-3 from repository apache.snapshots
[DEBUG] Retrieving parent-POM: org.apache:apache::3 for project: org.apache.maven:maven-parent:pom:5-SNAPSHOT from the repository.
[DEBUG] Retrieving parent-POM: org.apache.maven.plugins:maven-plugins::8-SNAPSHOT for project: null:maven-antrun-plugin:maven-plugin:1.2-SNAPSHOT from the repository.
[DEBUG] maven-plugins: resolved to version 8-20070127.114249-2 from repository apache.snapshots
[DEBUG] Retrieving parent-POM: org.apache.maven:maven-parent::5-SNAPSHOT for project: org.apache.maven.plugins:maven-plugins:pom:8-SNAPSHOT from the repository.
[DEBUG] maven-parent: resolved to version 5-20070127.114244-3 from repository apache.snapshots
[DEBUG] Retrieving parent-POM: org.apache:apache::3 for project: org.apache.maven:maven-parent:pom:5-SNAPSHOT from the repository.
[DEBUG] Retrieving parent-POM: org.apache.maven.plugins:maven-plugins::8-SNAPSHOT for project: null:maven-antrun-plugin:maven-plugin:1.2-SNAPSHOT from the repository.
[DEBUG] maven-plugins: resolved to version 8-20070127.114249-2 from repository apache.snapshots
[DEBUG] Retrieving parent-POM: org.apache.maven:maven-parent::5-SNAPSHOT for project: org.apache.maven.plugins:maven-plugins:pom:8-SNAPSHOT from the repository.
[DEBUG] maven-parent: resolved to version 5-20070127.114244-3 from repository apache.snapshots
[DEBUG] Retrieving parent-POM: org.apache:apache::3 for project: org.apache.maven:maven-parent:pom:5-SNAPSHOT from the repository.
[DEBUG] maven-war-plugin: resolved to version 2.0.2 from repository central
[DEBUG] Retrieving parent-POM: org.apache.maven.plugins:maven-plugins::7 for project: null:maven-war-plugin:maven-plugin:2.0.2 from the repository.
[DEBUG] Retrieving parent-POM: org.apache.maven:maven-plugin-surrogate-parent::5 for project: org.apache.maven.plugins:maven-plugins:pom:7 from the repository.
[DEBUG] Retrieving parent-POM: org.apache:apache::3 for project: org.apache.maven:maven-plugin-surrogate-parent:pom:5 from the repository.
[DEBUG] aspectj-maven-plugin: resolved to version 1.0-beta-2 from repository central
[DEBUG] Retrieving parent-POM: org.codehaus.mojo:mojo::12 for project: null:aspectj-maven-plugin:maven-plugin:1.0-beta-2 from the repository.
[DEBUG] org.apache.maven.plugins:maven-clean-plugin:maven-plugin:2.2-20061118.060301-1:runtime (selected for runtime)
[DEBUG] Retrieving parent-POM: org.codehaus.plexus:plexus::1.0.4 for project: null:plexus-utils:jar:1.1 from the repository.
[DEBUG]   org.codehaus.plexus:plexus-utils:jar:1.1:runtime (selected for runtime)
[DEBUG] Retrieving parent-POM: org.apache.maven:maven::2.0 for project: org.apache.maven:maven-plugin-api:jar:2.0 from the repository.
[DEBUG]   org.apache.maven:maven-plugin-api:jar:2.0:runtime (selected for runtime)
[DEBUG] Retrieving parent-POM: org.apache.maven.shared:shared-components-parent::1 for project: null:file-management:jar:1.0 from the repository.
[DEBUG]   org.apache.maven.shared:file-management:jar:1.0:runtime (selected for runtime)
[DEBUG]     org.codehaus.plexus:plexus-utils:jar:1.0.4:runtime (removed - nearer found: 1.1)
[DEBUG] Configuring mojo 'org.apache.maven.plugins:maven-clean-plugin:2.2-SNAPSHOT:clean' -->
[DEBUG]   (f) directory = /home/jf/workspace/channels/target
[DEBUG]   (f) followSymLinks = false
[DEBUG]   (f) outputDirectory = /home/jf/workspace/channels/target/classes
[DEBUG]   (f) reportDirectory = /home/jf/workspace/channels/target/site
[DEBUG]   (f) testOutputDirectory = /home/jf/workspace/channels/target/test-classes
[DEBUG]   (f) verbose = false
[DEBUG] -- end configuration --
[INFO] [clean:clean]
[INFO] Deleting directory /home/jf/workspace/channels/target
[DEBUG] Originally marked for delete: [classes/com/mindalliance/channels/util, test-classes/com/mindalliance, test-classes/com/mindalliance/channels/model/support, classes/com, test-classes/com, classes/com/mindalliance/channels, test-classes/com/mindalliance/channels, test-classes, classes/com/mindalliance/channels/rules, classes/com/mindalliance/channels/ui, test-classes/com/mindalliance/channels/model, classes/com/mindalliance/channels/model, surefire-reports, classes/com/mindalliance/channels/system, classes/com/mindalliance/channels/queries, classes, test-classes/com/mindalliance/channels/system, classes/com/mindalliance/channels/model/support, classes/com/mindalliance, test-classes/com/mindalliance/channels/util, ]
[DEBUG] Marked for preserve (with followSymlinks == false): []
[DEBUG] Symlinks marked for deletion (originally mismarked): []
[DEBUG] Originally marked for delete: [surefire-reports/com.mindalliance.channels.util.JavaBeanTest.txt, test-classes/com/mindalliance/channels/util/JavaBeanTest.class, classes/com/mindalliance/channels/queries/OGNLQueryEngine.class, classes/com/mindalliance/channels/model/TimePeriod.class, classes/com/mindalliance/channels/system/ParticipantType.class, classes/com/mindalliance/channels/model/ModelImpl.class, classes/com/mindalliance/channels/util/GUIDFactoryImpl$GuidImpl.class, classes/com/mindalliance/channels/package.html, classes/com/mindalliance/channels/model/InformationNeed$Criticality.class, test-classes/com/mindalliance/channels/model/TestModelObject.class, classes/com/mindalliance/channels/model/InformationAsset$DisseminationConstraint.class, classes/builddef.lst, test-classes/com/mindalliance/channels/util/TestObject.class, classes/com/mindalliance/channels/system/UserTypes.class, classes/com/mindalliance, classes/com/mindalliance/channels/model/Channel$Reliability.class, test-classes/com/mindalliance/channels/model/support, classes/com/mindalliance/channels/util/package.html, classes/log4j.properties, test-classes/com, classes/com/mindalliance/channels/system/package.html, classes/com/mindalliance/channels/rules/ToDo.class, test-classes/com/mindalliance/channels/model/support/SuggestionTest.class, classes/com/mindalliance/channels/model/Duration$Unit.class, test-classes/com/mindalliance/channels, classes/com/mindalliance/channels/model/support/Suggestion$Vote.class, classes/com/mindalliance/channels/model/InformationGain.class, classes/com/mindalliance/channels/model/Mission.class, classes/com/mindalliance/channels/model/Availability.class, classes/com/mindalliance/channels/model/support/ModelObjectDAO.class, classes/com/mindalliance/channels/model/Task.class, classes/com/mindalliance/channels/util, classes/com/mindalliance/channels/model/ContactInfo.class, classes/com/mindalliance/channels/rules/Alert.class, classes/com/mindalliance/channels/model/ModelObjectFactory.class, classes/com/mindalliance/channels/system/UserExistsException.class, classes/com/mindalliance/channels/model/InformationAsset$PrivacyConstraint$Constraint.class, classes/com/mindalliance/channels/model/Information$Source.class, surefire-reports/com.mindalliance.channels.system.UserImplTest.txt, test-classes/com/mindalliance/channels/system/SystemImplTest.class, classes/com/mindalliance/channels, classes/com/mindalliance/channels/rules/RulesEngine$1.class, test-classes, classes/com/mindalliance/channels/ui, classes/com/mindalliance/channels/model/Channel$Privacy.class, classes/com/mindalliance/channels/model/Outcome.class, classes/com/mindalliance/channels/model/Resource.class, classes/com/mindalliance/channels/system/UserImpl.class, surefire-reports/com.mindalliance.channels.system.SystemImplTest.txt, surefire-reports/TEST-com.mindalliance.channels.system.SystemImplTest.xml, classes/com/mindalliance/channels/rules/Flow.class, classes/com/mindalliance/channels/model/InformationNeed.class, classes/com/mindalliance/channels/model/support/ModelException.class, classes/com/mindalliance/channels/rules/package.html, classes/com/mindalliance/channels/model/Domain.class, classes/com/mindalliance/channels/model/ExchangeRequirement.class, classes/com/mindalliance/channels/model/support/package.html, classes/com/mindalliance/channels/queries/QueryEngine.class, classes/com/mindalliance/channels/rules/Exchange.class, classes/com/mindalliance/channels/system/SystemImpl$1.class, classes/com/mindalliance/channels/util/JavaBeans.class, classes/com/mindalliance/channels/model/Agent$Job.class, classes/com/mindalliance/channels/JavaBean.class, test-classes/com/mindalliance/channels/util/GUIDFactoryImplTest.class, classes/com/mindalliance/channels/model/Availability$Situation.class, classes/com/mindalliance/channels/model/Agent$Gender.class, surefire-reports/TEST-com.mindalliance.channels.system.UserImplTest.xml, classes/com/mindalliance/channels/model/Agent.class, classes/com/mindalliance/channels/model/InformationAsset.class, test-classes/com/mindalliance/channels/util/TestListener.class, classes/com/mindalliance/channels/util/GUID.class, classes/com/mindalliance/channels/model/Policy.class, surefire-reports/com.mindalliance.channels.util.GUIDFactoryImplTest.txt, classes/com/mindalliance/channels/model/Area.class, test-classes/builddef.lst, classes/com/mindalliance/channels/Model.class, classes/com/mindalliance/channels/model/Event.class, surefire-reports, classes/com/mindalliance/channels/model/support, classes/com/mindalliance/channels/model/Information.class, surefire-reports/com.mindalliance.channels.model.support.SuggestionTest.txt, classes/com/mindalliance/channels/model/InformationAsset$PrivacyConstraint.class, classes/com/mindalliance/channels/model/Duration.class, classes/com/mindalliance/channels/model/Agent$Role.class, classes/com/mindalliance/channels/system/ProjectImpl.class, classes/com, classes/com/mindalliance/channels/System.class, classes/com/mindalliance/channels/User.class, classes/com/mindalliance/channels/model/InformationAsset$SecrecyConstraint.class, classes/com/mindalliance/channels/model/Organization.class, classes/com/mindalliance/channels/model/AbstractModelObject.class, classes/com/mindalliance/channels/system/SystemImpl$2.class, test-classes/com/mindalliance/channels/model, classes, classes/com/mindalliance/channels/model/package.html, surefire-reports/TEST-com.mindalliance.channels.model.ModelObjectFactoryTest.xml, classes/com/mindalliance/channels/rules/issues.drl, classes/com/mindalliance/channels/util/GUIDFactory.class, classes/com/mindalliance/channels/model/Outcome$Impact.class, surefire-reports/TEST-com.mindalliance.channels.system.ProjectImplTest.xml, test-classes/com/mindalliance/channels/system/ProjectImplTest.class, test-classes/com/mindalliance, classes/com/mindalliance/channels/model/Agreement.class, surefire-reports/TEST-com.mindalliance.channels.util.JavaBeanTest.xml, classes/com/mindalliance/channels/util/AbstractJavaBean.class, classes/com/mindalliance/channels/rules/OwnershipManager.class, classes/com/mindalliance/channels/ui/MainRichlet.class, surefire-reports/TEST-com.mindalliance.channels.model.support.SuggestionTest.xml, classes/com/mindalliance/channels/model/Responsibility$Response.class, classes/com/mindalliance/channels/Project.class, test-classes/com/mindalliance/channels/system/UserImplTest.class, classes/com/mindalliance/channels/model/AbstractNamedObject.class, classes/com/mindalliance/channels/queries/package.html, classes/com/mindalliance/channels/queries, classes/com/mindalliance/channels/system, classes/com/mindalliance/channels/util/JavaBeans.aj, classes/com/mindalliance/channels/model/Environment.class, classes/com/mindalliance/channels/model/ContactInfo$DirectContactInfo.class, surefire-reports/com.mindalliance.channels.system.ProjectImplTest.txt, classes/com/mindalliance/channels/model/support/SuggestionManager.class, test-classes/com/mindalliance/channels/system/ProjectImplTest$1.class, classes/com/mindalliance/channels/model/Channel$Security.class, surefire-reports/TEST-com.mindalliance.channels.util.GUIDFactoryImplTest.xml, classes/com/mindalliance/channels/queries/QueryException.class, test-classes/com/mindalliance/channels/model/ModelObjectFactoryTest.class, classes/com/mindalliance/channels/rules/Gap.class, classes/com/mindalliance/channels/ui/MainRichlet$1.class, classes/com/mindalliance/channels/util/GUIDFactoryImpl.class, classes/com/mindalliance/channels/model/ContactInfo$Delay.class, classes/com/mindalliance/channels/system/SystemImpl.class, classes/com/mindalliance/channels/rules/RulesEngine.class, classes/com/mindalliance/channels/rules/AbstractAssertedObject.class, classes/com/mindalliance/channels/rules, classes/com/mindalliance/channels/model, classes/com/mindalliance/channels/model/Channel.class, classes/com/mindalliance/channels/model/InformationNeed$Delivery.class, test-classes/com/mindalliance/channels/system, classes/com/mindalliance/channels/model/support/Suggestion.class, classes/com/mindalliance/channels/model/Responsibility.class, surefire-reports/com.mindalliance.channels.model.ModelObjectFactoryTest.txt, , test-classes/com/mindalliance/channels/util]
[DEBUG] Marked for preserve (with followSymlinks == false): []
[DEBUG] Symlinks marked for deletion (originally mismarked): []
[DEBUG] Found deletable paths: [surefire-reports/com.mindalliance.channels.util.JavaBeanTest.txt
 test-classes/com/mindalliance/channels/util/JavaBeanTest.class
 classes/com/mindalliance/channels/queries/OGNLQueryEngine.class
 classes/com/mindalliance/channels/model/TimePeriod.class
 classes/com/mindalliance/channels/system/ParticipantType.class
 classes/com/mindalliance/channels/model/ModelImpl.class
 classes/com/mindalliance/channels/util/GUIDFactoryImpl$GuidImpl.class
 classes/com/mindalliance/channels/package.html
 classes/com/mindalliance/channels/model/InformationNeed$Criticality.class
 test-classes/com/mindalliance/channels/model/TestModelObject.class
 classes/com/mindalliance/channels/model/InformationAsset$DisseminationConstraint.class
 classes/builddef.lst
 test-classes/com/mindalliance/channels/util/TestObject.class
 classes/com/mindalliance/channels/system/UserTypes.class
 classes/com/mindalliance
 classes/com/mindalliance/channels/model/Channel$Reliability.class
 test-classes/com/mindalliance/channels/model/support
 classes/com/mindalliance/channels/util/package.html
 classes/log4j.properties
 test-classes/com
 classes/com/mindalliance/channels/system/package.html
 classes/com/mindalliance/channels/rules/ToDo.class
 test-classes/com/mindalliance/channels/model/support/SuggestionTest.class
 classes/com/mindalliance/channels/model/Duration$Unit.class
 test-classes/com/mindalliance/channels
 classes/com/mindalliance/channels/model/support/Suggestion$Vote.class
 classes/com/mindalliance/channels/model/InformationGain.class
 classes/com/mindalliance/channels/model/Mission.class
 classes/com/mindalliance/channels/model/Availability.class
 classes/com/mindalliance/channels/model/support/ModelObjectDAO.class
 classes/com/mindalliance/channels/model/Task.class
 classes/com/mindalliance/channels/util
 classes/com/mindalliance/channels/model/ContactInfo.class
 classes/com/mindalliance/channels/rules/Alert.class
 classes/com/mindalliance/channels/model/ModelObjectFactory.class
 classes/com/mindalliance/channels/system/UserExistsException.class
 classes/com/mindalliance/channels/model/InformationAsset$PrivacyConstraint$Constraint.class
 classes/com/mindalliance/channels/model/Information$Source.class
 surefire-reports/com.mindalliance.channels.system.UserImplTest.txt
 test-classes/com/mindalliance/channels/system/SystemImplTest.class
 classes/com/mindalliance/channels
 classes/com/mindalliance/channels/rules/RulesEngine$1.class
 test-classes
 classes/com/mindalliance/channels/ui
 classes/com/mindalliance/channels/model/Channel$Privacy.class
 classes/com/mindalliance/channels/model/Outcome.class
 classes/com/mindalliance/channels/model/Resource.class
 classes/com/mindalliance/channels/system/UserImpl.class
 surefire-reports/com.mindalliance.channels.system.SystemImplTest.txt
 surefire-reports/TEST-com.mindalliance.channels.system.SystemImplTest.xml
 classes/com/mindalliance/channels/rules/Flow.class
 classes/com/mindalliance/channels/model/InformationNeed.class
 classes/com/mindalliance/channels/model/support/ModelException.class
 classes/com/mindalliance/channels/rules/package.html
 classes/com/mindalliance/channels/model/Domain.class
 classes/com/mindalliance/channels/model/ExchangeRequirement.class
 classes/com/mindalliance/channels/model/support/package.html
 classes/com/mindalliance/channels/queries/QueryEngine.class
 classes/com/mindalliance/channels/rules/Exchange.class
 classes/com/mindalliance/channels/system/SystemImpl$1.class
 classes/com/mindalliance/channels/util/JavaBeans.class
 classes/com/mindalliance/channels/model/Agent$Job.class
 classes/com/mindalliance/channels/JavaBean.class
 test-classes/com/mindalliance/channels/util/GUIDFactoryImplTest.class
 classes/com/mindalliance/channels/model/Availability$Situation.class
 classes/com/mindalliance/channels/model/Agent$Gender.class
 surefire-reports/TEST-com.mindalliance.channels.system.UserImplTest.xml
 classes/com/mindalliance/channels/model/Agent.class
 classes/com/mindalliance/channels/model/InformationAsset.class
 test-classes/com/mindalliance/channels/util/TestListener.class
 classes/com/mindalliance/channels/util/GUID.class
 classes/com/mindalliance/channels/model/Policy.class
 surefire-reports/com.mindalliance.channels.util.GUIDFactoryImplTest.txt
 classes/com/mindalliance/channels/model/Area.class
 test-classes/builddef.lst
 classes/com/mindalliance/channels/Model.class
 classes/com/mindalliance/channels/model/Event.class
 surefire-reports
 classes/com/mindalliance/channels/model/support
 classes/com/mindalliance/channels/model/Information.class
 surefire-reports/com.mindalliance.channels.model.support.SuggestionTest.txt
 classes/com/mindalliance/channels/model/InformationAsset$PrivacyConstraint.class
 classes/com/mindalliance/channels/model/Duration.class
 classes/com/mindalliance/channels/model/Agent$Role.class
 classes/com/mindalliance/channels/system/ProjectImpl.class
 classes/com
 classes/com/mindalliance/channels/System.class
 classes/com/mindalliance/channels/User.class
 classes/com/mindalliance/channels/model/InformationAsset$SecrecyConstraint.class
 classes/com/mindalliance/channels/model/Organization.class
 classes/com/mindalliance/channels/model/AbstractModelObject.class
 classes/com/mindalliance/channels/system/SystemImpl$2.class
 test-classes/com/mindalliance/channels/model
 classes
 classes/com/mindalliance/channels/model/package.html
 surefire-reports/TEST-com.mindalliance.channels.model.ModelObjectFactoryTest.xml
 classes/com/mindalliance/channels/rules/issues.drl
 classes/com/mindalliance/channels/util/GUIDFactory.class
 classes/com/mindalliance/channels/model/Outcome$Impact.class
 surefire-reports/TEST-com.mindalliance.channels.system.ProjectImplTest.xml
 test-classes/com/mindalliance/channels/system/ProjectImplTest.class
 test-classes/com/mindalliance
 classes/com/mindalliance/channels/model/Agreement.class
 surefire-reports/TEST-com.mindalliance.channels.util.JavaBeanTest.xml
 classes/com/mindalliance/channels/util/AbstractJavaBean.class
 classes/com/mindalliance/channels/rules/OwnershipManager.class
 classes/com/mindalliance/channels/ui/MainRichlet.class
 surefire-reports/TEST-com.mindalliance.channels.model.support.SuggestionTest.xml
 classes/com/mindalliance/channels/model/Responsibility$Response.class
 classes/com/mindalliance/channels/Project.class
 test-classes/com/mindalliance/channels/system/UserImplTest.class
 classes/com/mindalliance/channels/model/AbstractNamedObject.class
 classes/com/mindalliance/channels/queries/package.html
 classes/com/mindalliance/channels/queries
 classes/com/mindalliance/channels/system
 classes/com/mindalliance/channels/util/JavaBeans.aj
 classes/com/mindalliance/channels/model/Environment.class
 classes/com/mindalliance/channels/model/ContactInfo$DirectContactInfo.class
 surefire-reports/com.mindalliance.channels.system.ProjectImplTest.txt
 classes/com/mindalliance/channels/model/support/SuggestionManager.class
 test-classes/com/mindalliance/channels/system/ProjectImplTest$1.class
 classes/com/mindalliance/channels/model/Channel$Security.class
 surefire-reports/TEST-com.mindalliance.channels.util.GUIDFactoryImplTest.xml
 classes/com/mindalliance/channels/queries/QueryException.class
 test-classes/com/mindalliance/channels/model/ModelObjectFactoryTest.class
 classes/com/mindalliance/channels/rules/Gap.class
 classes/com/mindalliance/channels/ui/MainRichlet$1.class
 classes/com/mindalliance/channels/util/GUIDFactoryImpl.class
 classes/com/mindalliance/channels/model/ContactInfo$Delay.class
 classes/com/mindalliance/channels/system/SystemImpl.class
 classes/com/mindalliance/channels/rules/RulesEngine.class
 classes/com/mindalliance/channels/rules/AbstractAssertedObject.class
 classes/com/mindalliance/channels/rules
 classes/com/mindalliance/channels/model
 classes/com/mindalliance/channels/model/Channel.class
 classes/com/mindalliance/channels/model/InformationNeed$Delivery.class
 test-classes/com/mindalliance/channels/system
 classes/com/mindalliance/channels/model/support/Suggestion.class
 classes/com/mindalliance/channels/model/Responsibility.class
 surefire-reports/com.mindalliance.channels.model.ModelObjectFactoryTest.txt
 
 test-classes/com/mindalliance/channels/util]
[DEBUG] Checking for symlink:
Parent file's canonical path: /home/jf/workspace/channels/target/classes/com
My canonical path: /home/jf/workspace/channels/target/classes/com/mindalliance
[DEBUG] Checking for symlink:
Parent file's canonical path: /home/jf/workspace/channels/target/classes/com/mindalliance
My canonical path: /home/jf/workspace/channels/target/classes/com/mindalliance/channels
[DEBUG] Checking for symlink:
Parent file's canonical path: /home/jf/workspace/channels/target/classes/com/mindalliance/channels
My canonical path: /home/jf/workspace/channels/target/classes/com/mindalliance/channels/ui
[DEBUG] Checking for symlink:
Parent file's canonical path: /home/jf/workspace/channels/target/classes/com/mindalliance/channels
My canonical path: /home/jf/workspace/channels/target/classes/com/mindalliance/channels/util
[DEBUG] Checking for symlink:
Parent file's canonical path: /home/jf/workspace/channels/target/classes/com/mindalliance/channels
My canonical path: /home/jf/workspace/channels/target/classes/com/mindalliance/channels/model
[DEBUG] Checking for symlink:
Parent file's canonical path: /home/jf/workspace/channels/target/classes/com/mindalliance/channels/model
My canonical path: /home/jf/workspace/channels/target/classes/com/mindalliance/channels/model/support
[DEBUG] Checking for symlink:
Parent file's canonical path: /home/jf/workspace/channels/target/classes/com/mindalliance/channels
My canonical path: /home/jf/workspace/channels/target/classes/com/mindalliance/channels/rules
[DEBUG] Checking for symlink:
Parent file's canonical path: /home/jf/workspace/channels/target/classes/com/mindalliance/channels
My canonical path: /home/jf/workspace/channels/target/classes/com/mindalliance/channels/queries
[DEBUG] Checking for symlink:
Parent file's canonical path: /home/jf/workspace/channels/target/classes/com/mindalliance/channels
My canonical path: /home/jf/workspace/channels/target/classes/com/mindalliance/channels/system
[DEBUG] Checking for symlink:
Parent file's canonical path: /home/jf/workspace/channels/target/test-classes/com/mindalliance/channels/model
My canonical path: /home/jf/workspace/channels/target/test-classes/com/mindalliance/channels/model/support
[DEBUG] Checking for symlink:
Parent file's canonical path: /home/jf/workspace/channels/target/test-classes
My canonical path: /home/jf/workspace/channels/target/test-classes/com
[DEBUG] Checking for symlink:
Parent file's canonical path: /home/jf/workspace/channels/target/test-classes/com
My canonical path: /home/jf/workspace/channels/target/test-classes/com/mindalliance
[DEBUG] Checking for symlink:
Parent file's canonical path: /home/jf/workspace/channels/target/test-classes/com/mindalliance
My canonical path: /home/jf/workspace/channels/target/test-classes/com/mindalliance/channels
[DEBUG] Checking for symlink:
Parent file's canonical path: /home/jf/workspace/channels/target/test-classes/com/mindalliance/channels
My canonical path: /home/jf/workspace/channels/target/test-classes/com/mindalliance/channels/util
[DEBUG] Checking for symlink:
Parent file's canonical path: /home/jf/workspace/channels/target/test-classes/com/mindalliance/channels
My canonical path: /home/jf/workspace/channels/target/test-classes/com/mindalliance/channels/model
[DEBUG] Checking for symlink:
Parent file's canonical path: /home/jf/workspace/channels/target/test-classes/com/mindalliance/channels
My canonical path: /home/jf/workspace/channels/target/test-classes/com/mindalliance/channels/system
[DEBUG] Checking for symlink:
Parent file's canonical path: /home/jf/workspace/channels/target
My canonical path: /home/jf/workspace/channels/target/test-classes
[DEBUG] Checking for symlink:
Parent file's canonical path: /home/jf/workspace/channels/target
My canonical path: /home/jf/workspace/channels/target/surefire-reports
[DEBUG] Checking for symlink:
Parent file's canonical path: /home/jf/workspace/channels/target/classes
My canonical path: /home/jf/workspace/channels/target/classes/com
[DEBUG] Checking for symlink:
Parent file's canonical path: /home/jf/workspace/channels/target
My canonical path: /home/jf/workspace/channels/target/classes
[DEBUG] Checking for symlink:
Parent file's canonical path: /home/jf/workspace/channels
My canonical path: /home/jf/workspace/channels/target
[INFO] Deleting directory /home/jf/workspace/channels/target/classes
[DEBUG] Found deletable paths: []
[INFO] Deleting directory /home/jf/workspace/channels/target/test-classes
[DEBUG] Found deletable paths: []
[INFO] Deleting directory /home/jf/workspace/channels/target/site
[DEBUG] Found deletable paths: []
[DEBUG] maven-resources-plugin: resolved to version 2.3-SNAPSHOT from repository central
[DEBUG] Skipping disabled repository central
[DEBUG] maven-resources-plugin: resolved to version 2.3-20061118.060205-2 from repository apache.snapshots
[DEBUG] Retrieving parent-POM: org.apache.maven.plugins:maven-plugins::4-SNAPSHOT for project: null:maven-resources-plugin:maven-plugin:2.3-20061118.060205-2 from the repository.
[DEBUG] maven-plugins: resolved to version 4-20061029.113029-2 from repository apache.snapshots
[DEBUG] Retrieving parent-POM: org.apache.maven:maven-parent::4 for project: org.apache.maven.plugins:maven-plugins:pom:4-SNAPSHOT from the repository.
[DEBUG] Retrieving parent-POM: org.apache:apache::3 for project: org.apache.maven:maven-parent:pom:4 from the repository.
[DEBUG] maven-compiler-plugin: resolved to version 2.1-20070115.180214-6 from repository apache.snapshots
[DEBUG] Retrieving parent-POM: org.apache.maven.plugins:maven-plugins::8-SNAPSHOT for project: null:maven-compiler-plugin:maven-plugin:2.1-20070115.180214-6 from the repository.
[DEBUG] maven-plugins: resolved to version 8-20070127.114249-2 from repository apache.snapshots
[DEBUG] Retrieving parent-POM: org.apache.maven:maven-parent::5-SNAPSHOT for project: org.apache.maven.plugins:maven-plugins:pom:8-SNAPSHOT from the repository.
[DEBUG] maven-parent: resolved to version 5-20070127.114244-3 from repository apache.snapshots
[DEBUG] Retrieving parent-POM: org.apache:apache::3 for project: org.apache.maven:maven-parent:pom:5-SNAPSHOT from the repository.
[DEBUG] maven-compiler-plugin: resolved to version 2.1-20070115.180214-6 from repository apache.snapshots
[DEBUG] maven-compiler-plugin: resolved to version 2.1-20070115.180214-6 from repository apache.snapshots
[DEBUG] Retrieving parent-POM: org.apache.maven.plugins:maven-plugins::8-SNAPSHOT for project: null:maven-compiler-plugin:maven-plugin:2.1-20070115.180214-6 from the repository.
[DEBUG] maven-plugins: resolved to version 8-20070127.114249-2 from repository apache.snapshots
[DEBUG] Retrieving parent-POM: org.apache.maven:maven-parent::5-SNAPSHOT for project: org.apache.maven.plugins:maven-plugins:pom:8-SNAPSHOT from the repository.
[DEBUG] maven-parent: resolved to version 5-20070127.114244-3 from repository apache.snapshots
[DEBUG] Retrieving parent-POM: org.apache:apache::3 for project: org.apache.maven:maven-parent:pom:5-SNAPSHOT from the repository.
[DEBUG] maven-compiler-plugin: resolved to version 2.1-20070115.180214-6 from repository apache.snapshots
[DEBUG] maven-compiler-plugin: resolved to version 2.1-20070115.180214-6 from repository apache.snapshots
[DEBUG] Retrieving parent-POM: org.apache.maven.plugins:maven-plugins::8-SNAPSHOT for project: null:maven-compiler-plugin:maven-plugin:2.1-20070115.180214-6 from the repository.
[DEBUG] maven-plugins: resolved to version 8-20070127.114249-2 from repository apache.snapshots
[DEBUG] Retrieving parent-POM: org.apache.maven:maven-parent::5-SNAPSHOT for project: org.apache.maven.plugins:maven-plugins:pom:8-SNAPSHOT from the repository.
[DEBUG] maven-parent: resolved to version 5-20070127.114244-3 from repository apache.snapshots
[DEBUG] Retrieving parent-POM: org.apache:apache::3 for project: org.apache.maven:maven-parent:pom:5-SNAPSHOT from the repository.
[DEBUG] maven-compiler-plugin: resolved to version 2.1-20070115.180214-6 from repository apache.snapshots
[DEBUG] Retrieving parent-POM: org.apache.maven.plugins:maven-plugins::8-SNAPSHOT for project: null:maven-antrun-plugin:maven-plugin:1.2-SNAPSHOT from the repository.
[DEBUG] maven-plugins: resolved to version 8-20070127.114249-2 from repository apache.snapshots
[DEBUG] Retrieving parent-POM: org.apache.maven:maven-parent::5-SNAPSHOT for project: org.apache.maven.plugins:maven-plugins:pom:8-SNAPSHOT from the repository.
[DEBUG] maven-parent: resolved to version 5-20070127.114244-3 from repository apache.snapshots
[DEBUG] Retrieving parent-POM: org.apache:apache::3 for project: org.apache.maven:maven-parent:pom:5-SNAPSHOT from the repository.
[DEBUG] com.mindalliance.channels:channels:war:1.0-SNAPSHOT (selected for null)
[DEBUG]   json-lib:json-lib:jar:1.0b2-jdk15:compile (selected for compile)
[DEBUG]     commons-logging:commons-logging:jar:1.1:compile (selected for compile)
[DEBUG]       avalon-framework:avalon-framework:jar:4.1.3:compile (selected for compile)
[DEBUG]       javax.servlet:servlet-api:jar:2.3:compile (selected for compile)
[DEBUG]       logkit:logkit:jar:1.0.1:compile (selected for compile)
[DEBUG]       log4j:log4j:jar:1.2.12:compile (selected for compile)
[DEBUG]     net.sf.ezmorph:ezmorph:jar:1.0:compile (selected for compile)
[DEBUG]       junit:junit:jar:3.8.1:compile (selected for compile)
[DEBUG]       commons-lang:commons-lang:jar:2.2:compile (selected for compile)
[DEBUG]     commons-lang:commons-lang:jar:2.2:compile (selected for compile)
[DEBUG]     commons-beanutils:commons-beanutils:jar:1.7.0:compile (selected for compile)
[DEBUG]       commons-logging:commons-logging:jar:1.0.3:compile (removed - nearer found: 1.1)
[DEBUG]   commons-codec:commons-codec:jar:1.3:compile (selected for compile)
[DEBUG] Retrieving parent-POM: org.acegisecurity:acegi-security-parent::1.0.3 for project: null:acegi-security-tiger:jar:1.0.3 from the repository.
[DEBUG]   org.acegisecurity:acegi-security-tiger:jar:1.0.3:compile (selected for compile)
[DEBUG] Retrieving parent-POM: org.springframework:spring-parent::1.2.7 for project: null:spring-aop:jar:1.2.7 from the repository.
[DEBUG]     org.springframework:spring-aop:jar:1.2.7:compile (selected for compile)
[DEBUG] Retrieving parent-POM: org.springframework:spring-parent::1.2.7 for project: null:spring-beans:jar:1.2.7 from the repository.
[DEBUG]       org.springframework:spring-beans:jar:1.2.7:compile (selected for compile)
[DEBUG] Retrieving parent-POM: org.springframework:spring-parent::1.2.7 for project: null:spring-core:jar:1.2.7 from the repository.
[DEBUG]         org.springframework:spring-core:jar:1.2.7:compile (selected for compile)
[DEBUG]           commons-collections:commons-collections:jar:3.1:compile (selected for compile)
[DEBUG]           commons-logging:commons-logging:jar:1.0.4:compile (removed - nearer found: 1.1)
[DEBUG]         commons-logging:commons-logging:jar:1.0.4:compile (removed - nearer found: 1.1)
[DEBUG] Retrieving parent-POM: org.acegisecurity:acegi-security-parent::1.0.3 for project: null:acegi-security:jar:1.0.3 from the repository.
[DEBUG]     org.acegisecurity:acegi-security:jar:1.0.3:compile (selected for compile)
[DEBUG] Retrieving parent-POM: org.springframework:spring-parent::1.2.8 for project: null:spring-support:jar:1.2.8 from the repository.
[DEBUG]       org.springframework:spring-support:jar:1.2.8:runtime (selected for runtime)
[DEBUG]       commons-logging:commons-logging:jar:1.0.4:compile (removed - nearer found: 1.1)
[DEBUG]       log4j:log4j:jar:1.2.9:runtime (removed - nearer found: 1.2.12)
[DEBUG]       commons-lang:commons-lang:jar:2.1:compile (removed - nearer found: 2.2)
[DEBUG]       commons-collections:commons-collections:jar:3.1:compile (selected for compile)
[DEBUG] Retrieving parent-POM: org.springframework:spring-parent::1.2.8 for project: null:spring-remoting:jar:1.2.8 from the repository.
[DEBUG]       org.springframework:spring-remoting:jar:1.2.8:compile (selected for compile)
[DEBUG] Retrieving parent-POM: org.springframework:spring-parent::1.2.8 for project: null:spring-webmvc:jar:1.2.8 from the repository.
[DEBUG]         org.springframework:spring-webmvc:jar:1.2.8:compile (selected for compile)
[DEBUG] Retrieving parent-POM: org.springframework:spring-parent::1.2.8 for project: null:spring-web:jar:1.2.8 from the repository.
[DEBUG]           org.springframework:spring-web:jar:1.2.8:compile (selected for compile)
[DEBUG] Retrieving parent-POM: org.springframework:spring-parent::1.2.8 for project: null:spring-context:jar:1.2.8 from the repository.
[DEBUG]             org.springframework:spring-context:jar:1.2.8:compile (selected for compile)
[DEBUG] Retrieving parent-POM: org.springframework:spring-parent::1.2.8 for project: null:spring-aop:jar:1.2.8 from the repository.
[DEBUG]               org.springframework:spring-aop:jar:1.2.8:compile (removed - nearer found: 1.2.7)
[DEBUG] Retrieving parent-POM: org.springframework:spring-parent::1.2.8 for project: null:spring-dao:jar:1.2.8 from the repository.
[DEBUG]         org.springframework:spring-dao:jar:1.2.8:compile (selected for compile)
[DEBUG]           org.springframework:spring-context:jar:1.2.8:compile (selected for compile)
[DEBUG]             org.springframework:spring-aop:jar:1.2.8:compile (removed - nearer found: 1.2.7)
[DEBUG]       oro:oro:jar:2.0.8:compile (selected for compile)
[DEBUG] Retrieving parent-POM: org.springframework:spring-parent::1.2.8 for project: null:spring-jdbc:jar:1.2.8 from the repository.
[DEBUG]       org.springframework:spring-jdbc:jar:1.2.8:compile (selected for compile)
[DEBUG] Retrieving parent-POM: org.springframework:spring-parent::1.2.8 for project: null:spring-beans:jar:1.2.8 from the repository.
[DEBUG]         org.springframework:spring-beans:jar:1.2.8:compile (removed - nearer found: 1.2.7)
[DEBUG]   zk:zk:jar:2.2.1:compile (selected for compile)
[DEBUG] Trying repository mindalliance
Downloading: http://ranger.homelinux.net/maven/zk/poms/zhtml-2.2.1.pom
[WARNING] Unable to get resource from repository mindalliance (http://ranger.homelinux.net/maven)
[DEBUG] Trying repository central
Downloading: http://repo1.maven.org/maven2/zk/zhtml/2.2.1/zhtml-2.2.1.pom
[WARNING] Unable to get resource from repository central (http://repo1.maven.org/maven2)
[DEBUG] Artifact not found - using stub model: Unable to download the artifact from any repository

  zk:zhtml:pom:2.2.1

from the specified remote repositories:
  central (http://repo1.maven.org/maven2),
  mindalliance (http://ranger.homelinux.net/maven)

[DEBUG] Using defaults for missing POM zk:zhtml:pom:2.2.1:compile
[DEBUG]     zk:zhtml:jar:2.2.1:compile (selected for compile)
[DEBUG] Trying repository mindalliance
Downloading: http://ranger.homelinux.net/maven/zk/poms/zul-2.2.1.pom
[WARNING] Unable to get resource from repository mindalliance (http://ranger.homelinux.net/maven)
[DEBUG] Trying repository central
Downloading: http://repo1.maven.org/maven2/zk/zul/2.2.1/zul-2.2.1.pom
[WARNING] Unable to get resource from repository central (http://repo1.maven.org/maven2)
[DEBUG] Artifact not found - using stub model: Unable to download the artifact from any repository

  zk:zul:pom:2.2.1

from the specified remote repositories:
  central (http://repo1.maven.org/maven2),
  mindalliance (http://ranger.homelinux.net/maven)

[DEBUG] Using defaults for missing POM zk:zul:pom:2.2.1:compile
[DEBUG]     zk:zul:jar:2.2.1:compile (selected for compile)
[DEBUG]     commons-fileupload:commons-fileupload:jar:1.1:compile (selected for compile)
[DEBUG]       commons-io:commons-io:jar:1.1:compile (selected for compile)
[DEBUG] Trying repository mindalliance
Downloading: http://ranger.homelinux.net/maven/zk/poms/gmapsz-2.2.1.pom
[WARNING] Unable to get resource from repository mindalliance (http://ranger.homelinux.net/maven)
[DEBUG] Trying repository central
Downloading: http://repo1.maven.org/maven2/zk/gmapsz/2.2.1/gmapsz-2.2.1.pom
[WARNING] Unable to get resource from repository central (http://repo1.maven.org/maven2)
[DEBUG] Artifact not found - using stub model: Unable to download the artifact from any repository

  zk:gmapsz:pom:2.2.1

from the specified remote repositories:
  central (http://repo1.maven.org/maven2),
  mindalliance (http://ranger.homelinux.net/maven)

[DEBUG] Using defaults for missing POM zk:gmapsz:pom:2.2.1:compile
[DEBUG]     zk:gmapsz:jar:2.2.1:compile (selected for compile)
[DEBUG] Trying repository mindalliance
Downloading: http://ranger.homelinux.net/maven/zk/poms/fckez-2.2.1.pom
[WARNING] Unable to get resource from repository mindalliance (http://ranger.homelinux.net/maven)
[DEBUG] Trying repository central
Downloading: http://repo1.maven.org/maven2/zk/fckez/2.2.1/fckez-2.2.1.pom
[WARNING] Unable to get resource from repository central (http://repo1.maven.org/maven2)
[DEBUG] Artifact not found - using stub model: Unable to download the artifact from any repository

  zk:fckez:pom:2.2.1

from the specified remote repositories:
  central (http://repo1.maven.org/maven2),
  mindalliance (http://ranger.homelinux.net/maven)

[DEBUG] Using defaults for missing POM zk:fckez:pom:2.2.1:compile
[DEBUG]     zk:fckez:jar:2.2.1:compile (selected for compile)
[DEBUG] Trying repository mindalliance
Downloading: http://ranger.homelinux.net/maven/zk/poms/zcommon-2.2.1.pom
[WARNING] Unable to get resource from repository mindalliance (http://ranger.homelinux.net/maven)
[DEBUG] Trying repository central
Downloading: http://repo1.maven.org/maven2/zk/zcommon/2.2.1/zcommon-2.2.1.pom
[WARNING] Unable to get resource from repository central (http://repo1.maven.org/maven2)
[DEBUG] Artifact not found - using stub model: Unable to download the artifact from any repository

  zk:zcommon:pom:2.2.1

from the specified remote repositories:
  central (http://repo1.maven.org/maven2),
  mindalliance (http://ranger.homelinux.net/maven)

[DEBUG] Using defaults for missing POM zk:zcommon:pom:2.2.1:compile
[DEBUG]     zk:zcommon:jar:2.2.1:compile (selected for compile)
[DEBUG] Trying repository mindalliance
Downloading: http://ranger.homelinux.net/maven/zk/poms/dojoz-2.2.1.pom
[WARNING] Unable to get resource from repository mindalliance (http://ranger.homelinux.net/maven)
[DEBUG] Trying repository central
Downloading: http://repo1.maven.org/maven2/zk/dojoz/2.2.1/dojoz-2.2.1.pom
[WARNING] Unable to get resource from repository central (http://repo1.maven.org/maven2)
[DEBUG] Artifact not found - using stub model: Unable to download the artifact from any repository

  zk:dojoz:pom:2.2.1

from the specified remote repositories:
  central (http://repo1.maven.org/maven2),
  mindalliance (http://ranger.homelinux.net/maven)

[DEBUG] Using defaults for missing POM zk:dojoz:pom:2.2.1:compile
[DEBUG]     zk:dojoz:jar:2.2.1:compile (selected for compile)
[DEBUG] While downloading jfreechart:jfreechart:1.0.0
  This artifact has been relocated to jfree:jfreechart:1.0.0.


[DEBUG]     jfree:jfreechart:jar:1.0.0:compile (selected for compile)
[DEBUG]       junit:junit:jar:3.8:compile (removed - nearer found: 3.8.1)
[DEBUG]       jfree:jcommon:jar:1.0.0:compile (selected for compile)
[DEBUG]         junit:junit:jar:3.8:compile (removed - nearer found: 3.8.1)
[DEBUG] Trying repository mindalliance
Downloading: http://ranger.homelinux.net/maven/zk/poms/zweb-2.2.1.pom
[WARNING] Unable to get resource from repository mindalliance (http://ranger.homelinux.net/maven)
[DEBUG] Trying repository central
Downloading: http://repo1.maven.org/maven2/zk/zweb/2.2.1/zweb-2.2.1.pom
[WARNING] Unable to get resource from repository central (http://repo1.maven.org/maven2)
[DEBUG] Artifact not found - using stub model: Unable to download the artifact from any repository

  zk:zweb:pom:2.2.1

from the specified remote repositories:
  central (http://repo1.maven.org/maven2),
  mindalliance (http://ranger.homelinux.net/maven)

[DEBUG] Using defaults for missing POM zk:zweb:pom:2.2.1:compile
[DEBUG]     zk:zweb:jar:2.2.1:compile (selected for compile)
[DEBUG] Trying repository mindalliance
Downloading: http://ranger.homelinux.net/maven/zk/poms/zkplus-2.2.1.pom
[WARNING] Unable to get resource from repository mindalliance (http://ranger.homelinux.net/maven)
[DEBUG] Trying repository central
Downloading: http://repo1.maven.org/maven2/zk/zkplus/2.2.1/zkplus-2.2.1.pom
[WARNING] Unable to get resource from repository central (http://repo1.maven.org/maven2)
[DEBUG] Artifact not found - using stub model: Unable to download the artifact from any repository

  zk:zkplus:pom:2.2.1

from the specified remote repositories:
  central (http://repo1.maven.org/maven2),
  mindalliance (http://ranger.homelinux.net/maven)

[DEBUG] Using defaults for missing POM zk:zkplus:pom:2.2.1:compile
[DEBUG]     zk:zkplus:jar:2.2.1:compile (selected for compile)
[DEBUG]     commons-el:commons-el:jar:1.0:compile (selected for compile)
[DEBUG]       commons-logging:commons-logging:jar:1.0.3:compile (removed - nearer found: 1.1)
[DEBUG]     commons-io:commons-io:jar:1.1:compile (removed - nearer found: 1.2)
[DEBUG]     commons-io:commons-io:jar:1.2:compile (selected for compile)
[DEBUG]     bsh:bsh:jar:2.0b1:compile (selected for compile)
[DEBUG] Retrieving parent-POM: org.apache.maven:maven::2.0.4 for project: org.apache.maven:maven-artifact-manager:jar:2.0.4 from the repository.
[DEBUG]   org.apache.maven:maven-artifact-manager:jar:2.0.4:compile (selected for compile)
[DEBUG]     org.codehaus.plexus:plexus-utils:jar:1.1:compile (selected for compile)
[DEBUG] Retrieving parent-POM: org.apache.maven:maven::2.0.4 for project: org.apache.maven:maven-artifact:jar:2.0.4 from the repository.
[DEBUG]     org.apache.maven:maven-artifact:jar:2.0.4:compile (selected for compile)
[DEBUG] Retrieving parent-POM: org.codehaus.plexus:plexus-containers::1.0.3 for project: null:plexus-container-default:jar:1.0-alpha-9 from the repository.
[DEBUG] Retrieving parent-POM: org.codehaus.plexus:plexus::1.0.4 for project: org.codehaus.plexus:plexus-containers:pom:1.0.3 from the repository.
[DEBUG]     org.codehaus.plexus:plexus-container-default:jar:1.0-alpha-9:compile (selected for compile)
[DEBUG]       org.codehaus.plexus:plexus-utils:jar:1.0.4:compile (removed - nearer found: 1.1)
[DEBUG]       classworlds:classworlds:jar:1.1-alpha-2:compile (selected for compile)
[DEBUG] Retrieving parent-POM: org.apache.maven.wagon:wagon::1.0-alpha-6 for project: null:wagon-provider-api:jar:1.0-alpha-6 from the repository.
[DEBUG]     org.apache.maven.wagon:wagon-provider-api:jar:1.0-alpha-6:compile (selected for compile)
[DEBUG]       org.codehaus.plexus:plexus-utils:jar:1.0.4:compile (removed - nearer found: 1.1)
[DEBUG] Retrieving parent-POM: org.apache.maven:maven::2.0.4 for project: org.apache.maven:maven-repository-metadata:jar:2.0.4 from the repository.
[DEBUG]     org.apache.maven:maven-repository-metadata:jar:2.0.4:compile (selected for compile)
[DEBUG]   commons-logging:commons-logging:jar:1.1:compile (removed - nearer found: 1.0.4)
[DEBUG]   commons-logging:commons-logging:jar:1.0.4:compile (selected for compile)
[DEBUG]   org.ho.jyaml:jyaml-lib:jar:1.0-beta-3:compile (selected for compile)
[DEBUG]   drools:drools-core:jar:3.0.5:compile (selected for compile)
[DEBUG]   aspectj:aspectjrt:jar:1.5.2:compile (selected for compile)
[DEBUG]   drools:drools-compiler:jar:3.0.5:compile (selected for compile)
[DEBUG] Retrieving parent-POM: org.springframework:spring-parent::2.0-m4 for project: null:spring-dao:jar:2.0-m4 from the repository.
[DEBUG]   org.springframework:spring-dao:jar:1.2.8:compile (removed - nearer found: 2.0-m4)
[DEBUG]   org.springframework:spring-dao:jar:2.0-m4:compile (selected for compile)
[DEBUG]     javax.transaction:jta:jar:1.0.1B:compile (selected for compile)
[DEBUG] Retrieving parent-POM: org.springframework:spring-parent::2.0-m4 for project: null:spring-context:jar:2.0-m4 from the repository.
[DEBUG]     org.springframework:spring-context:jar:2.0-m4:compile (selected for compile)
[DEBUG] Retrieving parent-POM: org.springframework:spring-parent::2.0-m4 for project: null:spring-aop:jar:2.0-m4 from the repository.
[DEBUG]       org.springframework:spring-aop:jar:2.0-m4:compile (removed - nearer found: 1.2.7)
[DEBUG]   commons-collections:commons-collections:jar:3.1:compile (selected for compile)
[DEBUG] Trying repository mindalliance
Downloading: http://ranger.homelinux.net/maven/org.springframework/poms/spring-web-2.0-m4.pom
[WARNING] Unable to get resource from repository mindalliance (http://ranger.homelinux.net/maven)
[DEBUG] Trying repository central
Downloading: http://repo1.maven.org/maven2/org/springframework/spring-web/2.0-m4/spring-web-2.0-m4.pom
[WARNING] Unable to get resource from repository central (http://repo1.maven.org/maven2)
[DEBUG] Artifact not found - using stub model: Unable to download the artifact from any repository

  org.springframework:spring-web:pom:2.0-m4

from the specified remote repositories:
  central (http://repo1.maven.org/maven2),
  mindalliance (http://ranger.homelinux.net/maven)

[DEBUG] Using defaults for missing POM org.springframework:spring-web:pom:2.0-m4:compile
[DEBUG]   org.springframework:spring-web:jar:1.2.8:compile (removed - nearer found: 2.0-m4)
[DEBUG]   org.springframework:spring-web:jar:2.0-m4:compile (selected for compile)
[DEBUG]   org.springframework:spring-context:jar:2.0-m4:compile (selected for compile)
[DEBUG]     org.springframework:spring-aop:jar:2.0-m4:compile (removed - nearer found: 1.2.7)
[DEBUG] Retrieving parent-POM: org.springframework:spring-parent::2.0-m4 for project: null:spring-beans:jar:2.0-m4 from the repository.
[DEBUG]   org.springframework:spring-beans:jar:1.2.7:compile (removed - nearer found: 2.0-m4)
[DEBUG]   org.springframework:spring-beans:jar:2.0-m4:compile (selected for compile)
[DEBUG] Retrieving parent-POM: org.springframework:spring-parent::2.0-m4 for project: null:spring-core:jar:2.0-m4 from the repository.
[DEBUG]     org.springframework:spring-core:jar:2.0-m4:compile (selected for compile)
[DEBUG]   ognl:ognl:jar:2.6.7:compile (selected for compile)
[DEBUG]   junit:junit:jar:4.0:test (not setting scope to: compile; local scope test wins)
[WARNING] 
	Artifact junit:junit:jar:4.0:test retains local scope 'test' overriding broader scope 'compile'
	given by a dependency. If this is not intended, modify or remove the local scope.

[DEBUG]   junit:junit:jar:3.8.1:compile (removed - nearer found: 4.0)
[DEBUG]   junit:junit:jar:4.0:test (selected for test)
[INFO] snapshot zk-mxgraph:zk-mxgraph:1.0-SNAPSHOT: checking for updates from mindalliance
[DEBUG] Skipping disabled repository central
[DEBUG] zk-mxgraph: resolved to version 1.0-20070227.180122-3 from repository mindalliance
[DEBUG] Retrieving parent-POM: com.mindalliance:generic::1.0-SNAPSHOT for project: zk-mxgraph:zk-mxgraph:jar:1.0-20070227.180122-3 from the repository.
[INFO] snapshot com.mindalliance:generic:1.0-SNAPSHOT: checking for updates from mindalliance
[DEBUG] Skipping disabled repository central
[DEBUG] generic: resolved to version 1.0-20061204.234711-2 from repository mindalliance
[DEBUG]   zk-mxgraph:zk-mxgraph:jar:1.0-SNAPSHOT:compile (selected for compile)
[DEBUG]     org.zkoss.zk:zk:jar:2.2.1:compile (selected for compile)
[DEBUG]       org.zkoss.common:zweb:jar:2.2.1:compile (selected for compile)
[DEBUG]         org.zkoss.common:zcommon:jar:2.2.1:compile (selected for compile)
[DEBUG]           commons-fileupload:commons-fileupload:jar:1.1.1:compile (removed - nearer found: 1.1)
[DEBUG]       org.zkoss.common:zcommon:jar:2.2.1:compile (selected for compile)
[DEBUG]         commons-fileupload:commons-fileupload:jar:1.1.1:compile (removed - nearer found: 1.1)
[DEBUG]     commons-lang:commons-lang:jar:2.1:compile (removed - nearer found: 2.2)
[DEBUG]   org.springframework:spring-core:jar:2.0-m4:compile (selected for compile)
[DEBUG]   org.easymock:easymock:jar:2.2:test (selected for test)
[DEBUG]   log4j:log4j:jar:1.2.14:compile (selected for compile)
[DEBUG] zk-mxgraph: resolved to version 1.0-20070227.180122-3 from repository mindalliance
[DEBUG] org.codehaus.mojo:aspectj-maven-plugin:maven-plugin:1.0-beta-2:runtime (selected for runtime)
[DEBUG]   aspectj:aspectjrt:jar:1.5.2a:runtime (selected for runtime)
[DEBUG]   org.codehaus.plexus:plexus-compiler-api:jar:1.5.1:runtime (selected for runtime)
[DEBUG]     org.codehaus.plexus:plexus-utils:jar:1.0.4:runtime (selected for runtime)
[DEBUG]     classworlds:classworlds:jar:1.1-alpha-2:runtime (selected for runtime)
[DEBUG]     org.codehaus.plexus:plexus-container-default:jar:1.0-alpha-8:runtime (selected for runtime)
[DEBUG]       junit:junit:jar:3.8.1:runtime (selected for runtime)
[DEBUG]   com.sun:tools:jar:1.4.2:system (selected for system)
[DEBUG]   aspectj:aspectjtools:jar:1.5.2a:runtime (selected for runtime)
[DEBUG] Retrieving parent-POM: org.apache.maven:maven::2.0 for project: null:maven-project:jar:2.0 from the repository.
[DEBUG]   org.apache.maven:maven-project:jar:2.0:runtime (selected for runtime)
[DEBUG] Retrieving parent-POM: org.apache.maven:maven::2.0 for project: org.apache.maven:maven-artifact:jar:2.0 from the repository.
[DEBUG]     org.apache.maven:maven-artifact:jar:2.0:runtime (selected for runtime)
[DEBUG] Retrieving parent-POM: org.apache.maven:maven::2.0 for project: org.apache.maven:maven-model:jar:2.0 from the repository.
[DEBUG]     org.apache.maven:maven-model:jar:2.0:runtime (selected for runtime)
[DEBUG] Retrieving parent-POM: org.apache.maven:maven::2.0 for project: org.apache.maven:maven-artifact-manager:jar:2.0 from the repository.
[DEBUG]     org.apache.maven:maven-artifact-manager:jar:2.0:runtime (selected for runtime)
[DEBUG] Retrieving parent-POM: org.apache.maven:maven::2.0 for project: org.apache.maven:maven-repository-metadata:jar:2.0 from the repository.
[DEBUG]       org.apache.maven:maven-repository-metadata:jar:2.0:runtime (selected for runtime)
[DEBUG]       org.apache.maven.wagon:wagon-provider-api:jar:1.0-alpha-5:runtime (selected for runtime)
[DEBUG] Retrieving parent-POM: org.apache.maven:maven::2.0 for project: null:maven-profile:jar:2.0 from the repository.
[DEBUG]     org.apache.maven:maven-profile:jar:2.0:runtime (selected for runtime)
[DEBUG] Retrieving parent-POM: org.apache.maven.reporting:maven-reporting::2.0 for project: null:maven-reporting-api:jar:2.0 from the repository.
[DEBUG] Retrieving parent-POM: org.apache.maven:maven::2.0 for project: org.apache.maven.reporting:maven-reporting:pom:2.0 from the repository.
[DEBUG]   org.apache.maven.reporting:maven-reporting-api:jar:2.0:runtime (selected for runtime)
[DEBUG]     doxia:doxia-sink-api:jar:1.0-alpha-4:runtime (selected for runtime)
[DEBUG]   org.apache.maven:maven-plugin-api:jar:2.0:runtime (selected for runtime)
[DEBUG]   org.apache.maven:maven-artifact:jar:2.0:runtime (selected for runtime)
[DEBUG] Retrieving parent-POM: org.apache.maven.reporting:maven-reporting::2.0 for project: null:maven-reporting-impl:jar:2.0 from the repository.
[DEBUG] Retrieving parent-POM: org.apache.maven:maven::2.0 for project: org.apache.maven.reporting:maven-reporting:pom:2.0 from the repository.
[DEBUG]   org.apache.maven.reporting:maven-reporting-impl:jar:2.0:runtime (selected for runtime)
[DEBUG]     commons-validator:commons-validator:jar:1.1.4:runtime (selected for runtime)
[DEBUG]     oro:oro:jar:2.0.7:runtime (selected for runtime)
[DEBUG]     doxia:doxia-core:jar:1.0-alpha-4:runtime (selected for runtime)
[DEBUG] Configuring mojo 'org.codehaus.mojo:aspectj-maven-plugin:1.0-beta-2:compile' -->
[DEBUG]   (s) argumentFileName = builddef.lst
[DEBUG]   (f) aspectDirectory = src/main/aspect
[DEBUG]   (f) basedir = /home/jf/workspace/channels
[DEBUG]   (f) project = org.apache.maven.project.MavenProject@d9901a48
[DEBUG]   (s) source = 1.5
[DEBUG]   (f) testAspectDirectory = src/test/aspect
[DEBUG] -- end configuration --
[INFO] [aspectj:compile {execution: default}]
[DEBUG] Starting compiling aspects
[DEBUG] Running : ajc -source 1.5 -classpath /home/jf/.m2/repository/aspectj/aspectjrt/1.5.2/aspectjrt-1.5.2.jar:/home/jf/.m2/repository/bsh/bsh/2.0b1/bsh-2.0b1.jar:/home/jf/.m2/repository/classworlds/classworlds/1.1-alpha-2/classworlds-1.1-alpha-2.jar:/home/jf/.m2/repository/commons-beanutils/commons-beanutils/1.7.0/commons-beanutils-1.7.0.jar:/home/jf/.m2/repository/commons-codec/commons-codec/1.3/commons-codec-1.3.jar:/home/jf/.m2/repository/commons-collections/commons-collections/3.1/commons-collections-3.1.jar:/home/jf/.m2/repository/commons-el/commons-el/1.0/commons-el-1.0.jar:/home/jf/.m2/repository/commons-fileupload/commons-fileupload/1.1/commons-fileupload-1.1.jar:/home/jf/.m2/repository/commons-io/commons-io/1.2/commons-io-1.2.jar:/home/jf/.m2/repository/commons-lang/commons-lang/2.2/commons-lang-2.2.jar:/home/jf/.m2/repository/commons-logging/commons-logging/1.0.4/commons-logging-1.0.4.jar:/home/jf/.m2/repository/drools/drools-compiler/3.0.5/drools-compiler-3.0.5.jar:/home/jf/.m2/repository/drools/drools-core/3.0.5/drools-core-3.0.5.jar:/home/jf/.m2/repository/javax/transaction/jta/1.0.1B/jta-1.0.1B.jar:/home/jf/.m2/repository/jfree/jcommon/1.0.0/jcommon-1.0.0.jar:/home/jf/.m2/repository/jfree/jfreechart/1.0.0/jfreechart-1.0.0.jar:/home/jf/.m2/repository/json-lib/json-lib/1.0b2-jdk15/json-lib-1.0b2-jdk15.jar:/home/jf/.m2/repository/log4j/log4j/1.2.14/log4j-1.2.14.jar:/home/jf/.m2/repository/net/sf/ezmorph/ezmorph/1.0/ezmorph-1.0.jar:/home/jf/.m2/repository/ognl/ognl/2.6.7/ognl-2.6.7.jar:/home/jf/.m2/repository/org/acegisecurity/acegi-security/1.0.3/acegi-security-1.0.3.jar:/home/jf/.m2/repository/org/acegisecurity/acegi-security-tiger/1.0.3/acegi-security-tiger-1.0.3.jar:/home/jf/.m2/repository/org/apache/maven/maven-artifact/2.0.4/maven-artifact-2.0.4.jar:/home/jf/.m2/repository/org/apache/maven/maven-artifact-manager/2.0.4/maven-artifact-manager-2.0.4.jar:/home/jf/.m2/repository/org/apache/maven/maven-repository-metadata/2.0.4/maven-repository-metadata-2.0.4.jar:/home/jf/.m2/repository/org/apache/maven/wagon/wagon-provider-api/1.0-alpha-6/wagon-provider-api-1.0-alpha-6.jar:/home/jf/.m2/repository/org/codehaus/plexus/plexus-container-default/1.0-alpha-9/plexus-container-default-1.0-alpha-9.jar:/home/jf/.m2/repository/org/codehaus/plexus/plexus-utils/1.1/plexus-utils-1.1.jar:/home/jf/.m2/repository/org/ho/jyaml/jyaml-lib/1.0-beta-3/jyaml-lib-1.0-beta-3.jar:/home/jf/.m2/repository/org/springframework/spring-aop/1.2.7/spring-aop-1.2.7.jar:/home/jf/.m2/repository/org/springframework/spring-beans/2.0-m4/spring-beans-2.0-m4.jar:/home/jf/.m2/repository/org/springframework/spring-context/2.0-m4/spring-context-2.0-m4.jar:/home/jf/.m2/repository/org/springframework/spring-core/2.0-m4/spring-core-2.0-m4.jar:/home/jf/.m2/repository/org/springframework/spring-dao/2.0-m4/spring-dao-2.0-m4.jar:/home/jf/.m2/repository/org/springframework/spring-jdbc/1.2.8/spring-jdbc-1.2.8.jar:/home/jf/.m2/repository/org/springframework/spring-remoting/1.2.8/spring-remoting-1.2.8.jar:/home/jf/.m2/repository/org/springframework/spring-web/2.0-m4/spring-web-2.0-m4.jar:/home/jf/.m2/repository/org/springframework/spring-webmvc/1.2.8/spring-webmvc-1.2.8.jar:/home/jf/.m2/repository/org/zkoss/common/zcommon/2.2.1/zcommon-2.2.1.jar:/home/jf/.m2/repository/org/zkoss/common/zweb/2.2.1/zweb-2.2.1.jar:/home/jf/.m2/repository/org/zkoss/zk/zk/2.2.1/zk-2.2.1.jar:/home/jf/.m2/repository/oro/oro/2.0.8/oro-2.0.8.jar:/home/jf/.m2/repository/zk/dojoz/2.2.1/dojoz-2.2.1.jar:/home/jf/.m2/repository/zk/fckez/2.2.1/fckez-2.2.1.jar:/home/jf/.m2/repository/zk/gmapsz/2.2.1/gmapsz-2.2.1.jar:/home/jf/.m2/repository/zk/zcommon/2.2.1/zcommon-2.2.1.jar:/home/jf/.m2/repository/zk/zhtml/2.2.1/zhtml-2.2.1.jar:/home/jf/.m2/repository/zk/zk/2.2.1/zk-2.2.1.jar:/home/jf/.m2/repository/zk/zkplus/2.2.1/zkplus-2.2.1.jar:/home/jf/.m2/repository/zk/zul/2.2.1/zul-2.2.1.jar:/home/jf/.m2/repository/zk/zweb/2.2.1/zweb-2.2.1.jar:/home/jf/.m2/repository/zk-mxgraph/zk-mxgraph/1.0-SNAPSHOT/zk-mxgraph-1.0-SNAPSHOT.jar:/home/jf/workspace/channels/target/classes -d /home/jf/workspace/channels/target/classes /home/jf/workspace/channels/src/main/java/com/mindalliance/channels/model/Organization.java /home/jf/workspace/channels/src/main/java/com/mindalliance/channels/model/Task.java /home/jf/workspace/channels/src/main/java/com/mindalliance/channels/model/Mission.java /home/jf/workspace/channels/src/main/java/com/mindalliance/channels/rules/OwnershipManager.java /home/jf/workspace/channels/src/main/java/com/mindalliance/channels/rules/Flow.java /home/jf/workspace/channels/src/main/java/com/mindalliance/channels/model/Responsibility.java /home/jf/workspace/channels/src/main/java/com/mindalliance/channels/rules/RulesEngine.java /home/jf/workspace/channels/src/main/java/com/mindalliance/channels/model/Area.java /home/jf/workspace/channels/src/main/java/com/mindalliance/channels/model/InformationGain.java /home/jf/workspace/channels/src/main/java/com/mindalliance/channels/JavaBean.java /home/jf/workspace/channels/src/main/java/com/mindalliance/channels/queries/QueryException.java /home/jf/workspace/channels/src/main/java/com/mindalliance/channels/model/Domain.java /home/jf/workspace/channels/src/main/java/com/mindalliance/channels/model/support/ModelObjectDAO.java /home/jf/workspace/channels/src/main/java/com/mindalliance/channels/ui/MainRichlet.java /home/jf/workspace/channels/src/main/java/com/mindalliance/channels/Model.java /home/jf/workspace/channels/src/main/java/com/mindalliance/channels/util/GUID.java /home/jf/workspace/channels/src/main/java/com/mindalliance/channels/rules/Gap.java /home/jf/workspace/channels/src/main/java/com/mindalliance/channels/util/JavaBeans.aj /home/jf/workspace/channels/src/main/java/com/mindalliance/channels/model/Information.java /home/jf/workspace/channels/src/main/java/com/mindalliance/channels/model/Channel.java /home/jf/workspace/channels/src/main/java/com/mindalliance/channels/rules/Alert.java /home/jf/workspace/channels/src/main/java/com/mindalliance/channels/system/UserTypes.java /home/jf/workspace/channels/src/main/java/com/mindalliance/channels/queries/QueryEngine.java /home/jf/workspace/channels/src/main/java/com/mindalliance/channels/util/GUIDFactoryImpl.java /home/jf/workspace/channels/src/main/java/com/mindalliance/channels/system/ProjectImpl.java /home/jf/workspace/channels/src/main/java/com/mindalliance/channels/model/InformationNeed.java /home/jf/workspace/channels/src/main/java/com/mindalliance/channels/util/AbstractJavaBean.java /home/jf/workspace/channels/src/main/java/com/mindalliance/channels/model/Availability.java /home/jf/workspace/channels/src/main/java/com/mindalliance/channels/model/ModelImpl.java /home/jf/workspace/channels/src/main/java/com/mindalliance/channels/model/Policy.java /home/jf/workspace/channels/src/main/java/com/mindalliance/channels/model/Duration.java /home/jf/workspace/channels/src/main/java/com/mindalliance/channels/model/ContactInfo.java /home/jf/workspace/channels/src/main/java/com/mindalliance/channels/rules/ToDo.java /home/jf/workspace/channels/src/main/java/com/mindalliance/channels/model/TimePeriod.java /home/jf/workspace/channels/src/main/java/com/mindalliance/channels/model/Agent.java /home/jf/workspace/channels/src/main/java/com/mindalliance/channels/Project.java /home/jf/workspace/channels/src/main/java/com/mindalliance/channels/model/Agreement.java /home/jf/workspace/channels/src/main/java/com/mindalliance/channels/system/UserImpl.java /home/jf/workspace/channels/src/main/java/com/mindalliance/channels/rules/AbstractAssertedObject.java /home/jf/workspace/channels/src/main/java/com/mindalliance/channels/model/ModelObjectFactory.java /home/jf/workspace/channels/src/main/java/com/mindalliance/channels/queries/OGNLQueryEngine.java /home/jf/workspace/channels/src/main/java/com/mindalliance/channels/model/support/SuggestionManager.java /home/jf/workspace/channels/src/main/java/com/mindalliance/channels/rules/Exchange.java /home/jf/workspace/channels/src/main/java/com/mindalliance/channels/model/Resource.java /home/jf/workspace/channels/src/main/java/com/mindalliance/channels/model/ExchangeRequirement.java /home/jf/workspace/channels/src/main/java/com/mindalliance/channels/model/AbstractModelObject.java /home/jf/workspace/channels/src/main/java/com/mindalliance/channels/system/UserExistsException.java /home/jf/workspace/channels/src/main/java/com/mindalliance/channels/system/ParticipantType.java /home/jf/workspace/channels/src/main/java/com/mindalliance/channels/model/Event.java /home/jf/workspace/channels/src/main/java/com/mindalliance/channels/system/SystemImpl.java /home/jf/workspace/channels/src/main/java/com/mindalliance/channels/util/GUIDFactory.java /home/jf/workspace/channels/src/main/java/com/mindalliance/channels/User.java /home/jf/workspace/channels/src/main/java/com/mindalliance/channels/model/support/Suggestion.java /home/jf/workspace/channels/src/main/java/com/mindalliance/channels/model/InformationAsset.java /home/jf/workspace/channels/src/main/java/com/mindalliance/channels/model/Outcome.java /home/jf/workspace/channels/src/main/java/com/mindalliance/channels/model/AbstractNamedObject.java /home/jf/workspace/channels/src/main/java/com/mindalliance/channels/model/Environment.java /home/jf/workspace/channels/src/main/java/com/mindalliance/channels/System.java /home/jf/workspace/channels/src/main/java/com/mindalliance/channels/model/support/ModelException.java 
[DEBUG] Argumentsfile written : /home/jf/workspace/channels/target/classesbuilddef.lst
[WARNING] bad version number found in /home/jf/.m2/repository/aspectj/aspectjrt/1.5.2/aspectjrt-1.5.2.jar expected 1.5.2a found 1.5.2
[DEBUG] directory classpath entry does not exist: /home/jf/java/jdk1.5.0_07/jre/lib/i18n.jar
[DEBUG] directory classpath entry does not exist: /home/jf/java/jdk1.5.0_07/jre/lib/sunrsasign.jar
[DEBUG] zipfile classpath entry does not exist: /home/jf/java/jdk1.5.0_07/jre/classes
[DEBUG] compiling /home/jf/workspace/channels/src/main/java/com/mindalliance/channels/model/Organization.java
[DEBUG] compiling /home/jf/workspace/channels/src/main/java/com/mindalliance/channels/model/Task.java
[DEBUG] compiling /home/jf/workspace/channels/src/main/java/com/mindalliance/channels/model/Mission.java
[DEBUG] compiling /home/jf/workspace/channels/src/main/java/com/mindalliance/channels/rules/OwnershipManager.java
[DEBUG] compiling /home/jf/workspace/channels/src/main/java/com/mindalliance/channels/rules/Flow.java
[DEBUG] compiling /home/jf/workspace/channels/src/main/java/com/mindalliance/channels/model/Responsibility.java
[DEBUG] compiling /home/jf/workspace/channels/src/main/java/com/mindalliance/channels/rules/RulesEngine.java
[DEBUG] compiling /home/jf/workspace/channels/src/main/java/com/mindalliance/channels/model/Area.java
[DEBUG] compiling /home/jf/workspace/channels/src/main/java/com/mindalliance/channels/model/InformationGain.java
[DEBUG] compiling /home/jf/workspace/channels/src/main/java/com/mindalliance/channels/JavaBean.java
[DEBUG] compiling /home/jf/workspace/channels/src/main/java/com/mindalliance/channels/queries/QueryException.java
[DEBUG] compiling /home/jf/workspace/channels/src/main/java/com/mindalliance/channels/model/Domain.java
[DEBUG] compiling /home/jf/workspace/channels/src/main/java/com/mindalliance/channels/model/support/ModelObjectDAO.java
[DEBUG] compiling /home/jf/workspace/channels/src/main/java/com/mindalliance/channels/ui/MainRichlet.java
[DEBUG] compiling /home/jf/workspace/channels/src/main/java/com/mindalliance/channels/Model.java
[DEBUG] compiling /home/jf/workspace/channels/src/main/java/com/mindalliance/channels/util/GUID.java
[DEBUG] compiling /home/jf/workspace/channels/src/main/java/com/mindalliance/channels/rules/Gap.java
[DEBUG] compiling /home/jf/workspace/channels/src/main/java/com/mindalliance/channels/util/JavaBeans.aj
[DEBUG] compiling /home/jf/workspace/channels/src/main/java/com/mindalliance/channels/model/Information.java
[DEBUG] compiling /home/jf/workspace/channels/src/main/java/com/mindalliance/channels/model/Channel.java
[DEBUG] compiling /home/jf/workspace/channels/src/main/java/com/mindalliance/channels/rules/Alert.java
[DEBUG] compiling /home/jf/workspace/channels/src/main/java/com/mindalliance/channels/system/UserTypes.java
[DEBUG] compiling /home/jf/workspace/channels/src/main/java/com/mindalliance/channels/queries/QueryEngine.java
[DEBUG] compiling /home/jf/workspace/channels/src/main/java/com/mindalliance/channels/util/GUIDFactoryImpl.java
[DEBUG] compiling /home/jf/workspace/channels/src/main/java/com/mindalliance/channels/system/ProjectImpl.java
[DEBUG] compiling /home/jf/workspace/channels/src/main/java/com/mindalliance/channels/model/InformationNeed.java
[DEBUG] compiling /home/jf/workspace/channels/src/main/java/com/mindalliance/channels/util/AbstractJavaBean.java
[DEBUG] compiling /home/jf/workspace/channels/src/main/java/com/mindalliance/channels/model/Availability.java
[DEBUG] compiling /home/jf/workspace/channels/src/main/java/com/mindalliance/channels/model/ModelImpl.java
[DEBUG] compiling /home/jf/workspace/channels/src/main/java/com/mindalliance/channels/model/Policy.java
[DEBUG] compiling /home/jf/workspace/channels/src/main/java/com/mindalliance/channels/model/Duration.java
[DEBUG] compiling /home/jf/workspace/channels/src/main/java/com/mindalliance/channels/model/ContactInfo.java
[DEBUG] compiling /home/jf/workspace/channels/src/main/java/com/mindalliance/channels/rules/ToDo.java
[DEBUG] compiling /home/jf/workspace/channels/src/main/java/com/mindalliance/channels/model/TimePeriod.java
[DEBUG] compiling /home/jf/workspace/channels/src/main/java/com/mindalliance/channels/model/Agent.java
[DEBUG] compiling /home/jf/workspace/channels/src/main/java/com/mindalliance/channels/Project.java
[DEBUG] compiling /home/jf/workspace/channels/src/main/java/com/mindalliance/channels/model/Agreement.java
[DEBUG] compiling /home/jf/workspace/channels/src/main/java/com/mindalliance/channels/system/UserImpl.java
[DEBUG] compiling /home/jf/workspace/channels/src/main/java/com/mindalliance/channels/rules/AbstractAssertedObject.java
[DEBUG] compiling /home/jf/workspace/channels/src/main/java/com/mindalliance/channels/model/ModelObjectFactory.java
[DEBUG] compiling /home/jf/workspace/channels/src/main/java/com/mindalliance/channels/queries/OGNLQueryEngine.java
[DEBUG] compiling /home/jf/workspace/channels/src/main/java/com/mindalliance/channels/model/support/SuggestionManager.java
[DEBUG] compiling /home/jf/workspace/channels/src/main/java/com/mindalliance/channels/rules/Exchange.java
[DEBUG] compiling /home/jf/workspace/channels/src/main/java/com/mindalliance/channels/model/Resource.java
[DEBUG] compiling /home/jf/workspace/channels/src/main/java/com/mindalliance/channels/model/ExchangeRequirement.java
[DEBUG] compiling /home/jf/workspace/channels/src/main/java/com/mindalliance/channels/model/AbstractModelObject.java
[DEBUG] compiling /home/jf/workspace/channels/src/main/java/com/mindalliance/channels/system/UserExistsException.java
[DEBUG] compiling /home/jf/workspace/channels/src/main/java/com/mindalliance/channels/system/ParticipantType.java
[DEBUG] compiling /home/jf/workspace/channels/src/main/java/com/mindalliance/channels/model/Event.java
[DEBUG] compiling /home/jf/workspace/channels/src/main/java/com/mindalliance/channels/system/SystemImpl.java
[DEBUG] compiling /home/jf/workspace/channels/src/main/java/com/mindalliance/channels/util/GUIDFactory.java
[DEBUG] compiling /home/jf/workspace/channels/src/main/java/com/mindalliance/channels/User.java
[DEBUG] compiling /home/jf/workspace/channels/src/main/java/com/mindalliance/channels/model/support/Suggestion.java
[DEBUG] compiling /home/jf/workspace/channels/src/main/java/com/mindalliance/channels/model/InformationAsset.java
[DEBUG] compiling /home/jf/workspace/channels/src/main/java/com/mindalliance/channels/model/Outcome.java
[DEBUG] compiling /home/jf/workspace/channels/src/main/java/com/mindalliance/channels/model/AbstractNamedObject.java
[DEBUG] compiling /home/jf/workspace/channels/src/main/java/com/mindalliance/channels/model/Environment.java
[DEBUG] compiling /home/jf/workspace/channels/src/main/java/com/mindalliance/channels/System.java
[DEBUG] compiling /home/jf/workspace/channels/src/main/java/com/mindalliance/channels/model/support/ModelException.java
[DEBUG] weaver operating in reweavable mode.  Need to verify any required types exist.
[DEBUG] org.apache.maven.plugins:maven-resources-plugin:maven-plugin:2.3-20061118.060205-2:runtime (selected for runtime)
[DEBUG]   org.apache.maven:maven-model:jar:2.0:runtime (selected for runtime)
[DEBUG]     org.codehaus.plexus:plexus-utils:jar:1.0.4:runtime (selected for runtime)
[DEBUG]   org.apache.maven:maven-project:jar:2.0:runtime (selected for runtime)
[DEBUG]     org.codehaus.plexus:plexus-container-default:jar:1.0-alpha-8:runtime (selected for runtime)
[DEBUG]       classworlds:classworlds:jar:1.1-alpha-2:runtime (selected for runtime)
[DEBUG]       junit:junit:jar:3.8.1:runtime (selected for runtime)
[DEBUG]     org.apache.maven:maven-artifact:jar:2.0:runtime (selected for runtime)
[DEBUG]     org.apache.maven:maven-artifact-manager:jar:2.0:runtime (selected for runtime)
[DEBUG]       org.apache.maven:maven-repository-metadata:jar:2.0:runtime (selected for runtime)
[DEBUG]       org.apache.maven.wagon:wagon-provider-api:jar:1.0-alpha-5:runtime (selected for runtime)
[DEBUG]     org.apache.maven:maven-profile:jar:2.0:runtime (selected for runtime)
[DEBUG]   org.apache.maven:maven-plugin-api:jar:2.0:runtime (selected for runtime)
[DEBUG] Configuring mojo 'org.apache.maven.plugins:maven-resources-plugin:2.3-SNAPSHOT:resources' -->
[DEBUG]   (f) filters = []
[DEBUG]   (f) outputDirectory = /home/jf/workspace/channels/target/classes
[DEBUG]   (f) project = org.apache.maven.project.MavenProject@d9901a48
[DEBUG]   (f) resources = [org.apache.maven.model.Resource@70f11d]
[DEBUG] -- end configuration --
[INFO] [resources:resources]
[INFO] Using default encoding to copy filtered resources.
[INFO] Copying 10 resources
[DEBUG] com.mindalliance.channels:channels:war:1.0-SNAPSHOT (selected for null)
[DEBUG]   json-lib:json-lib:jar:1.0b2-jdk15:compile (selected for compile)
[DEBUG]     commons-logging:commons-logging:jar:1.1:compile (selected for compile)
[DEBUG]       avalon-framework:avalon-framework:jar:4.1.3:compile (selected for compile)
[DEBUG]       javax.servlet:servlet-api:jar:2.3:compile (selected for compile)
[DEBUG]       logkit:logkit:jar:1.0.1:compile (selected for compile)
[DEBUG]       log4j:log4j:jar:1.2.12:compile (selected for compile)
[DEBUG]     net.sf.ezmorph:ezmorph:jar:1.0:compile (selected for compile)
[DEBUG]       junit:junit:jar:3.8.1:compile (selected for compile)
[DEBUG]       commons-lang:commons-lang:jar:2.2:compile (selected for compile)
[DEBUG]     commons-lang:commons-lang:jar:2.2:compile (selected for compile)
[DEBUG]     commons-beanutils:commons-beanutils:jar:1.7.0:compile (selected for compile)
[DEBUG]       commons-logging:commons-logging:jar:1.0.3:compile (removed - nearer found: 1.1)
[DEBUG]   commons-codec:commons-codec:jar:1.3:compile (selected for compile)
[DEBUG]   org.acegisecurity:acegi-security-tiger:jar:1.0.3:compile (selected for compile)
[DEBUG]     org.springframework:spring-aop:jar:1.2.7:compile (selected for compile)
[DEBUG]       org.springframework:spring-beans:jar:1.2.7:compile (selected for compile)
[DEBUG]         org.springframework:spring-core:jar:1.2.7:compile (selected for compile)
[DEBUG]           commons-collections:commons-collections:jar:3.1:compile (selected for compile)
[DEBUG]           commons-logging:commons-logging:jar:1.0.4:compile (removed - nearer found: 1.1)
[DEBUG]         commons-logging:commons-logging:jar:1.0.4:compile (removed - nearer found: 1.1)
[DEBUG]     org.acegisecurity:acegi-security:jar:1.0.3:compile (selected for compile)
[DEBUG]       org.springframework:spring-support:jar:1.2.8:runtime (selected for runtime)
[DEBUG]       commons-logging:commons-logging:jar:1.0.4:compile (removed - nearer found: 1.1)
[DEBUG]       log4j:log4j:jar:1.2.9:runtime (removed - nearer found: 1.2.12)
[DEBUG]       commons-lang:commons-lang:jar:2.1:compile (removed - nearer found: 2.2)
[DEBUG]       commons-collections:commons-collections:jar:3.1:compile (selected for compile)
[DEBUG]       org.springframework:spring-remoting:jar:1.2.8:compile (selected for compile)
[DEBUG]         org.springframework:spring-webmvc:jar:1.2.8:compile (selected for compile)
[DEBUG]           org.springframework:spring-web:jar:1.2.8:compile (selected for compile)
[DEBUG]             org.springframework:spring-context:jar:1.2.8:compile (selected for compile)
[DEBUG]               org.springframework:spring-aop:jar:1.2.8:compile (removed - nearer found: 1.2.7)
[DEBUG]         org.springframework:spring-dao:jar:1.2.8:compile (selected for compile)
[DEBUG]           org.springframework:spring-context:jar:1.2.8:compile (selected for compile)
[DEBUG]             org.springframework:spring-aop:jar:1.2.8:compile (removed - nearer found: 1.2.7)
[DEBUG]       oro:oro:jar:2.0.8:compile (selected for compile)
[DEBUG]       org.springframework:spring-jdbc:jar:1.2.8:compile (selected for compile)
[DEBUG]         org.springframework:spring-beans:jar:1.2.8:compile (removed - nearer found: 1.2.7)
[DEBUG]   zk:zk:jar:2.2.1:compile (selected for compile)
[DEBUG]     zk:zhtml:jar:2.2.1:compile (selected for compile)
[DEBUG]     zk:zul:jar:2.2.1:compile (selected for compile)
[DEBUG]     commons-fileupload:commons-fileupload:jar:1.1:compile (selected for compile)
[DEBUG]       commons-io:commons-io:jar:1.1:compile (selected for compile)
[DEBUG]     zk:gmapsz:jar:2.2.1:compile (selected for compile)
[DEBUG]     zk:fckez:jar:2.2.1:compile (selected for compile)
[DEBUG]     zk:zcommon:jar:2.2.1:compile (selected for compile)
[DEBUG]     zk:dojoz:jar:2.2.1:compile (selected for compile)
[DEBUG] While downloading jfreechart:jfreechart:1.0.0
  This artifact has been relocated to jfree:jfreechart:1.0.0.


[DEBUG]     jfree:jfreechart:jar:1.0.0:compile (selected for compile)
[DEBUG]       junit:junit:jar:3.8:compile (removed - nearer found: 3.8.1)
[DEBUG]       jfree:jcommon:jar:1.0.0:compile (selected for compile)
[DEBUG]         junit:junit:jar:3.8:compile (removed - nearer found: 3.8.1)
[DEBUG]     zk:zweb:jar:2.2.1:compile (selected for compile)
[DEBUG]     zk:zkplus:jar:2.2.1:compile (selected for compile)
[DEBUG]     commons-el:commons-el:jar:1.0:compile (selected for compile)
[DEBUG]       commons-logging:commons-logging:jar:1.0.3:compile (removed - nearer found: 1.1)
[DEBUG]     commons-io:commons-io:jar:1.1:compile (removed - nearer found: 1.2)
[DEBUG]     commons-io:commons-io:jar:1.2:compile (selected for compile)
[DEBUG]     bsh:bsh:jar:2.0b1:compile (selected for compile)
[DEBUG]   org.apache.maven:maven-artifact-manager:jar:2.0.4:compile (selected for compile)
[DEBUG]     org.codehaus.plexus:plexus-utils:jar:1.1:compile (selected for compile)
[DEBUG]     org.apache.maven:maven-artifact:jar:2.0.4:compile (selected for compile)
[DEBUG]     org.codehaus.plexus:plexus-container-default:jar:1.0-alpha-9:compile (selected for compile)
[DEBUG]       org.codehaus.plexus:plexus-utils:jar:1.0.4:compile (removed - nearer found: 1.1)
[DEBUG]       classworlds:classworlds:jar:1.1-alpha-2:compile (selected for compile)
[DEBUG]     org.apache.maven.wagon:wagon-provider-api:jar:1.0-alpha-6:compile (selected for compile)
[DEBUG]       org.codehaus.plexus:plexus-utils:jar:1.0.4:compile (removed - nearer found: 1.1)
[DEBUG]     org.apache.maven:maven-repository-metadata:jar:2.0.4:compile (selected for compile)
[DEBUG]   commons-logging:commons-logging:jar:1.1:compile (removed - nearer found: 1.0.4)
[DEBUG]   commons-logging:commons-logging:jar:1.0.4:compile (selected for compile)
[DEBUG]   org.ho.jyaml:jyaml-lib:jar:1.0-beta-3:compile (selected for compile)
[DEBUG]   drools:drools-core:jar:3.0.5:compile (selected for compile)
[DEBUG]   aspectj:aspectjrt:jar:1.5.2:compile (selected for compile)
[DEBUG]   drools:drools-compiler:jar:3.0.5:compile (selected for compile)
[DEBUG]   org.springframework:spring-dao:jar:1.2.8:compile (removed - nearer found: 2.0-m4)
[DEBUG]   org.springframework:spring-dao:jar:2.0-m4:compile (selected for compile)
[DEBUG]     javax.transaction:jta:jar:1.0.1B:compile (selected for compile)
[DEBUG]     org.springframework:spring-context:jar:2.0-m4:compile (selected for compile)
[DEBUG]       org.springframework:spring-aop:jar:2.0-m4:compile (removed - nearer found: 1.2.7)
[DEBUG]   commons-collections:commons-collections:jar:3.1:compile (selected for compile)
[DEBUG]   org.springframework:spring-web:jar:1.2.8:compile (removed - nearer found: 2.0-m4)
[DEBUG]   org.springframework:spring-web:jar:2.0-m4:compile (selected for compile)
[DEBUG]   org.springframework:spring-context:jar:2.0-m4:compile (selected for compile)
[DEBUG]     org.springframework:spring-aop:jar:2.0-m4:compile (removed - nearer found: 1.2.7)
[DEBUG]   org.springframework:spring-beans:jar:1.2.7:compile (removed - nearer found: 2.0-m4)
[DEBUG]   org.springframework:spring-beans:jar:2.0-m4:compile (selected for compile)
[DEBUG]     org.springframework:spring-core:jar:2.0-m4:compile (selected for compile)
[DEBUG]   ognl:ognl:jar:2.6.7:compile (selected for compile)
[DEBUG]   junit:junit:jar:4.0:test (not setting scope to: compile; local scope test wins)
[DEBUG]   junit:junit:jar:3.8.1:compile (removed - nearer found: 4.0)
[DEBUG]   junit:junit:jar:4.0:test (selected for test)
[DEBUG]   zk-mxgraph:zk-mxgraph:jar:1.0-20070227.180122-3:compile (selected for compile)
[DEBUG]     org.zkoss.zk:zk:jar:2.2.1:compile (selected for compile)
[DEBUG]       org.zkoss.common:zweb:jar:2.2.1:compile (selected for compile)
[DEBUG]         org.zkoss.common:zcommon:jar:2.2.1:compile (selected for compile)
[DEBUG]           commons-fileupload:commons-fileupload:jar:1.1.1:compile (removed - nearer found: 1.1)
[DEBUG]       org.zkoss.common:zcommon:jar:2.2.1:compile (selected for compile)
[DEBUG]         commons-fileupload:commons-fileupload:jar:1.1.1:compile (removed - nearer found: 1.1)
[DEBUG]     commons-lang:commons-lang:jar:2.1:compile (removed - nearer found: 2.2)
[DEBUG]   org.springframework:spring-core:jar:2.0-m4:compile (selected for compile)
[DEBUG]   org.easymock:easymock:jar:2.2:test (selected for test)
[DEBUG]   log4j:log4j:jar:1.2.14:compile (selected for compile)
[DEBUG] org.apache.maven.plugins:maven-compiler-plugin:maven-plugin:2.1-20070115.180214-6:runtime (selected for runtime)
[DEBUG]   org.codehaus.plexus:plexus-utils:jar:1.0.4:runtime (selected for runtime)
[DEBUG] Retrieving parent-POM: org.codehaus.plexus:plexus-compiler::1.5.3 for project: null:plexus-compiler-manager:jar:1.5.3 from the repository.
[DEBUG] Retrieving parent-POM: org.codehaus.plexus:plexus-components::1.1.6 for project: null:plexus-compiler:pom:1.5.3 from the repository.
[DEBUG] Retrieving parent-POM: org.codehaus.plexus:plexus::1.0.8 for project: org.codehaus.plexus:plexus-components:pom:1.1.6 from the repository.
[DEBUG]   org.codehaus.plexus:plexus-compiler-manager:jar:1.5.3:runtime (selected for runtime)
[DEBUG]     org.codehaus.plexus:plexus-container-default:jar:1.0-alpha-8:runtime (selected for runtime)
[DEBUG]       classworlds:classworlds:jar:1.1-alpha-2:runtime (selected for runtime)
[DEBUG]       junit:junit:jar:3.8.1:runtime (selected for runtime)
[DEBUG] Retrieving parent-POM: org.codehaus.plexus:plexus-compiler::1.5.3 for project: null:plexus-compiler-api:jar:1.5.3 from the repository.
[DEBUG] Retrieving parent-POM: org.codehaus.plexus:plexus-components::1.1.6 for project: null:plexus-compiler:pom:1.5.3 from the repository.
[DEBUG] Retrieving parent-POM: org.codehaus.plexus:plexus::1.0.8 for project: org.codehaus.plexus:plexus-components:pom:1.1.6 from the repository.
[DEBUG]     org.codehaus.plexus:plexus-compiler-api:jar:1.5.3:runtime (selected for runtime)
[DEBUG]   org.codehaus.plexus:plexus-compiler-api:jar:1.5.3:runtime (selected for runtime)
[DEBUG] Retrieving parent-POM: org.codehaus.plexus:plexus-compilers::1.5.3 for project: null:plexus-compiler-javac:jar:1.5.3 from the repository.
[DEBUG] Retrieving parent-POM: org.codehaus.plexus:plexus-compiler::1.5.3 for project: org.codehaus.plexus:plexus-compilers:pom:1.5.3 from the repository.
[DEBUG] Retrieving parent-POM: org.codehaus.plexus:plexus-components::1.1.6 for project: null:plexus-compiler:pom:1.5.3 from the repository.
[DEBUG] Retrieving parent-POM: org.codehaus.plexus:plexus::1.0.8 for project: org.codehaus.plexus:plexus-components:pom:1.1.6 from the repository.
[DEBUG]   org.codehaus.plexus:plexus-compiler-javac:jar:1.5.3:runtime (selected for runtime)
[DEBUG] Retrieving parent-POM: org.codehaus.plexus:plexus::1.0.4 for project: null:plexus-utils:jar:1.0.5 from the repository.
[DEBUG]     org.codehaus.plexus:plexus-utils:jar:1.0.5:runtime (removed - nearer found: 1.0.4)
[DEBUG]   org.apache.maven:maven-plugin-api:jar:2.0:runtime (selected for runtime)
[DEBUG]   org.apache.maven:maven-artifact:jar:2.0:runtime (selected for runtime)
[DEBUG] Configuring mojo 'org.apache.maven.plugins:maven-compiler-plugin:2.1-SNAPSHOT:compile' -->
[DEBUG]   (f) basedir = /home/jf/workspace/channels
[DEBUG]   (f) buildDirectory = /home/jf/workspace/channels/target
[DEBUG]   (f) classpathElements = [/home/jf/workspace/channels/target/classes, /home/jf/.m2/repository/commons-logging/commons-logging/1.0.4/commons-logging-1.0.4.jar, /home/jf/.m2/repository/drools/drools-compiler/3.0.5/drools-compiler-3.0.5.jar, /home/jf/.m2/repository/commons-collections/commons-collections/3.1/commons-collections-3.1.jar, /home/jf/.m2/repository/org/springframework/spring-remoting/1.2.8/spring-remoting-1.2.8.jar, /home/jf/.m2/repository/net/sf/ezmorph/ezmorph/1.0/ezmorph-1.0.jar, /home/jf/.m2/repository/org/springframework/spring-context/2.0-m4/spring-context-2.0-m4.jar, /home/jf/.m2/repository/zk/zkplus/2.2.1/zkplus-2.2.1.jar, /home/jf/.m2/repository/org/springframework/spring-jdbc/1.2.8/spring-jdbc-1.2.8.jar, /home/jf/.m2/repository/org/springframework/spring-aop/1.2.7/spring-aop-1.2.7.jar, /home/jf/.m2/repository/jfree/jcommon/1.0.0/jcommon-1.0.0.jar, /home/jf/.m2/repository/commons-codec/commons-codec/1.3/commons-codec-1.3.jar, /home/jf/.m2/repository/org/acegisecurity/acegi-security-tiger/1.0.3/acegi-security-tiger-1.0.3.jar, /home/jf/.m2/repository/zk/zhtml/2.2.1/zhtml-2.2.1.jar, /home/jf/.m2/repository/org/apache/maven/maven-artifact/2.0.4/maven-artifact-2.0.4.jar, /home/jf/.m2/repository/org/codehaus/plexus/plexus-container-default/1.0-alpha-9/plexus-container-default-1.0-alpha-9.jar, /home/jf/.m2/repository/commons-fileupload/commons-fileupload/1.1/commons-fileupload-1.1.jar, /home/jf/.m2/repository/org/apache/maven/wagon/wagon-provider-api/1.0-alpha-6/wagon-provider-api-1.0-alpha-6.jar, /home/jf/.m2/repository/org/ho/jyaml/jyaml-lib/1.0-beta-3/jyaml-lib-1.0-beta-3.jar, /home/jf/.m2/repository/classworlds/classworlds/1.1-alpha-2/classworlds-1.1-alpha-2.jar, /home/jf/.m2/repository/drools/drools-core/3.0.5/drools-core-3.0.5.jar, /home/jf/.m2/repository/zk/fckez/2.2.1/fckez-2.2.1.jar, /home/jf/.m2/repository/aspectj/aspectjrt/1.5.2/aspectjrt-1.5.2.jar, /home/jf/.m2/repository/org/zkoss/common/zcommon/2.2.1/zcommon-2.2.1.jar, /home/jf/.m2/repository/commons-lang/commons-lang/2.2/commons-lang-2.2.jar, /home/jf/.m2/repository/zk-mxgraph/zk-mxgraph/1.0-SNAPSHOT/zk-mxgraph-1.0-SNAPSHOT.jar, /home/jf/.m2/repository/zk/dojoz/2.2.1/dojoz-2.2.1.jar, /home/jf/.m2/repository/org/springframework/spring-beans/2.0-m4/spring-beans-2.0-m4.jar, /home/jf/.m2/repository/jfree/jfreechart/1.0.0/jfreechart-1.0.0.jar, /home/jf/.m2/repository/commons-el/commons-el/1.0/commons-el-1.0.jar, /home/jf/.m2/repository/log4j/log4j/1.2.14/log4j-1.2.14.jar, /home/jf/.m2/repository/json-lib/json-lib/1.0b2-jdk15/json-lib-1.0b2-jdk15.jar, /home/jf/.m2/repository/javax/transaction/jta/1.0.1B/jta-1.0.1B.jar, /home/jf/.m2/repository/org/zkoss/zk/zk/2.2.1/zk-2.2.1.jar, /home/jf/.m2/repository/zk/zk/2.2.1/zk-2.2.1.jar, /home/jf/.m2/repository/commons-beanutils/commons-beanutils/1.7.0/commons-beanutils-1.7.0.jar, /home/jf/.m2/repository/oro/oro/2.0.8/oro-2.0.8.jar, /home/jf/.m2/repository/org/apache/maven/maven-repository-metadata/2.0.4/maven-repository-metadata-2.0.4.jar, /home/jf/.m2/repository/org/springframework/spring-core/2.0-m4/spring-core-2.0-m4.jar, /home/jf/.m2/repository/bsh/bsh/2.0b1/bsh-2.0b1.jar, /home/jf/.m2/repository/zk/zul/2.2.1/zul-2.2.1.jar, /home/jf/.m2/repository/zk/gmapsz/2.2.1/gmapsz-2.2.1.jar, /home/jf/.m2/repository/org/apache/maven/maven-artifact-manager/2.0.4/maven-artifact-manager-2.0.4.jar, /home/jf/.m2/repository/org/codehaus/plexus/plexus-utils/1.1/plexus-utils-1.1.jar, /home/jf/.m2/repository/org/springframework/spring-dao/2.0-m4/spring-dao-2.0-m4.jar, /home/jf/.m2/repository/zk/zcommon/2.2.1/zcommon-2.2.1.jar, /home/jf/.m2/repository/org/zkoss/common/zweb/2.2.1/zweb-2.2.1.jar, /home/jf/.m2/repository/org/springframework/spring-web/2.0-m4/spring-web-2.0-m4.jar, /home/jf/.m2/repository/ognl/ognl/2.6.7/ognl-2.6.7.jar, /home/jf/.m2/repository/zk/zweb/2.2.1/zweb-2.2.1.jar, /home/jf/.m2/repository/org/springframework/spring-webmvc/1.2.8/spring-webmvc-1.2.8.jar, /home/jf/.m2/repository/commons-io/commons-io/1.2/commons-io-1.2.jar, /home/jf/.m2/repository/org/acegisecurity/acegi-security/1.0.3/acegi-security-1.0.3.jar]
[DEBUG]   (f) compileSourceRoots = [/home/jf/workspace/channels/src/main/java, /home/jf/workspace/channels/src/main/aspect]
[DEBUG]   (f) compilerId = javac
[DEBUG]   (f) debug = true
[DEBUG]   (f) failOnError = true
[DEBUG]   (f) fork = false
[DEBUG]   (f) optimize = false
[DEBUG]   (f) outputDirectory = /home/jf/workspace/channels/target/classes
[DEBUG]   (f) outputFileName = channels-1.0-SNAPSHOT
[DEBUG]   (f) projectArtifact = com.mindalliance.channels:channels:war:1.0-SNAPSHOT
[DEBUG]   (f) showDeprecation = false
[DEBUG]   (f) showWarnings = false
[DEBUG]   (f) source = 1.5
[DEBUG]   (f) staleMillis = 0
[DEBUG]   (f) target = 1.5
[DEBUG]   (f) verbose = false
[DEBUG] -- end configuration --
[INFO] [compiler:compile]
[DEBUG] Using compiler 'javac'.
[DEBUG] Source directories: [/home/jf/workspace/channels/src/main/java]
[DEBUG] Classpath: [/home/jf/workspace/channels/target/classes
 /home/jf/.m2/repository/commons-logging/commons-logging/1.0.4/commons-logging-1.0.4.jar
 /home/jf/.m2/repository/drools/drools-compiler/3.0.5/drools-compiler-3.0.5.jar
 /home/jf/.m2/repository/commons-collections/commons-collections/3.1/commons-collections-3.1.jar
 /home/jf/.m2/repository/org/springframework/spring-remoting/1.2.8/spring-remoting-1.2.8.jar
 /home/jf/.m2/repository/net/sf/ezmorph/ezmorph/1.0/ezmorph-1.0.jar
 /home/jf/.m2/repository/org/springframework/spring-context/2.0-m4/spring-context-2.0-m4.jar
 /home/jf/.m2/repository/zk/zkplus/2.2.1/zkplus-2.2.1.jar
 /home/jf/.m2/repository/org/springframework/spring-jdbc/1.2.8/spring-jdbc-1.2.8.jar
 /home/jf/.m2/repository/org/springframework/spring-aop/1.2.7/spring-aop-1.2.7.jar
 /home/jf/.m2/repository/jfree/jcommon/1.0.0/jcommon-1.0.0.jar
 /home/jf/.m2/repository/commons-codec/commons-codec/1.3/commons-codec-1.3.jar
 /home/jf/.m2/repository/org/acegisecurity/acegi-security-tiger/1.0.3/acegi-security-tiger-1.0.3.jar
 /home/jf/.m2/repository/zk/zhtml/2.2.1/zhtml-2.2.1.jar
 /home/jf/.m2/repository/org/apache/maven/maven-artifact/2.0.4/maven-artifact-2.0.4.jar
 /home/jf/.m2/repository/org/codehaus/plexus/plexus-container-default/1.0-alpha-9/plexus-container-default-1.0-alpha-9.jar
 /home/jf/.m2/repository/commons-fileupload/commons-fileupload/1.1/commons-fileupload-1.1.jar
 /home/jf/.m2/repository/org/apache/maven/wagon/wagon-provider-api/1.0-alpha-6/wagon-provider-api-1.0-alpha-6.jar
 /home/jf/.m2/repository/org/ho/jyaml/jyaml-lib/1.0-beta-3/jyaml-lib-1.0-beta-3.jar
 /home/jf/.m2/repository/classworlds/classworlds/1.1-alpha-2/classworlds-1.1-alpha-2.jar
 /home/jf/.m2/repository/drools/drools-core/3.0.5/drools-core-3.0.5.jar
 /home/jf/.m2/repository/zk/fckez/2.2.1/fckez-2.2.1.jar
 /home/jf/.m2/repository/aspectj/aspectjrt/1.5.2/aspectjrt-1.5.2.jar
 /home/jf/.m2/repository/org/zkoss/common/zcommon/2.2.1/zcommon-2.2.1.jar
 /home/jf/.m2/repository/commons-lang/commons-lang/2.2/commons-lang-2.2.jar
 /home/jf/.m2/repository/zk-mxgraph/zk-mxgraph/1.0-SNAPSHOT/zk-mxgraph-1.0-SNAPSHOT.jar
 /home/jf/.m2/repository/zk/dojoz/2.2.1/dojoz-2.2.1.jar
 /home/jf/.m2/repository/org/springframework/spring-beans/2.0-m4/spring-beans-2.0-m4.jar
 /home/jf/.m2/repository/jfree/jfreechart/1.0.0/jfreechart-1.0.0.jar
 /home/jf/.m2/repository/commons-el/commons-el/1.0/commons-el-1.0.jar
 /home/jf/.m2/repository/log4j/log4j/1.2.14/log4j-1.2.14.jar
 /home/jf/.m2/repository/json-lib/json-lib/1.0b2-jdk15/json-lib-1.0b2-jdk15.jar
 /home/jf/.m2/repository/javax/transaction/jta/1.0.1B/jta-1.0.1B.jar
 /home/jf/.m2/repository/org/zkoss/zk/zk/2.2.1/zk-2.2.1.jar
 /home/jf/.m2/repository/zk/zk/2.2.1/zk-2.2.1.jar
 /home/jf/.m2/repository/commons-beanutils/commons-beanutils/1.7.0/commons-beanutils-1.7.0.jar
 /home/jf/.m2/repository/oro/oro/2.0.8/oro-2.0.8.jar
 /home/jf/.m2/repository/org/apache/maven/maven-repository-metadata/2.0.4/maven-repository-metadata-2.0.4.jar
 /home/jf/.m2/repository/org/springframework/spring-core/2.0-m4/spring-core-2.0-m4.jar
 /home/jf/.m2/repository/bsh/bsh/2.0b1/bsh-2.0b1.jar
 /home/jf/.m2/repository/zk/zul/2.2.1/zul-2.2.1.jar
 /home/jf/.m2/repository/zk/gmapsz/2.2.1/gmapsz-2.2.1.jar
 /home/jf/.m2/repository/org/apache/maven/maven-artifact-manager/2.0.4/maven-artifact-manager-2.0.4.jar
 /home/jf/.m2/repository/org/codehaus/plexus/plexus-utils/1.1/plexus-utils-1.1.jar
 /home/jf/.m2/repository/org/springframework/spring-dao/2.0-m4/spring-dao-2.0-m4.jar
 /home/jf/.m2/repository/zk/zcommon/2.2.1/zcommon-2.2.1.jar
 /home/jf/.m2/repository/org/zkoss/common/zweb/2.2.1/zweb-2.2.1.jar
 /home/jf/.m2/repository/org/springframework/spring-web/2.0-m4/spring-web-2.0-m4.jar
 /home/jf/.m2/repository/ognl/ognl/2.6.7/ognl-2.6.7.jar
 /home/jf/.m2/repository/zk/zweb/2.2.1/zweb-2.2.1.jar
 /home/jf/.m2/repository/org/springframework/spring-webmvc/1.2.8/spring-webmvc-1.2.8.jar
 /home/jf/.m2/repository/commons-io/commons-io/1.2/commons-io-1.2.jar
 /home/jf/.m2/repository/org/acegisecurity/acegi-security/1.0.3/acegi-security-1.0.3.jar]
[DEBUG] Output directory: /home/jf/workspace/channels/target/classes
[DEBUG] Classpath:
[DEBUG]  /home/jf/workspace/channels/target/classes
[DEBUG]  /home/jf/.m2/repository/commons-logging/commons-logging/1.0.4/commons-logging-1.0.4.jar
[DEBUG]  /home/jf/.m2/repository/drools/drools-compiler/3.0.5/drools-compiler-3.0.5.jar
[DEBUG]  /home/jf/.m2/repository/commons-collections/commons-collections/3.1/commons-collections-3.1.jar
[DEBUG]  /home/jf/.m2/repository/org/springframework/spring-remoting/1.2.8/spring-remoting-1.2.8.jar
[DEBUG]  /home/jf/.m2/repository/net/sf/ezmorph/ezmorph/1.0/ezmorph-1.0.jar
[DEBUG]  /home/jf/.m2/repository/org/springframework/spring-context/2.0-m4/spring-context-2.0-m4.jar
[DEBUG]  /home/jf/.m2/repository/zk/zkplus/2.2.1/zkplus-2.2.1.jar
[DEBUG]  /home/jf/.m2/repository/org/springframework/spring-jdbc/1.2.8/spring-jdbc-1.2.8.jar
[DEBUG]  /home/jf/.m2/repository/org/springframework/spring-aop/1.2.7/spring-aop-1.2.7.jar
[DEBUG]  /home/jf/.m2/repository/jfree/jcommon/1.0.0/jcommon-1.0.0.jar
[DEBUG]  /home/jf/.m2/repository/commons-codec/commons-codec/1.3/commons-codec-1.3.jar
[DEBUG]  /home/jf/.m2/repository/org/acegisecurity/acegi-security-tiger/1.0.3/acegi-security-tiger-1.0.3.jar
[DEBUG]  /home/jf/.m2/repository/zk/zhtml/2.2.1/zhtml-2.2.1.jar
[DEBUG]  /home/jf/.m2/repository/org/apache/maven/maven-artifact/2.0.4/maven-artifact-2.0.4.jar
[DEBUG]  /home/jf/.m2/repository/org/codehaus/plexus/plexus-container-default/1.0-alpha-9/plexus-container-default-1.0-alpha-9.jar
[DEBUG]  /home/jf/.m2/repository/commons-fileupload/commons-fileupload/1.1/commons-fileupload-1.1.jar
[DEBUG]  /home/jf/.m2/repository/org/apache/maven/wagon/wagon-provider-api/1.0-alpha-6/wagon-provider-api-1.0-alpha-6.jar
[DEBUG]  /home/jf/.m2/repository/org/ho/jyaml/jyaml-lib/1.0-beta-3/jyaml-lib-1.0-beta-3.jar
[DEBUG]  /home/jf/.m2/repository/classworlds/classworlds/1.1-alpha-2/classworlds-1.1-alpha-2.jar
[DEBUG]  /home/jf/.m2/repository/drools/drools-core/3.0.5/drools-core-3.0.5.jar
[DEBUG]  /home/jf/.m2/repository/zk/fckez/2.2.1/fckez-2.2.1.jar
[DEBUG]  /home/jf/.m2/repository/aspectj/aspectjrt/1.5.2/aspectjrt-1.5.2.jar
[DEBUG]  /home/jf/.m2/repository/org/zkoss/common/zcommon/2.2.1/zcommon-2.2.1.jar
[DEBUG]  /home/jf/.m2/repository/commons-lang/commons-lang/2.2/commons-lang-2.2.jar
[DEBUG]  /home/jf/.m2/repository/zk-mxgraph/zk-mxgraph/1.0-SNAPSHOT/zk-mxgraph-1.0-SNAPSHOT.jar
[DEBUG]  /home/jf/.m2/repository/zk/dojoz/2.2.1/dojoz-2.2.1.jar
[DEBUG]  /home/jf/.m2/repository/org/springframework/spring-beans/2.0-m4/spring-beans-2.0-m4.jar
[DEBUG]  /home/jf/.m2/repository/jfree/jfreechart/1.0.0/jfreechart-1.0.0.jar
[DEBUG]  /home/jf/.m2/repository/commons-el/commons-el/1.0/commons-el-1.0.jar
[DEBUG]  /home/jf/.m2/repository/log4j/log4j/1.2.14/log4j-1.2.14.jar
[DEBUG]  /home/jf/.m2/repository/json-lib/json-lib/1.0b2-jdk15/json-lib-1.0b2-jdk15.jar
[DEBUG]  /home/jf/.m2/repository/javax/transaction/jta/1.0.1B/jta-1.0.1B.jar
[DEBUG]  /home/jf/.m2/repository/org/zkoss/zk/zk/2.2.1/zk-2.2.1.jar
[DEBUG]  /home/jf/.m2/repository/zk/zk/2.2.1/zk-2.2.1.jar
[DEBUG]  /home/jf/.m2/repository/commons-beanutils/commons-beanutils/1.7.0/commons-beanutils-1.7.0.jar
[DEBUG]  /home/jf/.m2/repository/oro/oro/2.0.8/oro-2.0.8.jar
[DEBUG]  /home/jf/.m2/repository/org/apache/maven/maven-repository-metadata/2.0.4/maven-repository-metadata-2.0.4.jar
[DEBUG]  /home/jf/.m2/repository/org/springframework/spring-core/2.0-m4/spring-core-2.0-m4.jar
[DEBUG]  /home/jf/.m2/repository/bsh/bsh/2.0b1/bsh-2.0b1.jar
[DEBUG]  /home/jf/.m2/repository/zk/zul/2.2.1/zul-2.2.1.jar
[DEBUG]  /home/jf/.m2/repository/zk/gmapsz/2.2.1/gmapsz-2.2.1.jar
[DEBUG]  /home/jf/.m2/repository/org/apache/maven/maven-artifact-manager/2.0.4/maven-artifact-manager-2.0.4.jar
[DEBUG]  /home/jf/.m2/repository/org/codehaus/plexus/plexus-utils/1.1/plexus-utils-1.1.jar
[DEBUG]  /home/jf/.m2/repository/org/springframework/spring-dao/2.0-m4/spring-dao-2.0-m4.jar
[DEBUG]  /home/jf/.m2/repository/zk/zcommon/2.2.1/zcommon-2.2.1.jar
[DEBUG]  /home/jf/.m2/repository/org/zkoss/common/zweb/2.2.1/zweb-2.2.1.jar
[DEBUG]  /home/jf/.m2/repository/org/springframework/spring-web/2.0-m4/spring-web-2.0-m4.jar
[DEBUG]  /home/jf/.m2/repository/ognl/ognl/2.6.7/ognl-2.6.7.jar
[DEBUG]  /home/jf/.m2/repository/zk/zweb/2.2.1/zweb-2.2.1.jar
[DEBUG]  /home/jf/.m2/repository/org/springframework/spring-webmvc/1.2.8/spring-webmvc-1.2.8.jar
[DEBUG]  /home/jf/.m2/repository/commons-io/commons-io/1.2/commons-io-1.2.jar
[DEBUG]  /home/jf/.m2/repository/org/acegisecurity/acegi-security/1.0.3/acegi-security-1.0.3.jar
[DEBUG] Source roots:
[DEBUG]  /home/jf/workspace/channels/src/main/java
[DEBUG]  /home/jf/workspace/channels/src/main/aspect
[INFO] Compiling 40 source files to /home/jf/workspace/channels/target/classes
[DEBUG] com.mindalliance.channels:channels:war:1.0-SNAPSHOT (selected for null)
[DEBUG]   json-lib:json-lib:jar:1.0b2-jdk15:compile (selected for compile)
[DEBUG]     commons-logging:commons-logging:jar:1.1:compile (selected for compile)
[DEBUG]       avalon-framework:avalon-framework:jar:4.1.3:compile (selected for compile)
[DEBUG]       javax.servlet:servlet-api:jar:2.3:compile (selected for compile)
[DEBUG]       logkit:logkit:jar:1.0.1:compile (selected for compile)
[DEBUG]       log4j:log4j:jar:1.2.12:compile (selected for compile)
[DEBUG]     net.sf.ezmorph:ezmorph:jar:1.0:compile (selected for compile)
[DEBUG]       junit:junit:jar:3.8.1:compile (selected for compile)
[DEBUG]       commons-lang:commons-lang:jar:2.2:compile (selected for compile)
[DEBUG]     commons-lang:commons-lang:jar:2.2:compile (selected for compile)
[DEBUG]     commons-beanutils:commons-beanutils:jar:1.7.0:compile (selected for compile)
[DEBUG]       commons-logging:commons-logging:jar:1.0.3:compile (removed - nearer found: 1.1)
[DEBUG]   commons-codec:commons-codec:jar:1.3:compile (selected for compile)
[DEBUG]   org.acegisecurity:acegi-security-tiger:jar:1.0.3:compile (selected for compile)
[DEBUG]     org.springframework:spring-aop:jar:1.2.7:compile (selected for compile)
[DEBUG]       org.springframework:spring-beans:jar:1.2.7:compile (selected for compile)
[DEBUG]         org.springframework:spring-core:jar:1.2.7:compile (selected for compile)
[DEBUG]           commons-collections:commons-collections:jar:3.1:compile (selected for compile)
[DEBUG]           commons-logging:commons-logging:jar:1.0.4:compile (removed - nearer found: 1.1)
[DEBUG]         commons-logging:commons-logging:jar:1.0.4:compile (removed - nearer found: 1.1)
[DEBUG]     org.acegisecurity:acegi-security:jar:1.0.3:compile (selected for compile)
[DEBUG]       org.springframework:spring-support:jar:1.2.8:runtime (selected for runtime)
[DEBUG]       commons-logging:commons-logging:jar:1.0.4:compile (removed - nearer found: 1.1)
[DEBUG]       log4j:log4j:jar:1.2.9:runtime (removed - nearer found: 1.2.12)
[DEBUG]       commons-lang:commons-lang:jar:2.1:compile (removed - nearer found: 2.2)
[DEBUG]       commons-collections:commons-collections:jar:3.1:compile (selected for compile)
[DEBUG]       org.springframework:spring-remoting:jar:1.2.8:compile (selected for compile)
[DEBUG]         org.springframework:spring-webmvc:jar:1.2.8:compile (selected for compile)
[DEBUG]           org.springframework:spring-web:jar:1.2.8:compile (selected for compile)
[DEBUG]             org.springframework:spring-context:jar:1.2.8:compile (selected for compile)
[DEBUG]               org.springframework:spring-aop:jar:1.2.8:compile (removed - nearer found: 1.2.7)
[DEBUG]         org.springframework:spring-dao:jar:1.2.8:compile (selected for compile)
[DEBUG]           org.springframework:spring-context:jar:1.2.8:compile (selected for compile)
[DEBUG]             org.springframework:spring-aop:jar:1.2.8:compile (removed - nearer found: 1.2.7)
[DEBUG]       oro:oro:jar:2.0.8:compile (selected for compile)
[DEBUG]       org.springframework:spring-jdbc:jar:1.2.8:compile (selected for compile)
[DEBUG]         org.springframework:spring-beans:jar:1.2.8:compile (removed - nearer found: 1.2.7)
[DEBUG]   zk:zk:jar:2.2.1:compile (selected for compile)
[DEBUG]     zk:zhtml:jar:2.2.1:compile (selected for compile)
[DEBUG]     zk:zul:jar:2.2.1:compile (selected for compile)
[DEBUG]     commons-fileupload:commons-fileupload:jar:1.1:compile (selected for compile)
[DEBUG]       commons-io:commons-io:jar:1.1:compile (selected for compile)
[DEBUG]     zk:gmapsz:jar:2.2.1:compile (selected for compile)
[DEBUG]     zk:fckez:jar:2.2.1:compile (selected for compile)
[DEBUG]     zk:zcommon:jar:2.2.1:compile (selected for compile)
[DEBUG]     zk:dojoz:jar:2.2.1:compile (selected for compile)
[DEBUG] While downloading jfreechart:jfreechart:1.0.0
  This artifact has been relocated to jfree:jfreechart:1.0.0.


[DEBUG]     jfree:jfreechart:jar:1.0.0:compile (selected for compile)
[DEBUG]       junit:junit:jar:3.8:compile (removed - nearer found: 3.8.1)
[DEBUG]       jfree:jcommon:jar:1.0.0:compile (selected for compile)
[DEBUG]         junit:junit:jar:3.8:compile (removed - nearer found: 3.8.1)
[DEBUG]     zk:zweb:jar:2.2.1:compile (selected for compile)
[DEBUG]     zk:zkplus:jar:2.2.1:compile (selected for compile)
[DEBUG]     commons-el:commons-el:jar:1.0:compile (selected for compile)
[DEBUG]       commons-logging:commons-logging:jar:1.0.3:compile (removed - nearer found: 1.1)
[DEBUG]     commons-io:commons-io:jar:1.1:compile (removed - nearer found: 1.2)
[DEBUG]     commons-io:commons-io:jar:1.2:compile (selected for compile)
[DEBUG]     bsh:bsh:jar:2.0b1:compile (selected for compile)
[DEBUG]   org.apache.maven:maven-artifact-manager:jar:2.0.4:compile (selected for compile)
[DEBUG]     org.codehaus.plexus:plexus-utils:jar:1.1:compile (selected for compile)
[DEBUG]     org.apache.maven:maven-artifact:jar:2.0.4:compile (selected for compile)
[DEBUG]     org.codehaus.plexus:plexus-container-default:jar:1.0-alpha-9:compile (selected for compile)
[DEBUG]       org.codehaus.plexus:plexus-utils:jar:1.0.4:compile (removed - nearer found: 1.1)
[DEBUG]       classworlds:classworlds:jar:1.1-alpha-2:compile (selected for compile)
[DEBUG]     org.apache.maven.wagon:wagon-provider-api:jar:1.0-alpha-6:compile (selected for compile)
[DEBUG]       org.codehaus.plexus:plexus-utils:jar:1.0.4:compile (removed - nearer found: 1.1)
[DEBUG]     org.apache.maven:maven-repository-metadata:jar:2.0.4:compile (selected for compile)
[DEBUG]   commons-logging:commons-logging:jar:1.1:compile (removed - nearer found: 1.0.4)
[DEBUG]   commons-logging:commons-logging:jar:1.0.4:compile (selected for compile)
[DEBUG]   org.ho.jyaml:jyaml-lib:jar:1.0-beta-3:compile (selected for compile)
[DEBUG]   drools:drools-core:jar:3.0.5:compile (selected for compile)
[DEBUG]   aspectj:aspectjrt:jar:1.5.2:compile (selected for compile)
[DEBUG]   drools:drools-compiler:jar:3.0.5:compile (selected for compile)
[DEBUG]   org.springframework:spring-dao:jar:1.2.8:compile (removed - nearer found: 2.0-m4)
[DEBUG]   org.springframework:spring-dao:jar:2.0-m4:compile (selected for compile)
[DEBUG]     javax.transaction:jta:jar:1.0.1B:compile (selected for compile)
[DEBUG]     org.springframework:spring-context:jar:2.0-m4:compile (selected for compile)
[DEBUG]       org.springframework:spring-aop:jar:2.0-m4:compile (removed - nearer found: 1.2.7)
[DEBUG]   commons-collections:commons-collections:jar:3.1:compile (selected for compile)
[DEBUG]   org.springframework:spring-web:jar:1.2.8:compile (removed - nearer found: 2.0-m4)
[DEBUG]   org.springframework:spring-web:jar:2.0-m4:compile (selected for compile)
[DEBUG]   org.springframework:spring-context:jar:2.0-m4:compile (selected for compile)
[DEBUG]     org.springframework:spring-aop:jar:2.0-m4:compile (removed - nearer found: 1.2.7)
[DEBUG]   org.springframework:spring-beans:jar:1.2.7:compile (removed - nearer found: 2.0-m4)
[DEBUG]   org.springframework:spring-beans:jar:2.0-m4:compile (selected for compile)
[DEBUG]     org.springframework:spring-core:jar:2.0-m4:compile (selected for compile)
[DEBUG]   ognl:ognl:jar:2.6.7:compile (selected for compile)
[DEBUG]   junit:junit:jar:4.0:test (not setting scope to: compile; local scope test wins)
[DEBUG]   junit:junit:jar:3.8.1:compile (removed - nearer found: 4.0)
[DEBUG]   junit:junit:jar:4.0:test (selected for test)
[DEBUG]   zk-mxgraph:zk-mxgraph:jar:1.0-20070227.180122-3:compile (selected for compile)
[DEBUG]     org.zkoss.zk:zk:jar:2.2.1:compile (selected for compile)
[DEBUG]       org.zkoss.common:zweb:jar:2.2.1:compile (selected for compile)
[DEBUG]         org.zkoss.common:zcommon:jar:2.2.1:compile (selected for compile)
[DEBUG]           commons-fileupload:commons-fileupload:jar:1.1.1:compile (removed - nearer found: 1.1)
[DEBUG]       org.zkoss.common:zcommon:jar:2.2.1:compile (selected for compile)
[DEBUG]         commons-fileupload:commons-fileupload:jar:1.1.1:compile (removed - nearer found: 1.1)
[DEBUG]     commons-lang:commons-lang:jar:2.1:compile (removed - nearer found: 2.2)
[DEBUG]   org.springframework:spring-core:jar:2.0-m4:compile (selected for compile)
[DEBUG]   org.easymock:easymock:jar:2.2:test (selected for test)
[DEBUG]   log4j:log4j:jar:1.2.14:compile (selected for compile)
[DEBUG] Configuring mojo 'org.codehaus.mojo:aspectj-maven-plugin:1.0-beta-2:test-compile' -->
[DEBUG]   (s) argumentFileName = builddef.lst
[DEBUG]   (f) aspectDirectory = src/main/aspect
[DEBUG]   (f) basedir = /home/jf/workspace/channels
[DEBUG]   (f) project = org.apache.maven.project.MavenProject@d9901a48
[DEBUG]   (s) source = 1.5
[DEBUG]   (f) testAspectDirectory = src/test/aspect
[DEBUG]   (f) weaveMainSourceFolder = false
[DEBUG]   (f) weaveWithAspectsInMainSourceFolder = true
[DEBUG] -- end configuration --
[INFO] [aspectj:test-compile {execution: default}]
[DEBUG] Adding -aspectpath: /home/jf/workspace/channels/target/classes
[DEBUG] Starting compiling aspects
[DEBUG] Running : ajc -source 1.5 -classpath /home/jf/.m2/repository/aspectj/aspectjrt/1.5.2/aspectjrt-1.5.2.jar:/home/jf/.m2/repository/bsh/bsh/2.0b1/bsh-2.0b1.jar:/home/jf/.m2/repository/classworlds/classworlds/1.1-alpha-2/classworlds-1.1-alpha-2.jar:/home/jf/.m2/repository/commons-beanutils/commons-beanutils/1.7.0/commons-beanutils-1.7.0.jar:/home/jf/.m2/repository/commons-codec/commons-codec/1.3/commons-codec-1.3.jar:/home/jf/.m2/repository/commons-collections/commons-collections/3.1/commons-collections-3.1.jar:/home/jf/.m2/repository/commons-el/commons-el/1.0/commons-el-1.0.jar:/home/jf/.m2/repository/commons-fileupload/commons-fileupload/1.1/commons-fileupload-1.1.jar:/home/jf/.m2/repository/commons-io/commons-io/1.2/commons-io-1.2.jar:/home/jf/.m2/repository/commons-lang/commons-lang/2.2/commons-lang-2.2.jar:/home/jf/.m2/repository/commons-logging/commons-logging/1.0.4/commons-logging-1.0.4.jar:/home/jf/.m2/repository/drools/drools-compiler/3.0.5/drools-compiler-3.0.5.jar:/home/jf/.m2/repository/drools/drools-core/3.0.5/drools-core-3.0.5.jar:/home/jf/.m2/repository/javax/transaction/jta/1.0.1B/jta-1.0.1B.jar:/home/jf/.m2/repository/jfree/jcommon/1.0.0/jcommon-1.0.0.jar:/home/jf/.m2/repository/jfree/jfreechart/1.0.0/jfreechart-1.0.0.jar:/home/jf/.m2/repository/json-lib/json-lib/1.0b2-jdk15/json-lib-1.0b2-jdk15.jar:/home/jf/.m2/repository/junit/junit/4.0/junit-4.0.jar:/home/jf/.m2/repository/log4j/log4j/1.2.14/log4j-1.2.14.jar:/home/jf/.m2/repository/net/sf/ezmorph/ezmorph/1.0/ezmorph-1.0.jar:/home/jf/.m2/repository/ognl/ognl/2.6.7/ognl-2.6.7.jar:/home/jf/.m2/repository/org/acegisecurity/acegi-security/1.0.3/acegi-security-1.0.3.jar:/home/jf/.m2/repository/org/acegisecurity/acegi-security-tiger/1.0.3/acegi-security-tiger-1.0.3.jar:/home/jf/.m2/repository/org/apache/maven/maven-artifact/2.0.4/maven-artifact-2.0.4.jar:/home/jf/.m2/repository/org/apache/maven/maven-artifact-manager/2.0.4/maven-artifact-manager-2.0.4.jar:/home/jf/.m2/repository/org/apache/maven/maven-repository-metadata/2.0.4/maven-repository-metadata-2.0.4.jar:/home/jf/.m2/repository/org/apache/maven/wagon/wagon-provider-api/1.0-alpha-6/wagon-provider-api-1.0-alpha-6.jar:/home/jf/.m2/repository/org/codehaus/plexus/plexus-container-default/1.0-alpha-9/plexus-container-default-1.0-alpha-9.jar:/home/jf/.m2/repository/org/codehaus/plexus/plexus-utils/1.1/plexus-utils-1.1.jar:/home/jf/.m2/repository/org/easymock/easymock/2.2/easymock-2.2.jar:/home/jf/.m2/repository/org/ho/jyaml/jyaml-lib/1.0-beta-3/jyaml-lib-1.0-beta-3.jar:/home/jf/.m2/repository/org/springframework/spring-aop/1.2.7/spring-aop-1.2.7.jar:/home/jf/.m2/repository/org/springframework/spring-beans/2.0-m4/spring-beans-2.0-m4.jar:/home/jf/.m2/repository/org/springframework/spring-context/2.0-m4/spring-context-2.0-m4.jar:/home/jf/.m2/repository/org/springframework/spring-core/2.0-m4/spring-core-2.0-m4.jar:/home/jf/.m2/repository/org/springframework/spring-dao/2.0-m4/spring-dao-2.0-m4.jar:/home/jf/.m2/repository/org/springframework/spring-jdbc/1.2.8/spring-jdbc-1.2.8.jar:/home/jf/.m2/repository/org/springframework/spring-remoting/1.2.8/spring-remoting-1.2.8.jar:/home/jf/.m2/repository/org/springframework/spring-support/1.2.8/spring-support-1.2.8.jar:/home/jf/.m2/repository/org/springframework/spring-web/2.0-m4/spring-web-2.0-m4.jar:/home/jf/.m2/repository/org/springframework/spring-webmvc/1.2.8/spring-webmvc-1.2.8.jar:/home/jf/.m2/repository/org/zkoss/common/zcommon/2.2.1/zcommon-2.2.1.jar:/home/jf/.m2/repository/org/zkoss/common/zweb/2.2.1/zweb-2.2.1.jar:/home/jf/.m2/repository/org/zkoss/zk/zk/2.2.1/zk-2.2.1.jar:/home/jf/.m2/repository/oro/oro/2.0.8/oro-2.0.8.jar:/home/jf/.m2/repository/zk/dojoz/2.2.1/dojoz-2.2.1.jar:/home/jf/.m2/repository/zk/fckez/2.2.1/fckez-2.2.1.jar:/home/jf/.m2/repository/zk/gmapsz/2.2.1/gmapsz-2.2.1.jar:/home/jf/.m2/repository/zk/zcommon/2.2.1/zcommon-2.2.1.jar:/home/jf/.m2/repository/zk/zhtml/2.2.1/zhtml-2.2.1.jar:/home/jf/.m2/repository/zk/zk/2.2.1/zk-2.2.1.jar:/home/jf/.m2/repository/zk/zkplus/2.2.1/zkplus-2.2.1.jar:/home/jf/.m2/repository/zk/zul/2.2.1/zul-2.2.1.jar:/home/jf/.m2/repository/zk/zweb/2.2.1/zweb-2.2.1.jar:/home/jf/.m2/repository/zk-mxgraph/zk-mxgraph/1.0-SNAPSHOT/zk-mxgraph-1.0-SNAPSHOT.jar:/home/jf/workspace/channels/target/test-classes:/home/jf/workspace/channels/target/classes -aspectpath /home/jf/workspace/channels/target/classes -d /home/jf/workspace/channels/target/test-classes /home/jf/workspace/channels/src/test/java/com/mindalliance/channels/system/SystemImplTest.java /home/jf/workspace/channels/src/test/java/com/mindalliance/channels/util/TestListener.java /home/jf/workspace/channels/src/test/java/com/mindalliance/channels/util/TestObject.java /home/jf/workspace/channels/src/test/java/com/mindalliance/channels/util/GUIDFactoryImplTest.java /home/jf/workspace/channels/src/test/java/com/mindalliance/channels/system/UserImplTest.java /home/jf/workspace/channels/src/test/java/com/mindalliance/channels/util/JavaBeanTest.java /home/jf/workspace/channels/src/test/java/com/mindalliance/channels/model/ModelObjectFactoryTest.java /home/jf/workspace/channels/src/test/java/com/mindalliance/channels/system/ProjectImplTest.java /home/jf/workspace/channels/src/test/java/com/mindalliance/channels/model/TestModelObject.java /home/jf/workspace/channels/src/test/java/com/mindalliance/channels/model/support/SuggestionTest.java 
[DEBUG] Argumentsfile written : /home/jf/workspace/channels/target/test-classesbuilddef.lst
[WARNING] bad version number found in /home/jf/.m2/repository/aspectj/aspectjrt/1.5.2/aspectjrt-1.5.2.jar expected 1.5.2a found 1.5.2
[DEBUG] directory classpath entry does not exist: /home/jf/java/jdk1.5.0_07/jre/lib/i18n.jar
[DEBUG] directory classpath entry does not exist: /home/jf/java/jdk1.5.0_07/jre/lib/sunrsasign.jar
[DEBUG] zipfile classpath entry does not exist: /home/jf/java/jdk1.5.0_07/jre/classes
[DEBUG] compiling /home/jf/workspace/channels/src/test/java/com/mindalliance/channels/system/SystemImplTest.java
[DEBUG] compiling /home/jf/workspace/channels/src/test/java/com/mindalliance/channels/util/TestListener.java
[DEBUG] compiling /home/jf/workspace/channels/src/test/java/com/mindalliance/channels/util/TestObject.java
[DEBUG] compiling /home/jf/workspace/channels/src/test/java/com/mindalliance/channels/util/GUIDFactoryImplTest.java
[DEBUG] compiling /home/jf/workspace/channels/src/test/java/com/mindalliance/channels/system/UserImplTest.java
[DEBUG] compiling /home/jf/workspace/channels/src/test/java/com/mindalliance/channels/util/JavaBeanTest.java
[DEBUG] compiling /home/jf/workspace/channels/src/test/java/com/mindalliance/channels/model/ModelObjectFactoryTest.java
[DEBUG] compiling /home/jf/workspace/channels/src/test/java/com/mindalliance/channels/system/ProjectImplTest.java
[DEBUG] compiling /home/jf/workspace/channels/src/test/java/com/mindalliance/channels/model/TestModelObject.java
[DEBUG] compiling /home/jf/workspace/channels/src/test/java/com/mindalliance/channels/model/support/SuggestionTest.java
[DEBUG] weaver operating in reweavable mode.  Need to verify any required types exist.
[DEBUG] Configuring mojo 'org.apache.maven.plugins:maven-resources-plugin:2.3-SNAPSHOT:testResources' -->
[DEBUG]   (f) filters = []
[DEBUG]   (f) outputDirectory = /home/jf/workspace/channels/target/test-classes
[DEBUG]   (f) project = org.apache.maven.project.MavenProject@d9901a48
[DEBUG]   (f) resources = [org.apache.maven.model.Resource@ffb648]
[DEBUG] -- end configuration --
[INFO] [resources:testResources]
[INFO] Using default encoding to copy filtered resources.
[INFO] Resource directory does not exist: /home/jf/workspace/channels/src/test/resources
[DEBUG] com.mindalliance.channels:channels:war:1.0-SNAPSHOT (selected for null)
[DEBUG]   json-lib:json-lib:jar:1.0b2-jdk15:compile (selected for compile)
[DEBUG]     commons-logging:commons-logging:jar:1.1:compile (selected for compile)
[DEBUG]       avalon-framework:avalon-framework:jar:4.1.3:compile (selected for compile)
[DEBUG]       javax.servlet:servlet-api:jar:2.3:compile (selected for compile)
[DEBUG]       logkit:logkit:jar:1.0.1:compile (selected for compile)
[DEBUG]       log4j:log4j:jar:1.2.12:compile (selected for compile)
[DEBUG]     net.sf.ezmorph:ezmorph:jar:1.0:compile (selected for compile)
[DEBUG]       junit:junit:jar:3.8.1:compile (selected for compile)
[DEBUG]       commons-lang:commons-lang:jar:2.2:compile (selected for compile)
[DEBUG]     commons-lang:commons-lang:jar:2.2:compile (selected for compile)
[DEBUG]     commons-beanutils:commons-beanutils:jar:1.7.0:compile (selected for compile)
[DEBUG]       commons-logging:commons-logging:jar:1.0.3:compile (removed - nearer found: 1.1)
[DEBUG]   commons-codec:commons-codec:jar:1.3:compile (selected for compile)
[DEBUG]   org.acegisecurity:acegi-security-tiger:jar:1.0.3:compile (selected for compile)
[DEBUG]     org.springframework:spring-aop:jar:1.2.7:compile (selected for compile)
[DEBUG]       org.springframework:spring-beans:jar:1.2.7:compile (selected for compile)
[DEBUG]         org.springframework:spring-core:jar:1.2.7:compile (selected for compile)
[DEBUG]           commons-collections:commons-collections:jar:3.1:compile (selected for compile)
[DEBUG]           commons-logging:commons-logging:jar:1.0.4:compile (removed - nearer found: 1.1)
[DEBUG]         commons-logging:commons-logging:jar:1.0.4:compile (removed - nearer found: 1.1)
[DEBUG]     org.acegisecurity:acegi-security:jar:1.0.3:compile (selected for compile)
[DEBUG]       org.springframework:spring-support:jar:1.2.8:runtime (selected for runtime)
[DEBUG]       commons-logging:commons-logging:jar:1.0.4:compile (removed - nearer found: 1.1)
[DEBUG]       log4j:log4j:jar:1.2.9:runtime (removed - nearer found: 1.2.12)
[DEBUG]       commons-lang:commons-lang:jar:2.1:compile (removed - nearer found: 2.2)
[DEBUG]       commons-collections:commons-collections:jar:3.1:compile (selected for compile)
[DEBUG]       org.springframework:spring-remoting:jar:1.2.8:compile (selected for compile)
[DEBUG]         org.springframework:spring-webmvc:jar:1.2.8:compile (selected for compile)
[DEBUG]           org.springframework:spring-web:jar:1.2.8:compile (selected for compile)
[DEBUG]             org.springframework:spring-context:jar:1.2.8:compile (selected for compile)
[DEBUG]               org.springframework:spring-aop:jar:1.2.8:compile (removed - nearer found: 1.2.7)
[DEBUG]         org.springframework:spring-dao:jar:1.2.8:compile (selected for compile)
[DEBUG]           org.springframework:spring-context:jar:1.2.8:compile (selected for compile)
[DEBUG]             org.springframework:spring-aop:jar:1.2.8:compile (removed - nearer found: 1.2.7)
[DEBUG]       oro:oro:jar:2.0.8:compile (selected for compile)
[DEBUG]       org.springframework:spring-jdbc:jar:1.2.8:compile (selected for compile)
[DEBUG]         org.springframework:spring-beans:jar:1.2.8:compile (removed - nearer found: 1.2.7)
[DEBUG]   zk:zk:jar:2.2.1:compile (selected for compile)
[DEBUG]     zk:zhtml:jar:2.2.1:compile (selected for compile)
[DEBUG]     zk:zul:jar:2.2.1:compile (selected for compile)
[DEBUG]     commons-fileupload:commons-fileupload:jar:1.1:compile (selected for compile)
[DEBUG]       commons-io:commons-io:jar:1.1:compile (selected for compile)
[DEBUG]     zk:gmapsz:jar:2.2.1:compile (selected for compile)
[DEBUG]     zk:fckez:jar:2.2.1:compile (selected for compile)
[DEBUG]     zk:zcommon:jar:2.2.1:compile (selected for compile)
[DEBUG]     zk:dojoz:jar:2.2.1:compile (selected for compile)
[DEBUG] While downloading jfreechart:jfreechart:1.0.0
  This artifact has been relocated to jfree:jfreechart:1.0.0.


[DEBUG]     jfree:jfreechart:jar:1.0.0:compile (selected for compile)
[DEBUG]       junit:junit:jar:3.8:compile (removed - nearer found: 3.8.1)
[DEBUG]       jfree:jcommon:jar:1.0.0:compile (selected for compile)
[DEBUG]         junit:junit:jar:3.8:compile (removed - nearer found: 3.8.1)
[DEBUG]     zk:zweb:jar:2.2.1:compile (selected for compile)
[DEBUG]     zk:zkplus:jar:2.2.1:compile (selected for compile)
[DEBUG]     commons-el:commons-el:jar:1.0:compile (selected for compile)
[DEBUG]       commons-logging:commons-logging:jar:1.0.3:compile (removed - nearer found: 1.1)
[DEBUG]     commons-io:commons-io:jar:1.1:compile (removed - nearer found: 1.2)
[DEBUG]     commons-io:commons-io:jar:1.2:compile (selected for compile)
[DEBUG]     bsh:bsh:jar:2.0b1:compile (selected for compile)
[DEBUG]   org.apache.maven:maven-artifact-manager:jar:2.0.4:compile (selected for compile)
[DEBUG]     org.codehaus.plexus:plexus-utils:jar:1.1:compile (selected for compile)
[DEBUG]     org.apache.maven:maven-artifact:jar:2.0.4:compile (selected for compile)
[DEBUG]     org.codehaus.plexus:plexus-container-default:jar:1.0-alpha-9:compile (selected for compile)
[DEBUG]       org.codehaus.plexus:plexus-utils:jar:1.0.4:compile (removed - nearer found: 1.1)
[DEBUG]       classworlds:classworlds:jar:1.1-alpha-2:compile (selected for compile)
[DEBUG]     org.apache.maven.wagon:wagon-provider-api:jar:1.0-alpha-6:compile (selected for compile)
[DEBUG]       org.codehaus.plexus:plexus-utils:jar:1.0.4:compile (removed - nearer found: 1.1)
[DEBUG]     org.apache.maven:maven-repository-metadata:jar:2.0.4:compile (selected for compile)
[DEBUG]   commons-logging:commons-logging:jar:1.1:compile (removed - nearer found: 1.0.4)
[DEBUG]   commons-logging:commons-logging:jar:1.0.4:compile (selected for compile)
[DEBUG]   org.ho.jyaml:jyaml-lib:jar:1.0-beta-3:compile (selected for compile)
[DEBUG]   drools:drools-core:jar:3.0.5:compile (selected for compile)
[DEBUG]   aspectj:aspectjrt:jar:1.5.2:compile (selected for compile)
[DEBUG]   drools:drools-compiler:jar:3.0.5:compile (selected for compile)
[DEBUG]   org.springframework:spring-dao:jar:1.2.8:compile (removed - nearer found: 2.0-m4)
[DEBUG]   org.springframework:spring-dao:jar:2.0-m4:compile (selected for compile)
[DEBUG]     javax.transaction:jta:jar:1.0.1B:compile (selected for compile)
[DEBUG]     org.springframework:spring-context:jar:2.0-m4:compile (selected for compile)
[DEBUG]       org.springframework:spring-aop:jar:2.0-m4:compile (removed - nearer found: 1.2.7)
[DEBUG]   commons-collections:commons-collections:jar:3.1:compile (selected for compile)
[DEBUG]   org.springframework:spring-web:jar:1.2.8:compile (removed - nearer found: 2.0-m4)
[DEBUG]   org.springframework:spring-web:jar:2.0-m4:compile (selected for compile)
[DEBUG]   org.springframework:spring-context:jar:2.0-m4:compile (selected for compile)
[DEBUG]     org.springframework:spring-aop:jar:2.0-m4:compile (removed - nearer found: 1.2.7)
[DEBUG]   org.springframework:spring-beans:jar:1.2.7:compile (removed - nearer found: 2.0-m4)
[DEBUG]   org.springframework:spring-beans:jar:2.0-m4:compile (selected for compile)
[DEBUG]     org.springframework:spring-core:jar:2.0-m4:compile (selected for compile)
[DEBUG]   ognl:ognl:jar:2.6.7:compile (selected for compile)
[DEBUG]   junit:junit:jar:4.0:test (not setting scope to: compile; local scope test wins)
[DEBUG]   junit:junit:jar:3.8.1:compile (removed - nearer found: 4.0)
[DEBUG]   junit:junit:jar:4.0:test (selected for test)
[DEBUG]   zk-mxgraph:zk-mxgraph:jar:1.0-20070227.180122-3:compile (selected for compile)
[DEBUG]     org.zkoss.zk:zk:jar:2.2.1:compile (selected for compile)
[DEBUG]       org.zkoss.common:zweb:jar:2.2.1:compile (selected for compile)
[DEBUG]         org.zkoss.common:zcommon:jar:2.2.1:compile (selected for compile)
[DEBUG]           commons-fileupload:commons-fileupload:jar:1.1.1:compile (removed - nearer found: 1.1)
[DEBUG]       org.zkoss.common:zcommon:jar:2.2.1:compile (selected for compile)
[DEBUG]         commons-fileupload:commons-fileupload:jar:1.1.1:compile (removed - nearer found: 1.1)
[DEBUG]     commons-lang:commons-lang:jar:2.1:compile (removed - nearer found: 2.2)
[DEBUG]   org.springframework:spring-core:jar:2.0-m4:compile (selected for compile)
[DEBUG]   org.easymock:easymock:jar:2.2:test (selected for test)
[DEBUG]   log4j:log4j:jar:1.2.14:compile (selected for compile)
[DEBUG] Configuring mojo 'org.apache.maven.plugins:maven-compiler-plugin:2.1-SNAPSHOT:testCompile' -->
[DEBUG]   (f) basedir = /home/jf/workspace/channels
[DEBUG]   (f) buildDirectory = /home/jf/workspace/channels/target
[DEBUG]   (f) classpathElements = [/home/jf/workspace/channels/target/classes, /home/jf/workspace/channels/target/test-classes, /home/jf/.m2/repository/org/springframework/spring-support/1.2.8/spring-support-1.2.8.jar, /home/jf/.m2/repository/commons-logging/commons-logging/1.0.4/commons-logging-1.0.4.jar, /home/jf/.m2/repository/drools/drools-compiler/3.0.5/drools-compiler-3.0.5.jar, /home/jf/.m2/repository/commons-collections/commons-collections/3.1/commons-collections-3.1.jar, /home/jf/.m2/repository/org/springframework/spring-remoting/1.2.8/spring-remoting-1.2.8.jar, /home/jf/.m2/repository/net/sf/ezmorph/ezmorph/1.0/ezmorph-1.0.jar, /home/jf/.m2/repository/org/springframework/spring-context/2.0-m4/spring-context-2.0-m4.jar, /home/jf/.m2/repository/zk/zkplus/2.2.1/zkplus-2.2.1.jar, /home/jf/.m2/repository/org/springframework/spring-jdbc/1.2.8/spring-jdbc-1.2.8.jar, /home/jf/.m2/repository/org/springframework/spring-aop/1.2.7/spring-aop-1.2.7.jar, /home/jf/.m2/repository/jfree/jcommon/1.0.0/jcommon-1.0.0.jar, /home/jf/.m2/repository/org/acegisecurity/acegi-security-tiger/1.0.3/acegi-security-tiger-1.0.3.jar, /home/jf/.m2/repository/zk/zhtml/2.2.1/zhtml-2.2.1.jar, /home/jf/.m2/repository/commons-codec/commons-codec/1.3/commons-codec-1.3.jar, /home/jf/.m2/repository/org/apache/maven/maven-artifact/2.0.4/maven-artifact-2.0.4.jar, /home/jf/.m2/repository/org/codehaus/plexus/plexus-container-default/1.0-alpha-9/plexus-container-default-1.0-alpha-9.jar, /home/jf/.m2/repository/commons-fileupload/commons-fileupload/1.1/commons-fileupload-1.1.jar, /home/jf/.m2/repository/org/apache/maven/wagon/wagon-provider-api/1.0-alpha-6/wagon-provider-api-1.0-alpha-6.jar, /home/jf/.m2/repository/org/ho/jyaml/jyaml-lib/1.0-beta-3/jyaml-lib-1.0-beta-3.jar, /home/jf/.m2/repository/classworlds/classworlds/1.1-alpha-2/classworlds-1.1-alpha-2.jar, /home/jf/.m2/repository/drools/drools-core/3.0.5/drools-core-3.0.5.jar, /home/jf/.m2/repository/zk/fckez/2.2.1/fckez-2.2.1.jar, /home/jf/.m2/repository/aspectj/aspectjrt/1.5.2/aspectjrt-1.5.2.jar, /home/jf/.m2/repository/org/zkoss/common/zcommon/2.2.1/zcommon-2.2.1.jar, /home/jf/.m2/repository/commons-lang/commons-lang/2.2/commons-lang-2.2.jar, /home/jf/.m2/repository/zk-mxgraph/zk-mxgraph/1.0-SNAPSHOT/zk-mxgraph-1.0-SNAPSHOT.jar, /home/jf/.m2/repository/zk/dojoz/2.2.1/dojoz-2.2.1.jar, /home/jf/.m2/repository/org/springframework/spring-beans/2.0-m4/spring-beans-2.0-m4.jar, /home/jf/.m2/repository/jfree/jfreechart/1.0.0/jfreechart-1.0.0.jar, /home/jf/.m2/repository/commons-el/commons-el/1.0/commons-el-1.0.jar, /home/jf/.m2/repository/log4j/log4j/1.2.14/log4j-1.2.14.jar, /home/jf/.m2/repository/json-lib/json-lib/1.0b2-jdk15/json-lib-1.0b2-jdk15.jar, /home/jf/.m2/repository/javax/transaction/jta/1.0.1B/jta-1.0.1B.jar, /home/jf/.m2/repository/org/zkoss/zk/zk/2.2.1/zk-2.2.1.jar, /home/jf/.m2/repository/zk/zk/2.2.1/zk-2.2.1.jar, /home/jf/.m2/repository/commons-beanutils/commons-beanutils/1.7.0/commons-beanutils-1.7.0.jar, /home/jf/.m2/repository/oro/oro/2.0.8/oro-2.0.8.jar, /home/jf/.m2/repository/org/apache/maven/maven-repository-metadata/2.0.4/maven-repository-metadata-2.0.4.jar, /home/jf/.m2/repository/junit/junit/4.0/junit-4.0.jar, /home/jf/.m2/repository/org/easymock/easymock/2.2/easymock-2.2.jar, /home/jf/.m2/repository/org/springframework/spring-core/2.0-m4/spring-core-2.0-m4.jar, /home/jf/.m2/repository/bsh/bsh/2.0b1/bsh-2.0b1.jar, /home/jf/.m2/repository/zk/zul/2.2.1/zul-2.2.1.jar, /home/jf/.m2/repository/zk/gmapsz/2.2.1/gmapsz-2.2.1.jar, /home/jf/.m2/repository/org/apache/maven/maven-artifact-manager/2.0.4/maven-artifact-manager-2.0.4.jar, /home/jf/.m2/repository/org/codehaus/plexus/plexus-utils/1.1/plexus-utils-1.1.jar, /home/jf/.m2/repository/org/springframework/spring-dao/2.0-m4/spring-dao-2.0-m4.jar, /home/jf/.m2/repository/zk/zcommon/2.2.1/zcommon-2.2.1.jar, /home/jf/.m2/repository/org/zkoss/common/zweb/2.2.1/zweb-2.2.1.jar, /home/jf/.m2/repository/org/springframework/spring-web/2.0-m4/spring-web-2.0-m4.jar, /home/jf/.m2/repository/ognl/ognl/2.6.7/ognl-2.6.7.jar, /home/jf/.m2/repository/zk/zweb/2.2.1/zweb-2.2.1.jar, /home/jf/.m2/repository/org/springframework/spring-webmvc/1.2.8/spring-webmvc-1.2.8.jar, /home/jf/.m2/repository/commons-io/commons-io/1.2/commons-io-1.2.jar, /home/jf/.m2/repository/org/acegisecurity/acegi-security/1.0.3/acegi-security-1.0.3.jar]
[DEBUG]   (f) compileSourceRoots = [/home/jf/workspace/channels/src/test/java, /home/jf/workspace/channels/src/test/aspect, /home/jf/workspace/channels/src/test/aspect]
[DEBUG]   (f) compilerId = javac
[DEBUG]   (f) debug = true
[DEBUG]   (f) failOnError = true
[DEBUG]   (f) fork = false
[DEBUG]   (f) optimize = false
[DEBUG]   (f) outputDirectory = /home/jf/workspace/channels/target/test-classes
[DEBUG]   (f) outputFileName = channels-1.0-SNAPSHOT
[DEBUG]   (f) showDeprecation = false
[DEBUG]   (f) showWarnings = false
[DEBUG]   (f) source = 1.5
[DEBUG]   (f) staleMillis = 0
[DEBUG]   (f) target = 1.5
[DEBUG]   (f) verbose = false
[DEBUG] -- end configuration --
[INFO] [compiler:testCompile]
[DEBUG] Using compiler 'javac'.
[DEBUG] Source directories: [/home/jf/workspace/channels/src/test/java]
[DEBUG] Classpath: [/home/jf/workspace/channels/target/classes
 /home/jf/workspace/channels/target/test-classes
 /home/jf/.m2/repository/org/springframework/spring-support/1.2.8/spring-support-1.2.8.jar
 /home/jf/.m2/repository/commons-logging/commons-logging/1.0.4/commons-logging-1.0.4.jar
 /home/jf/.m2/repository/drools/drools-compiler/3.0.5/drools-compiler-3.0.5.jar
 /home/jf/.m2/repository/commons-collections/commons-collections/3.1/commons-collections-3.1.jar
 /home/jf/.m2/repository/org/springframework/spring-remoting/1.2.8/spring-remoting-1.2.8.jar
 /home/jf/.m2/repository/net/sf/ezmorph/ezmorph/1.0/ezmorph-1.0.jar
 /home/jf/.m2/repository/org/springframework/spring-context/2.0-m4/spring-context-2.0-m4.jar
 /home/jf/.m2/repository/zk/zkplus/2.2.1/zkplus-2.2.1.jar
 /home/jf/.m2/repository/org/springframework/spring-jdbc/1.2.8/spring-jdbc-1.2.8.jar
 /home/jf/.m2/repository/org/springframework/spring-aop/1.2.7/spring-aop-1.2.7.jar
 /home/jf/.m2/repository/jfree/jcommon/1.0.0/jcommon-1.0.0.jar
 /home/jf/.m2/repository/org/acegisecurity/acegi-security-tiger/1.0.3/acegi-security-tiger-1.0.3.jar
 /home/jf/.m2/repository/zk/zhtml/2.2.1/zhtml-2.2.1.jar
 /home/jf/.m2/repository/commons-codec/commons-codec/1.3/commons-codec-1.3.jar
 /home/jf/.m2/repository/org/apache/maven/maven-artifact/2.0.4/maven-artifact-2.0.4.jar
 /home/jf/.m2/repository/org/codehaus/plexus/plexus-container-default/1.0-alpha-9/plexus-container-default-1.0-alpha-9.jar
 /home/jf/.m2/repository/commons-fileupload/commons-fileupload/1.1/commons-fileupload-1.1.jar
 /home/jf/.m2/repository/org/apache/maven/wagon/wagon-provider-api/1.0-alpha-6/wagon-provider-api-1.0-alpha-6.jar
 /home/jf/.m2/repository/org/ho/jyaml/jyaml-lib/1.0-beta-3/jyaml-lib-1.0-beta-3.jar
 /home/jf/.m2/repository/classworlds/classworlds/1.1-alpha-2/classworlds-1.1-alpha-2.jar
 /home/jf/.m2/repository/drools/drools-core/3.0.5/drools-core-3.0.5.jar
 /home/jf/.m2/repository/zk/fckez/2.2.1/fckez-2.2.1.jar
 /home/jf/.m2/repository/aspectj/aspectjrt/1.5.2/aspectjrt-1.5.2.jar
 /home/jf/.m2/repository/org/zkoss/common/zcommon/2.2.1/zcommon-2.2.1.jar
 /home/jf/.m2/repository/commons-lang/commons-lang/2.2/commons-lang-2.2.jar
 /home/jf/.m2/repository/zk-mxgraph/zk-mxgraph/1.0-SNAPSHOT/zk-mxgraph-1.0-SNAPSHOT.jar
 /home/jf/.m2/repository/zk/dojoz/2.2.1/dojoz-2.2.1.jar
 /home/jf/.m2/repository/org/springframework/spring-beans/2.0-m4/spring-beans-2.0-m4.jar
 /home/jf/.m2/repository/jfree/jfreechart/1.0.0/jfreechart-1.0.0.jar
 /home/jf/.m2/repository/commons-el/commons-el/1.0/commons-el-1.0.jar
 /home/jf/.m2/repository/log4j/log4j/1.2.14/log4j-1.2.14.jar
 /home/jf/.m2/repository/json-lib/json-lib/1.0b2-jdk15/json-lib-1.0b2-jdk15.jar
 /home/jf/.m2/repository/javax/transaction/jta/1.0.1B/jta-1.0.1B.jar
 /home/jf/.m2/repository/org/zkoss/zk/zk/2.2.1/zk-2.2.1.jar
 /home/jf/.m2/repository/zk/zk/2.2.1/zk-2.2.1.jar
 /home/jf/.m2/repository/commons-beanutils/commons-beanutils/1.7.0/commons-beanutils-1.7.0.jar
 /home/jf/.m2/repository/oro/oro/2.0.8/oro-2.0.8.jar
 /home/jf/.m2/repository/org/apache/maven/maven-repository-metadata/2.0.4/maven-repository-metadata-2.0.4.jar
 /home/jf/.m2/repository/junit/junit/4.0/junit-4.0.jar
 /home/jf/.m2/repository/org/easymock/easymock/2.2/easymock-2.2.jar
 /home/jf/.m2/repository/org/springframework/spring-core/2.0-m4/spring-core-2.0-m4.jar
 /home/jf/.m2/repository/bsh/bsh/2.0b1/bsh-2.0b1.jar
 /home/jf/.m2/repository/zk/zul/2.2.1/zul-2.2.1.jar
 /home/jf/.m2/repository/zk/gmapsz/2.2.1/gmapsz-2.2.1.jar
 /home/jf/.m2/repository/org/apache/maven/maven-artifact-manager/2.0.4/maven-artifact-manager-2.0.4.jar
 /home/jf/.m2/repository/org/codehaus/plexus/plexus-utils/1.1/plexus-utils-1.1.jar
 /home/jf/.m2/repository/org/springframework/spring-dao/2.0-m4/spring-dao-2.0-m4.jar
 /home/jf/.m2/repository/zk/zcommon/2.2.1/zcommon-2.2.1.jar
 /home/jf/.m2/repository/org/zkoss/common/zweb/2.2.1/zweb-2.2.1.jar
 /home/jf/.m2/repository/org/springframework/spring-web/2.0-m4/spring-web-2.0-m4.jar
 /home/jf/.m2/repository/ognl/ognl/2.6.7/ognl-2.6.7.jar
 /home/jf/.m2/repository/zk/zweb/2.2.1/zweb-2.2.1.jar
 /home/jf/.m2/repository/org/springframework/spring-webmvc/1.2.8/spring-webmvc-1.2.8.jar
 /home/jf/.m2/repository/commons-io/commons-io/1.2/commons-io-1.2.jar
 /home/jf/.m2/repository/org/acegisecurity/acegi-security/1.0.3/acegi-security-1.0.3.jar]
[DEBUG] Output directory: /home/jf/workspace/channels/target/test-classes
[DEBUG] Classpath:
[DEBUG]  /home/jf/workspace/channels/target/classes
[DEBUG]  /home/jf/workspace/channels/target/test-classes
[DEBUG]  /home/jf/.m2/repository/org/springframework/spring-support/1.2.8/spring-support-1.2.8.jar
[DEBUG]  /home/jf/.m2/repository/commons-logging/commons-logging/1.0.4/commons-logging-1.0.4.jar
[DEBUG]  /home/jf/.m2/repository/drools/drools-compiler/3.0.5/drools-compiler-3.0.5.jar
[DEBUG]  /home/jf/.m2/repository/commons-collections/commons-collections/3.1/commons-collections-3.1.jar
[DEBUG]  /home/jf/.m2/repository/org/springframework/spring-remoting/1.2.8/spring-remoting-1.2.8.jar
[DEBUG]  /home/jf/.m2/repository/net/sf/ezmorph/ezmorph/1.0/ezmorph-1.0.jar
[DEBUG]  /home/jf/.m2/repository/org/springframework/spring-context/2.0-m4/spring-context-2.0-m4.jar
[DEBUG]  /home/jf/.m2/repository/zk/zkplus/2.2.1/zkplus-2.2.1.jar
[DEBUG]  /home/jf/.m2/repository/org/springframework/spring-jdbc/1.2.8/spring-jdbc-1.2.8.jar
[DEBUG]  /home/jf/.m2/repository/org/springframework/spring-aop/1.2.7/spring-aop-1.2.7.jar
[DEBUG]  /home/jf/.m2/repository/jfree/jcommon/1.0.0/jcommon-1.0.0.jar
[DEBUG]  /home/jf/.m2/repository/org/acegisecurity/acegi-security-tiger/1.0.3/acegi-security-tiger-1.0.3.jar
[DEBUG]  /home/jf/.m2/repository/zk/zhtml/2.2.1/zhtml-2.2.1.jar
[DEBUG]  /home/jf/.m2/repository/commons-codec/commons-codec/1.3/commons-codec-1.3.jar
[DEBUG]  /home/jf/.m2/repository/org/apache/maven/maven-artifact/2.0.4/maven-artifact-2.0.4.jar
[DEBUG]  /home/jf/.m2/repository/org/codehaus/plexus/plexus-container-default/1.0-alpha-9/plexus-container-default-1.0-alpha-9.jar
[DEBUG]  /home/jf/.m2/repository/commons-fileupload/commons-fileupload/1.1/commons-fileupload-1.1.jar
[DEBUG]  /home/jf/.m2/repository/org/apache/maven/wagon/wagon-provider-api/1.0-alpha-6/wagon-provider-api-1.0-alpha-6.jar
[DEBUG]  /home/jf/.m2/repository/org/ho/jyaml/jyaml-lib/1.0-beta-3/jyaml-lib-1.0-beta-3.jar
[DEBUG]  /home/jf/.m2/repository/classworlds/classworlds/1.1-alpha-2/classworlds-1.1-alpha-2.jar
[DEBUG]  /home/jf/.m2/repository/drools/drools-core/3.0.5/drools-core-3.0.5.jar
[DEBUG]  /home/jf/.m2/repository/zk/fckez/2.2.1/fckez-2.2.1.jar
[DEBUG]  /home/jf/.m2/repository/aspectj/aspectjrt/1.5.2/aspectjrt-1.5.2.jar
[DEBUG]  /home/jf/.m2/repository/org/zkoss/common/zcommon/2.2.1/zcommon-2.2.1.jar
[DEBUG]  /home/jf/.m2/repository/commons-lang/commons-lang/2.2/commons-lang-2.2.jar
[DEBUG]  /home/jf/.m2/repository/zk-mxgraph/zk-mxgraph/1.0-SNAPSHOT/zk-mxgraph-1.0-SNAPSHOT.jar
[DEBUG]  /home/jf/.m2/repository/zk/dojoz/2.2.1/dojoz-2.2.1.jar
[DEBUG]  /home/jf/.m2/repository/org/springframework/spring-beans/2.0-m4/spring-beans-2.0-m4.jar
[DEBUG]  /home/jf/.m2/repository/jfree/jfreechart/1.0.0/jfreechart-1.0.0.jar
[DEBUG]  /home/jf/.m2/repository/commons-el/commons-el/1.0/commons-el-1.0.jar
[DEBUG]  /home/jf/.m2/repository/log4j/log4j/1.2.14/log4j-1.2.14.jar
[DEBUG]  /home/jf/.m2/repository/json-lib/json-lib/1.0b2-jdk15/json-lib-1.0b2-jdk15.jar
[DEBUG]  /home/jf/.m2/repository/javax/transaction/jta/1.0.1B/jta-1.0.1B.jar
[DEBUG]  /home/jf/.m2/repository/org/zkoss/zk/zk/2.2.1/zk-2.2.1.jar
[DEBUG]  /home/jf/.m2/repository/zk/zk/2.2.1/zk-2.2.1.jar
[DEBUG]  /home/jf/.m2/repository/commons-beanutils/commons-beanutils/1.7.0/commons-beanutils-1.7.0.jar
[DEBUG]  /home/jf/.m2/repository/oro/oro/2.0.8/oro-2.0.8.jar
[DEBUG]  /home/jf/.m2/repository/org/apache/maven/maven-repository-metadata/2.0.4/maven-repository-metadata-2.0.4.jar
[DEBUG]  /home/jf/.m2/repository/junit/junit/4.0/junit-4.0.jar
[DEBUG]  /home/jf/.m2/repository/org/easymock/easymock/2.2/easymock-2.2.jar
[DEBUG]  /home/jf/.m2/repository/org/springframework/spring-core/2.0-m4/spring-core-2.0-m4.jar
[DEBUG]  /home/jf/.m2/repository/bsh/bsh/2.0b1/bsh-2.0b1.jar
[DEBUG]  /home/jf/.m2/repository/zk/zul/2.2.1/zul-2.2.1.jar
[DEBUG]  /home/jf/.m2/repository/zk/gmapsz/2.2.1/gmapsz-2.2.1.jar
[DEBUG]  /home/jf/.m2/repository/org/apache/maven/maven-artifact-manager/2.0.4/maven-artifact-manager-2.0.4.jar
[DEBUG]  /home/jf/.m2/repository/org/codehaus/plexus/plexus-utils/1.1/plexus-utils-1.1.jar
[DEBUG]  /home/jf/.m2/repository/org/springframework/spring-dao/2.0-m4/spring-dao-2.0-m4.jar
[DEBUG]  /home/jf/.m2/repository/zk/zcommon/2.2.1/zcommon-2.2.1.jar
[DEBUG]  /home/jf/.m2/repository/org/zkoss/common/zweb/2.2.1/zweb-2.2.1.jar
[DEBUG]  /home/jf/.m2/repository/org/springframework/spring-web/2.0-m4/spring-web-2.0-m4.jar
[DEBUG]  /home/jf/.m2/repository/ognl/ognl/2.6.7/ognl-2.6.7.jar
[DEBUG]  /home/jf/.m2/repository/zk/zweb/2.2.1/zweb-2.2.1.jar
[DEBUG]  /home/jf/.m2/repository/org/springframework/spring-webmvc/1.2.8/spring-webmvc-1.2.8.jar
[DEBUG]  /home/jf/.m2/repository/commons-io/commons-io/1.2/commons-io-1.2.jar
[DEBUG]  /home/jf/.m2/repository/org/acegisecurity/acegi-security/1.0.3/acegi-security-1.0.3.jar
[DEBUG] Source roots:
[DEBUG]  /home/jf/workspace/channels/src/test/java
[DEBUG]  /home/jf/workspace/channels/src/test/aspect
[DEBUG]  /home/jf/workspace/channels/src/test/aspect
[INFO] Compiling 10 source files to /home/jf/workspace/channels/target/test-classes
[DEBUG] com.mindalliance.channels:channels:war:1.0-SNAPSHOT (selected for null)
[DEBUG]   json-lib:json-lib:jar:1.0b2-jdk15:compile (selected for compile)
[DEBUG]     commons-logging:commons-logging:jar:1.1:compile (selected for compile)
[DEBUG]       avalon-framework:avalon-framework:jar:4.1.3:compile (selected for compile)
[DEBUG]       javax.servlet:servlet-api:jar:2.3:compile (selected for compile)
[DEBUG]       logkit:logkit:jar:1.0.1:compile (selected for compile)
[DEBUG]       log4j:log4j:jar:1.2.12:compile (selected for compile)
[DEBUG]     net.sf.ezmorph:ezmorph:jar:1.0:compile (selected for compile)
[DEBUG]       junit:junit:jar:3.8.1:compile (selected for compile)
[DEBUG]       commons-lang:commons-lang:jar:2.2:compile (selected for compile)
[DEBUG]     commons-lang:commons-lang:jar:2.2:compile (selected for compile)
[DEBUG]     commons-beanutils:commons-beanutils:jar:1.7.0:compile (selected for compile)
[DEBUG]       commons-logging:commons-logging:jar:1.0.3:compile (removed - nearer found: 1.1)
[DEBUG]   commons-codec:commons-codec:jar:1.3:compile (selected for compile)
[DEBUG]   org.acegisecurity:acegi-security-tiger:jar:1.0.3:compile (selected for compile)
[DEBUG]     org.springframework:spring-aop:jar:1.2.7:compile (selected for compile)
[DEBUG]       org.springframework:spring-beans:jar:1.2.7:compile (selected for compile)
[DEBUG]         org.springframework:spring-core:jar:1.2.7:compile (selected for compile)
[DEBUG]           commons-collections:commons-collections:jar:3.1:compile (selected for compile)
[DEBUG]           commons-logging:commons-logging:jar:1.0.4:compile (removed - nearer found: 1.1)
[DEBUG]         commons-logging:commons-logging:jar:1.0.4:compile (removed - nearer found: 1.1)
[DEBUG]     org.acegisecurity:acegi-security:jar:1.0.3:compile (selected for compile)
[DEBUG]       org.springframework:spring-support:jar:1.2.8:runtime (selected for runtime)
[DEBUG]       commons-logging:commons-logging:jar:1.0.4:compile (removed - nearer found: 1.1)
[DEBUG]       log4j:log4j:jar:1.2.9:runtime (removed - nearer found: 1.2.12)
[DEBUG]       commons-lang:commons-lang:jar:2.1:compile (removed - nearer found: 2.2)
[DEBUG]       commons-collections:commons-collections:jar:3.1:compile (selected for compile)
[DEBUG]       org.springframework:spring-remoting:jar:1.2.8:compile (selected for compile)
[DEBUG]         org.springframework:spring-webmvc:jar:1.2.8:compile (selected for compile)
[DEBUG]           org.springframework:spring-web:jar:1.2.8:compile (selected for compile)
[DEBUG]             org.springframework:spring-context:jar:1.2.8:compile (selected for compile)
[DEBUG]               org.springframework:spring-aop:jar:1.2.8:compile (removed - nearer found: 1.2.7)
[DEBUG]         org.springframework:spring-dao:jar:1.2.8:compile (selected for compile)
[DEBUG]           org.springframework:spring-context:jar:1.2.8:compile (selected for compile)
[DEBUG]             org.springframework:spring-aop:jar:1.2.8:compile (removed - nearer found: 1.2.7)
[DEBUG]       oro:oro:jar:2.0.8:compile (selected for compile)
[DEBUG]       org.springframework:spring-jdbc:jar:1.2.8:compile (selected for compile)
[DEBUG]         org.springframework:spring-beans:jar:1.2.8:compile (removed - nearer found: 1.2.7)
[DEBUG]   zk:zk:jar:2.2.1:compile (selected for compile)
[DEBUG]     zk:zhtml:jar:2.2.1:compile (selected for compile)
[DEBUG]     zk:zul:jar:2.2.1:compile (selected for compile)
[DEBUG]     commons-fileupload:commons-fileupload:jar:1.1:compile (selected for compile)
[DEBUG]       commons-io:commons-io:jar:1.1:compile (selected for compile)
[DEBUG]     zk:gmapsz:jar:2.2.1:compile (selected for compile)
[DEBUG]     zk:fckez:jar:2.2.1:compile (selected for compile)
[DEBUG]     zk:zcommon:jar:2.2.1:compile (selected for compile)
[DEBUG]     zk:dojoz:jar:2.2.1:compile (selected for compile)
[DEBUG] While downloading jfreechart:jfreechart:1.0.0
  This artifact has been relocated to jfree:jfreechart:1.0.0.


[DEBUG]     jfree:jfreechart:jar:1.0.0:compile (selected for compile)
[DEBUG]       junit:junit:jar:3.8:compile (removed - nearer found: 3.8.1)
[DEBUG]       jfree:jcommon:jar:1.0.0:compile (selected for compile)
[DEBUG]         junit:junit:jar:3.8:compile (removed - nearer found: 3.8.1)
[DEBUG]     zk:zweb:jar:2.2.1:compile (selected for compile)
[DEBUG]     zk:zkplus:jar:2.2.1:compile (selected for compile)
[DEBUG]     commons-el:commons-el:jar:1.0:compile (selected for compile)
[DEBUG]       commons-logging:commons-logging:jar:1.0.3:compile (removed - nearer found: 1.1)
[DEBUG]     commons-io:commons-io:jar:1.1:compile (removed - nearer found: 1.2)
[DEBUG]     commons-io:commons-io:jar:1.2:compile (selected for compile)
[DEBUG]     bsh:bsh:jar:2.0b1:compile (selected for compile)
[DEBUG]   org.apache.maven:maven-artifact-manager:jar:2.0.4:compile (selected for compile)
[DEBUG]     org.codehaus.plexus:plexus-utils:jar:1.1:compile (selected for compile)
[DEBUG]     org.apache.maven:maven-artifact:jar:2.0.4:compile (selected for compile)
[DEBUG]     org.codehaus.plexus:plexus-container-default:jar:1.0-alpha-9:compile (selected for compile)
[DEBUG]       org.codehaus.plexus:plexus-utils:jar:1.0.4:compile (removed - nearer found: 1.1)
[DEBUG]       classworlds:classworlds:jar:1.1-alpha-2:compile (selected for compile)
[DEBUG]     org.apache.maven.wagon:wagon-provider-api:jar:1.0-alpha-6:compile (selected for compile)
[DEBUG]       org.codehaus.plexus:plexus-utils:jar:1.0.4:compile (removed - nearer found: 1.1)
[DEBUG]     org.apache.maven:maven-repository-metadata:jar:2.0.4:compile (selected for compile)
[DEBUG]   commons-logging:commons-logging:jar:1.1:compile (removed - nearer found: 1.0.4)
[DEBUG]   commons-logging:commons-logging:jar:1.0.4:compile (selected for compile)
[DEBUG]   org.ho.jyaml:jyaml-lib:jar:1.0-beta-3:compile (selected for compile)
[DEBUG]   drools:drools-core:jar:3.0.5:compile (selected for compile)
[DEBUG]   aspectj:aspectjrt:jar:1.5.2:compile (selected for compile)
[DEBUG]   drools:drools-compiler:jar:3.0.5:compile (selected for compile)
[DEBUG]   org.springframework:spring-dao:jar:1.2.8:compile (removed - nearer found: 2.0-m4)
[DEBUG]   org.springframework:spring-dao:jar:2.0-m4:compile (selected for compile)
[DEBUG]     javax.transaction:jta:jar:1.0.1B:compile (selected for compile)
[DEBUG]     org.springframework:spring-context:jar:2.0-m4:compile (selected for compile)
[DEBUG]       org.springframework:spring-aop:jar:2.0-m4:compile (removed - nearer found: 1.2.7)
[DEBUG]   commons-collections:commons-collections:jar:3.1:compile (selected for compile)
[DEBUG]   org.springframework:spring-web:jar:1.2.8:compile (removed - nearer found: 2.0-m4)
[DEBUG]   org.springframework:spring-web:jar:2.0-m4:compile (selected for compile)
[DEBUG]   org.springframework:spring-context:jar:2.0-m4:compile (selected for compile)
[DEBUG]     org.springframework:spring-aop:jar:2.0-m4:compile (removed - nearer found: 1.2.7)
[DEBUG]   org.springframework:spring-beans:jar:1.2.7:compile (removed - nearer found: 2.0-m4)
[DEBUG]   org.springframework:spring-beans:jar:2.0-m4:compile (selected for compile)
[DEBUG]     org.springframework:spring-core:jar:2.0-m4:compile (selected for compile)
[DEBUG]   ognl:ognl:jar:2.6.7:compile (selected for compile)
[DEBUG]   junit:junit:jar:4.0:test (not setting scope to: compile; local scope test wins)
[DEBUG]   junit:junit:jar:3.8.1:compile (removed - nearer found: 4.0)
[DEBUG]   junit:junit:jar:4.0:test (selected for test)
[DEBUG]   zk-mxgraph:zk-mxgraph:jar:1.0-20070227.180122-3:compile (selected for compile)
[DEBUG]     org.zkoss.zk:zk:jar:2.2.1:compile (selected for compile)
[DEBUG]       org.zkoss.common:zweb:jar:2.2.1:compile (selected for compile)
[DEBUG]         org.zkoss.common:zcommon:jar:2.2.1:compile (selected for compile)
[DEBUG]           commons-fileupload:commons-fileupload:jar:1.1.1:compile (removed - nearer found: 1.1)
[DEBUG]       org.zkoss.common:zcommon:jar:2.2.1:compile (selected for compile)
[DEBUG]         commons-fileupload:commons-fileupload:jar:1.1.1:compile (removed - nearer found: 1.1)
[DEBUG]     commons-lang:commons-lang:jar:2.1:compile (removed - nearer found: 2.2)
[DEBUG]   org.springframework:spring-core:jar:2.0-m4:compile (selected for compile)
[DEBUG]   org.easymock:easymock:jar:2.2:test (selected for test)
[DEBUG]   log4j:log4j:jar:1.2.14:compile (selected for compile)
[DEBUG] org.apache.maven.plugins:maven-surefire-plugin:maven-plugin:2.3-20070114.205105-10:runtime (selected for runtime)
[DEBUG] Skipping disabled repository central
[DEBUG] surefire-booter: resolved to version 2.3-20070114.205105-1 from repository apache.snapshots
[DEBUG] Retrieving parent-POM: org.apache.maven.surefire:surefire::2.3-SNAPSHOT for project: null:surefire-booter:jar:2.3-20070114.205105-1 from the repository.
[DEBUG] surefire: resolved to version 2.3-20070124.041233-4 from repository apache.snapshots
[DEBUG] Retrieving parent-POM: org.apache.maven:maven-parent::5-SNAPSHOT for project: org.apache.maven.surefire:surefire:pom:2.3-SNAPSHOT from the repository.
[DEBUG] maven-parent: resolved to version 5-20070127.114244-3 from repository apache.snapshots
[DEBUG] Retrieving parent-POM: org.apache:apache::3 for project: org.apache.maven:maven-parent:pom:5-SNAPSHOT from the repository.
[DEBUG]   org.apache.maven.surefire:surefire-booter:jar:2.3-SNAPSHOT:runtime (selected for runtime)
[DEBUG]     org.codehaus.plexus:plexus-utils:jar:1.1:runtime (selected for runtime)
[DEBUG] Retrieving parent-POM: org.codehaus.plexus:plexus-components::1.1.6 for project: null:plexus-archiver:jar:1.0-alpha-7 from the repository.
[DEBUG] Retrieving parent-POM: org.codehaus.plexus:plexus::1.0.8 for project: org.codehaus.plexus:plexus-components:pom:1.1.6 from the repository.
[DEBUG]     org.codehaus.plexus:plexus-archiver:jar:1.0-alpha-7:runtime (selected for runtime)
[DEBUG]       org.codehaus.plexus:plexus-container-default:jar:1.0-alpha-8:runtime (selected for runtime)
[DEBUG]         org.codehaus.plexus:plexus-utils:jar:1.0.4:runtime (removed - nearer found: 1.1)
[DEBUG]         classworlds:classworlds:jar:1.1-alpha-2:runtime (selected for runtime)
[DEBUG]         junit:junit:jar:3.8.1:runtime (selected for runtime)
[DEBUG] Retrieving parent-POM: org.codehaus.plexus:plexus::1.0.5 for project: null:plexus-utils:jar:1.2 from the repository.
[DEBUG]       org.codehaus.plexus:plexus-utils:jar:1.2:runtime (removed - nearer found: 1.1)
[DEBUG] Skipping disabled repository central
[DEBUG] surefire-api: resolved to version 2.3-20070114.205105-1 from repository apache.snapshots
[DEBUG] Retrieving parent-POM: org.apache.maven.surefire:surefire::2.3-SNAPSHOT for project: null:surefire-api:jar:2.3-20070114.205105-1 from the repository.
[DEBUG] surefire: resolved to version 2.3-20070124.041233-4 from repository apache.snapshots
[DEBUG] Retrieving parent-POM: org.apache.maven:maven-parent::5-SNAPSHOT for project: org.apache.maven.surefire:surefire:pom:2.3-SNAPSHOT from the repository.
[DEBUG] maven-parent: resolved to version 5-20070127.114244-3 from repository apache.snapshots
[DEBUG] Retrieving parent-POM: org.apache:apache::3 for project: org.apache.maven:maven-parent:pom:5-SNAPSHOT from the repository.
[DEBUG]     org.apache.maven.surefire:surefire-api:jar:2.3-SNAPSHOT:runtime (selected for runtime)
[DEBUG]       commons-lang:commons-lang:jar:2.1:runtime (selected for runtime)
[DEBUG]   org.codehaus.plexus:plexus-utils:jar:1.1:runtime (selected for runtime)
[DEBUG]   org.apache.maven:maven-artifact:jar:2.0:runtime (selected for runtime)
[DEBUG]     org.codehaus.plexus:plexus-utils:jar:1.0.4:runtime (removed - nearer found: 1.1)
[DEBUG]   org.apache.maven:maven-plugin-api:jar:2.0:runtime (selected for runtime)
[DEBUG] surefire-booter: resolved to version 2.3-20070114.205105-1 from repository apache.snapshots
[DEBUG] surefire-api: resolved to version 2.3-20070114.205105-1 from repository apache.snapshots
[DEBUG] Configuring mojo 'org.apache.maven.plugins:maven-surefire-plugin:2.3-SNAPSHOT:test' -->
[DEBUG]   (f) basedir = /home/jf/workspace/channels
[DEBUG]   (f) childDelegation = false
[DEBUG]   (f) classesDirectory = /home/jf/workspace/channels/target/classes
[DEBUG]   (f) classpathElements = [/home/jf/workspace/channels/target/classes, /home/jf/workspace/channels/target/test-classes, /home/jf/.m2/repository/org/springframework/spring-support/1.2.8/spring-support-1.2.8.jar, /home/jf/.m2/repository/commons-logging/commons-logging/1.0.4/commons-logging-1.0.4.jar, /home/jf/.m2/repository/drools/drools-compiler/3.0.5/drools-compiler-3.0.5.jar, /home/jf/.m2/repository/commons-collections/commons-collections/3.1/commons-collections-3.1.jar, /home/jf/.m2/repository/org/springframework/spring-remoting/1.2.8/spring-remoting-1.2.8.jar, /home/jf/.m2/repository/net/sf/ezmorph/ezmorph/1.0/ezmorph-1.0.jar, /home/jf/.m2/repository/org/springframework/spring-context/2.0-m4/spring-context-2.0-m4.jar, /home/jf/.m2/repository/zk/zkplus/2.2.1/zkplus-2.2.1.jar, /home/jf/.m2/repository/org/springframework/spring-jdbc/1.2.8/spring-jdbc-1.2.8.jar, /home/jf/.m2/repository/org/springframework/spring-aop/1.2.7/spring-aop-1.2.7.jar, /home/jf/.m2/repository/jfree/jcommon/1.0.0/jcommon-1.0.0.jar, /home/jf/.m2/repository/zk/zhtml/2.2.1/zhtml-2.2.1.jar, /home/jf/.m2/repository/commons-codec/commons-codec/1.3/commons-codec-1.3.jar, /home/jf/.m2/repository/org/acegisecurity/acegi-security-tiger/1.0.3/acegi-security-tiger-1.0.3.jar, /home/jf/.m2/repository/org/apache/maven/maven-artifact/2.0.4/maven-artifact-2.0.4.jar, /home/jf/.m2/repository/org/codehaus/plexus/plexus-container-default/1.0-alpha-9/plexus-container-default-1.0-alpha-9.jar, /home/jf/.m2/repository/commons-fileupload/commons-fileupload/1.1/commons-fileupload-1.1.jar, /home/jf/.m2/repository/org/apache/maven/wagon/wagon-provider-api/1.0-alpha-6/wagon-provider-api-1.0-alpha-6.jar, /home/jf/.m2/repository/classworlds/classworlds/1.1-alpha-2/classworlds-1.1-alpha-2.jar, /home/jf/.m2/repository/org/ho/jyaml/jyaml-lib/1.0-beta-3/jyaml-lib-1.0-beta-3.jar, /home/jf/.m2/repository/drools/drools-core/3.0.5/drools-core-3.0.5.jar, /home/jf/.m2/repository/zk/fckez/2.2.1/fckez-2.2.1.jar, /home/jf/.m2/repository/aspectj/aspectjrt/1.5.2/aspectjrt-1.5.2.jar, /home/jf/.m2/repository/org/zkoss/common/zcommon/2.2.1/zcommon-2.2.1.jar, /home/jf/.m2/repository/commons-lang/commons-lang/2.2/commons-lang-2.2.jar, /home/jf/.m2/repository/zk-mxgraph/zk-mxgraph/1.0-SNAPSHOT/zk-mxgraph-1.0-SNAPSHOT.jar, /home/jf/.m2/repository/zk/dojoz/2.2.1/dojoz-2.2.1.jar, /home/jf/.m2/repository/org/springframework/spring-beans/2.0-m4/spring-beans-2.0-m4.jar, /home/jf/.m2/repository/jfree/jfreechart/1.0.0/jfreechart-1.0.0.jar, /home/jf/.m2/repository/commons-el/commons-el/1.0/commons-el-1.0.jar, /home/jf/.m2/repository/log4j/log4j/1.2.14/log4j-1.2.14.jar, /home/jf/.m2/repository/json-lib/json-lib/1.0b2-jdk15/json-lib-1.0b2-jdk15.jar, /home/jf/.m2/repository/javax/transaction/jta/1.0.1B/jta-1.0.1B.jar, /home/jf/.m2/repository/org/zkoss/zk/zk/2.2.1/zk-2.2.1.jar, /home/jf/.m2/repository/zk/zk/2.2.1/zk-2.2.1.jar, /home/jf/.m2/repository/commons-beanutils/commons-beanutils/1.7.0/commons-beanutils-1.7.0.jar, /home/jf/.m2/repository/oro/oro/2.0.8/oro-2.0.8.jar, /home/jf/.m2/repository/org/apache/maven/maven-repository-metadata/2.0.4/maven-repository-metadata-2.0.4.jar, /home/jf/.m2/repository/junit/junit/4.0/junit-4.0.jar, /home/jf/.m2/repository/org/easymock/easymock/2.2/easymock-2.2.jar, /home/jf/.m2/repository/org/springframework/spring-core/2.0-m4/spring-core-2.0-m4.jar, /home/jf/.m2/repository/bsh/bsh/2.0b1/bsh-2.0b1.jar, /home/jf/.m2/repository/zk/zul/2.2.1/zul-2.2.1.jar, /home/jf/.m2/repository/zk/gmapsz/2.2.1/gmapsz-2.2.1.jar, /home/jf/.m2/repository/org/apache/maven/maven-artifact-manager/2.0.4/maven-artifact-manager-2.0.4.jar, /home/jf/.m2/repository/org/codehaus/plexus/plexus-utils/1.1/plexus-utils-1.1.jar, /home/jf/.m2/repository/org/springframework/spring-dao/2.0-m4/spring-dao-2.0-m4.jar, /home/jf/.m2/repository/zk/zcommon/2.2.1/zcommon-2.2.1.jar, /home/jf/.m2/repository/org/zkoss/common/zweb/2.2.1/zweb-2.2.1.jar, /home/jf/.m2/repository/org/springframework/spring-web/2.0-m4/spring-web-2.0-m4.jar, /home/jf/.m2/repository/ognl/ognl/2.6.7/ognl-2.6.7.jar, /home/jf/.m2/repository/zk/zweb/2.2.1/zweb-2.2.1.jar, /home/jf/.m2/repository/org/springframework/spring-webmvc/1.2.8/spring-webmvc-1.2.8.jar, /home/jf/.m2/repository/org/acegisecurity/acegi-security/1.0.3/acegi-security-1.0.3.jar, /home/jf/.m2/repository/commons-io/commons-io/1.2/commons-io-1.2.jar]
[DEBUG]   (f) disableXmlReport = false
[DEBUG]   (f) excludes = [**/Abstract*.java]
[DEBUG]   (f) forkMode = once
[DEBUG]   (f) includes = [**/*Test.java]
[DEBUG]   (f) localRepository = [local] -> file:///home/jf/.m2/repository
[DEBUG]   (f) parallel = false
[DEBUG]   (f) pluginArtifactMap = {org.codehaus.plexus:plexus-utils=org.codehaus.plexus:plexus-utils:jar:1.1:runtime, org.apache.maven.surefire:surefire-api=org.apache.maven.surefire:surefire-api:jar:2.3-20070114.205105-1:runtime, org.codehaus.plexus:plexus-archiver=org.codehaus.plexus:plexus-archiver:jar:1.0-alpha-7:runtime, org.apache.maven:maven-artifact=org.apache.maven:maven-artifact:jar:2.0:runtime, org.apache.maven:maven-plugin-api=org.apache.maven:maven-plugin-api:jar:2.0:runtime, org.apache.maven.surefire:surefire-booter=org.apache.maven.surefire:surefire-booter:jar:2.3-20070114.205105-1:runtime, commons-lang:commons-lang=commons-lang:commons-lang:jar:2.1:runtime}
[DEBUG]   (f) printSummary = true
[DEBUG]   (f) projectArtifactMap = {log4j:log4j=log4j:log4j:jar:1.2.14:compile, drools:drools-compiler=drools:drools-compiler:jar:3.0.5:compile, zk:gmapsz=zk:gmapsz:jar:2.2.1:compile, org.apache.maven:maven-artifact-manager=org.apache.maven:maven-artifact-manager:jar:2.0.4:compile, org.springframework:spring-context=org.springframework:spring-context:jar:2.0-m4:compile, zk:zhtml=zk:zhtml:jar:2.2.1:compile, zk-mxgraph:zk-mxgraph=zk-mxgraph:zk-mxgraph:jar:1.0-20070227.180122-3:compile, commons-beanutils:commons-beanutils=commons-beanutils:commons-beanutils:jar:1.7.0:compile, jfree:jfreechart=jfree:jfreechart:jar:1.0.0:compile, junit:junit=junit:junit:jar:4.0:test, org.apache.maven:maven-artifact=org.apache.maven:maven-artifact:jar:2.0.4:compile, org.zkoss.common:zcommon=org.zkoss.common:zcommon:jar:2.2.1:compile, bsh:bsh=bsh:bsh:jar:2.0b1:compile, org.ho.jyaml:jyaml-lib=org.ho.jyaml:jyaml-lib:jar:1.0-beta-3:compile, commons-el:commons-el=commons-el:commons-el:jar:1.0:compile, org.acegisecurity:acegi-security=org.acegisecurity:acegi-security:jar:1.0.3:compile, net.sf.ezmorph:ezmorph=net.sf.ezmorph:ezmorph:jar:1.0:compile, zk:dojoz=zk:dojoz:jar:2.2.1:compile, zk:zkplus=zk:zkplus:jar:2.2.1:compile, org.apache.maven:maven-repository-metadata=org.apache.maven:maven-repository-metadata:jar:2.0.4:compile, org.apache.maven.wagon:wagon-provider-api=org.apache.maven.wagon:wagon-provider-api:jar:1.0-alpha-6:compile, commons-collections:commons-collections=commons-collections:commons-collections:jar:3.1:compile, org.codehaus.plexus:plexus-utils=org.codehaus.plexus:plexus-utils:jar:1.1:compile, org.springframework:spring-remoting=org.springframework:spring-remoting:jar:1.2.8:compile, commons-codec:commons-codec=commons-codec:commons-codec:jar:1.3:compile, ognl:ognl=ognl:ognl:jar:2.6.7:compile, org.codehaus.plexus:plexus-container-default=org.codehaus.plexus:plexus-container-default:jar:1.0-alpha-9:compile, org.easymock:easymock=org.easymock:easymock:jar:2.2:test, classworlds:classworlds=classworlds:classworlds:jar:1.1-alpha-2:compile, org.springframework:spring-web=org.springframework:spring-web:jar:2.0-m4:compile, commons-io:commons-io=commons-io:commons-io:jar:1.2:compile, org.springframework:spring-webmvc=org.springframework:spring-webmvc:jar:1.2.8:compile, org.zkoss.common:zweb=org.zkoss.common:zweb:jar:2.2.1:compile, drools:drools-core=drools:drools-core:jar:3.0.5:compile, json-lib:json-lib=json-lib:json-lib:jar:1.0b2-jdk15:compile, zk:zul=zk:zul:jar:2.2.1:compile, org.springframework:spring-core=org.springframework:spring-core:jar:2.0-m4:compile, zk:zcommon=zk:zcommon:jar:2.2.1:compile, aspectj:aspectjrt=aspectj:aspectjrt:jar:1.5.2:compile, commons-fileupload:commons-fileupload=commons-fileupload:commons-fileupload:jar:1.1:compile, zk:zk=zk:zk:jar:2.2.1:compile, zk:zweb=zk:zweb:jar:2.2.1:compile, org.springframework:spring-jdbc=org.springframework:spring-jdbc:jar:1.2.8:compile, org.zkoss.zk:zk=org.zkoss.zk:zk:jar:2.2.1:compile, oro:oro=oro:oro:jar:2.0.8:compile, org.springframework:spring-support=org.springframework:spring-support:jar:1.2.8:runtime, zk:fckez=zk:fckez:jar:2.2.1:compile, jfree:jcommon=jfree:jcommon:jar:1.0.0:compile, javax.transaction:jta=javax.transaction:jta:jar:1.0.1B:compile, org.springframework:spring-aop=org.springframework:spring-aop:jar:1.2.7:compile, org.springframework:spring-beans=org.springframework:spring-beans:jar:2.0-m4:compile, org.acegisecurity:acegi-security-tiger=org.acegisecurity:acegi-security-tiger:jar:1.0.3:compile, org.springframework:spring-dao=org.springframework:spring-dao:jar:2.0-m4:compile, commons-logging:commons-logging=commons-logging:commons-logging:jar:1.0.4:compile, commons-lang:commons-lang=commons-lang:commons-lang:jar:2.2:compile}
[DEBUG]   (f) redirectTestOutputToFile = false
[DEBUG]   (f) remoteRepositories = [[apache.snapshots] -> http://people.apache.org/maven-snapshot-repository/, [central] -> http://repo1.maven.org/maven2]
[DEBUG]   (f) reportFormat = brief
[DEBUG]   (f) reportsDirectory = /home/jf/workspace/channels/target/surefire-reports
[DEBUG]   (f) testClassesDirectory = /home/jf/workspace/channels/target/test-classes
[DEBUG]   (f) testSourceDirectory = /home/jf/workspace/channels/src/test/java
[DEBUG]   (f) threadCount = 5
[DEBUG]   (f) trimStackTrace = true
[DEBUG]   (f) useFile = true
[DEBUG]   (f) useSystemClassLoader = false
[DEBUG] -- end configuration --
[INFO] [surefire:test]
[DEBUG] dummy:dummy:jar:1.0 (selected for null)
[DEBUG]   org.apache.maven.surefire:surefire-booter:jar:2.3-SNAPSHOT:runtime (selected for runtime)
[DEBUG]     org.codehaus.plexus:plexus-utils:jar:1.1:runtime (selected for runtime)
[DEBUG]     org.codehaus.plexus:plexus-archiver:jar:1.0-alpha-7:runtime (selected for runtime)
[DEBUG]       org.codehaus.plexus:plexus-container-default:jar:1.0-alpha-8:runtime (selected for runtime)
[DEBUG]         org.codehaus.plexus:plexus-utils:jar:1.0.4:runtime (removed - nearer found: 1.1)
[DEBUG]         classworlds:classworlds:jar:1.1-alpha-2:runtime (selected for runtime)
[DEBUG]         junit:junit:jar:3.8.1:runtime (selected for runtime)
[DEBUG]       org.codehaus.plexus:plexus-utils:jar:1.2:runtime (removed - nearer found: 1.1)
[DEBUG] surefire-api: resolved to version 2.3-20070114.205105-1 from repository apache.snapshots
[DEBUG] Retrieving parent-POM: org.apache.maven.surefire:surefire::2.3-SNAPSHOT for project: null:surefire-api:jar:2.3-20070114.205105-1 from the repository.
[DEBUG] surefire: resolved to version 2.3-20070124.041233-4 from repository apache.snapshots
[DEBUG] Retrieving parent-POM: org.apache.maven:maven-parent::5-SNAPSHOT for project: org.apache.maven.surefire:surefire:pom:2.3-SNAPSHOT from the repository.
[DEBUG] maven-parent: resolved to version 5-20070127.114244-3 from repository apache.snapshots
[DEBUG] Retrieving parent-POM: org.apache:apache::3 for project: org.apache.maven:maven-parent:pom:5-SNAPSHOT from the repository.
[DEBUG]     org.apache.maven.surefire:surefire-api:jar:2.3-SNAPSHOT:runtime (selected for runtime)
[DEBUG]       commons-lang:commons-lang:jar:2.1:runtime (selected for runtime)
[DEBUG] surefire-api: resolved to version 2.3-20070114.205105-1 from repository apache.snapshots
[DEBUG] Adding to surefire booter test classpath: /home/jf/.m2/repository/org/codehaus/plexus/plexus-archiver/1.0-alpha-7/plexus-archiver-1.0-alpha-7.jar
[DEBUG] Adding to surefire booter test classpath: /home/jf/.m2/repository/junit/junit/3.8.1/junit-3.8.1.jar
[DEBUG] Adding to surefire booter test classpath: /home/jf/.m2/repository/org/apache/maven/surefire/surefire-api/2.3-SNAPSHOT/surefire-api-2.3-SNAPSHOT.jar
[DEBUG] Adding to surefire booter test classpath: /home/jf/.m2/repository/org/codehaus/plexus/plexus-container-default/1.0-alpha-8/plexus-container-default-1.0-alpha-8.jar
[DEBUG] Adding to surefire booter test classpath: /home/jf/.m2/repository/org/apache/maven/surefire/surefire-booter/2.3-SNAPSHOT/surefire-booter-2.3-SNAPSHOT.jar
[DEBUG] Adding to surefire booter test classpath: /home/jf/.m2/repository/classworlds/classworlds/1.1-alpha-2/classworlds-1.1-alpha-2.jar
[DEBUG] Adding to surefire booter test classpath: /home/jf/.m2/repository/org/codehaus/plexus/plexus-utils/1.1/plexus-utils-1.1.jar
[DEBUG] Adding to surefire booter test classpath: /home/jf/.m2/repository/commons-lang/commons-lang/2.1/commons-lang-2.1.jar
[DEBUG] dummy:dummy:jar:1.0 (selected for null)
[DEBUG] Skipping disabled repository central
[DEBUG] surefire-junit4: resolved to version 2.3-20070114.205943-1 from repository apache.snapshots
[DEBUG] Retrieving parent-POM: org.apache.maven.surefire:surefire-providers::2.3-SNAPSHOT for project: null:surefire-junit4:jar:2.3-20070114.205943-1 from the repository.
[DEBUG] Skipping disabled repository central
[DEBUG] surefire-providers: resolved to version 2.3-20070114.205105-1 from repository apache.snapshots
[DEBUG] Retrieving parent-POM: org.apache.maven.surefire:surefire::2.3-SNAPSHOT for project: null:surefire-providers:pom:null from the repository.
[DEBUG] surefire: resolved to version 2.3-20070124.041233-4 from repository apache.snapshots
[DEBUG] Retrieving parent-POM: org.apache.maven:maven-parent::5-SNAPSHOT for project: org.apache.maven.surefire:surefire:pom:2.3-SNAPSHOT from the repository.
[DEBUG] maven-parent: resolved to version 5-20070127.114244-3 from repository apache.snapshots
[DEBUG] Retrieving parent-POM: org.apache:apache::3 for project: org.apache.maven:maven-parent:pom:5-SNAPSHOT from the repository.
[DEBUG]   org.apache.maven.surefire:surefire-junit4:jar:2.3-SNAPSHOT (selected for null)
[DEBUG]     junit:junit:jar:4.0:compile (selected for compile)
[DEBUG] surefire-api: resolved to version 2.3-20070114.205105-1 from repository apache.snapshots
[DEBUG] Retrieving parent-POM: org.apache.maven.surefire:surefire::2.3-SNAPSHOT for project: null:surefire-api:jar:2.3-20070114.205105-1 from the repository.
[DEBUG] surefire: resolved to version 2.3-20070124.041233-4 from repository apache.snapshots
[DEBUG] Retrieving parent-POM: org.apache.maven:maven-parent::5-SNAPSHOT for project: org.apache.maven.surefire:surefire:pom:2.3-SNAPSHOT from the repository.
[DEBUG] maven-parent: resolved to version 5-20070127.114244-3 from repository apache.snapshots
[DEBUG] Retrieving parent-POM: org.apache:apache::3 for project: org.apache.maven:maven-parent:pom:5-SNAPSHOT from the repository.
[DEBUG]     org.apache.maven.surefire:surefire-api:jar:2.3-SNAPSHOT:compile (selected for compile)
[DEBUG]       org.codehaus.plexus:plexus-utils:jar:1.1:compile (selected for compile)
[DEBUG]       commons-lang:commons-lang:jar:2.1:compile (selected for compile)
[DEBUG] surefire-junit4: resolved to version 2.3-20070114.205943-1 from repository apache.snapshots
[DEBUG] surefire-api: resolved to version 2.3-20070114.205105-1 from repository apache.snapshots
[DEBUG] Adding to surefire test classpath: /home/jf/.m2/repository/org/apache/maven/surefire/surefire-api/2.3-SNAPSHOT/surefire-api-2.3-SNAPSHOT.jar
[DEBUG] Adding to surefire test classpath: /home/jf/.m2/repository/org/apache/maven/surefire/surefire-junit4/2.3-SNAPSHOT/surefire-junit4-2.3-SNAPSHOT.jar
[DEBUG] Adding to surefire test classpath: /home/jf/.m2/repository/org/codehaus/plexus/plexus-utils/1.1/plexus-utils-1.1.jar
[DEBUG] Adding to surefire test classpath: /home/jf/.m2/repository/junit/junit/4.0/junit-4.0.jar
[DEBUG] Adding to surefire test classpath: /home/jf/.m2/repository/commons-lang/commons-lang/2.1/commons-lang-2.1.jar
[DEBUG] Test Classpath :
[DEBUG]   /home/jf/workspace/channels/target/classes
[DEBUG]   /home/jf/workspace/channels/target/test-classes
[DEBUG]   /home/jf/.m2/repository/org/springframework/spring-support/1.2.8/spring-support-1.2.8.jar
[DEBUG]   /home/jf/.m2/repository/commons-logging/commons-logging/1.0.4/commons-logging-1.0.4.jar
[DEBUG]   /home/jf/.m2/repository/drools/drools-compiler/3.0.5/drools-compiler-3.0.5.jar
[DEBUG]   /home/jf/.m2/repository/commons-collections/commons-collections/3.1/commons-collections-3.1.jar
[DEBUG]   /home/jf/.m2/repository/org/springframework/spring-remoting/1.2.8/spring-remoting-1.2.8.jar
[DEBUG]   /home/jf/.m2/repository/net/sf/ezmorph/ezmorph/1.0/ezmorph-1.0.jar
[DEBUG]   /home/jf/.m2/repository/org/springframework/spring-context/2.0-m4/spring-context-2.0-m4.jar
[DEBUG]   /home/jf/.m2/repository/zk/zkplus/2.2.1/zkplus-2.2.1.jar
[DEBUG]   /home/jf/.m2/repository/org/springframework/spring-jdbc/1.2.8/spring-jdbc-1.2.8.jar
[DEBUG]   /home/jf/.m2/repository/org/springframework/spring-aop/1.2.7/spring-aop-1.2.7.jar
[DEBUG]   /home/jf/.m2/repository/jfree/jcommon/1.0.0/jcommon-1.0.0.jar
[DEBUG]   /home/jf/.m2/repository/zk/zhtml/2.2.1/zhtml-2.2.1.jar
[DEBUG]   /home/jf/.m2/repository/commons-codec/commons-codec/1.3/commons-codec-1.3.jar
[DEBUG]   /home/jf/.m2/repository/org/acegisecurity/acegi-security-tiger/1.0.3/acegi-security-tiger-1.0.3.jar
[DEBUG]   /home/jf/.m2/repository/org/apache/maven/maven-artifact/2.0.4/maven-artifact-2.0.4.jar
[DEBUG]   /home/jf/.m2/repository/org/codehaus/plexus/plexus-container-default/1.0-alpha-9/plexus-container-default-1.0-alpha-9.jar
[DEBUG]   /home/jf/.m2/repository/commons-fileupload/commons-fileupload/1.1/commons-fileupload-1.1.jar
[DEBUG]   /home/jf/.m2/repository/org/apache/maven/wagon/wagon-provider-api/1.0-alpha-6/wagon-provider-api-1.0-alpha-6.jar
[DEBUG]   /home/jf/.m2/repository/classworlds/classworlds/1.1-alpha-2/classworlds-1.1-alpha-2.jar
[DEBUG]   /home/jf/.m2/repository/org/ho/jyaml/jyaml-lib/1.0-beta-3/jyaml-lib-1.0-beta-3.jar
[DEBUG]   /home/jf/.m2/repository/drools/drools-core/3.0.5/drools-core-3.0.5.jar
[DEBUG]   /home/jf/.m2/repository/zk/fckez/2.2.1/fckez-2.2.1.jar
[DEBUG]   /home/jf/.m2/repository/aspectj/aspectjrt/1.5.2/aspectjrt-1.5.2.jar
[DEBUG]   /home/jf/.m2/repository/org/zkoss/common/zcommon/2.2.1/zcommon-2.2.1.jar
[DEBUG]   /home/jf/.m2/repository/commons-lang/commons-lang/2.2/commons-lang-2.2.jar
[DEBUG]   /home/jf/.m2/repository/zk-mxgraph/zk-mxgraph/1.0-SNAPSHOT/zk-mxgraph-1.0-SNAPSHOT.jar
[DEBUG]   /home/jf/.m2/repository/zk/dojoz/2.2.1/dojoz-2.2.1.jar
[DEBUG]   /home/jf/.m2/repository/org/springframework/spring-beans/2.0-m4/spring-beans-2.0-m4.jar
[DEBUG]   /home/jf/.m2/repository/jfree/jfreechart/1.0.0/jfreechart-1.0.0.jar
[DEBUG]   /home/jf/.m2/repository/commons-el/commons-el/1.0/commons-el-1.0.jar
[DEBUG]   /home/jf/.m2/repository/log4j/log4j/1.2.14/log4j-1.2.14.jar
[DEBUG]   /home/jf/.m2/repository/json-lib/json-lib/1.0b2-jdk15/json-lib-1.0b2-jdk15.jar
[DEBUG]   /home/jf/.m2/repository/javax/transaction/jta/1.0.1B/jta-1.0.1B.jar
[DEBUG]   /home/jf/.m2/repository/org/zkoss/zk/zk/2.2.1/zk-2.2.1.jar
[DEBUG]   /home/jf/.m2/repository/zk/zk/2.2.1/zk-2.2.1.jar
[DEBUG]   /home/jf/.m2/repository/commons-beanutils/commons-beanutils/1.7.0/commons-beanutils-1.7.0.jar
[DEBUG]   /home/jf/.m2/repository/oro/oro/2.0.8/oro-2.0.8.jar
[DEBUG]   /home/jf/.m2/repository/org/apache/maven/maven-repository-metadata/2.0.4/maven-repository-metadata-2.0.4.jar
[DEBUG]   /home/jf/.m2/repository/junit/junit/4.0/junit-4.0.jar
[DEBUG]   /home/jf/.m2/repository/org/easymock/easymock/2.2/easymock-2.2.jar
[DEBUG]   /home/jf/.m2/repository/org/springframework/spring-core/2.0-m4/spring-core-2.0-m4.jar
[DEBUG]   /home/jf/.m2/repository/bsh/bsh/2.0b1/bsh-2.0b1.jar
[DEBUG]   /home/jf/.m2/repository/zk/zul/2.2.1/zul-2.2.1.jar
[DEBUG]   /home/jf/.m2/repository/zk/gmapsz/2.2.1/gmapsz-2.2.1.jar
[DEBUG]   /home/jf/.m2/repository/org/apache/maven/maven-artifact-manager/2.0.4/maven-artifact-manager-2.0.4.jar
[DEBUG]   /home/jf/.m2/repository/org/codehaus/plexus/plexus-utils/1.1/plexus-utils-1.1.jar
[DEBUG]   /home/jf/.m2/repository/org/springframework/spring-dao/2.0-m4/spring-dao-2.0-m4.jar
[DEBUG]   /home/jf/.m2/repository/zk/zcommon/2.2.1/zcommon-2.2.1.jar
[DEBUG]   /home/jf/.m2/repository/org/zkoss/common/zweb/2.2.1/zweb-2.2.1.jar
[DEBUG]   /home/jf/.m2/repository/org/springframework/spring-web/2.0-m4/spring-web-2.0-m4.jar
[DEBUG]   /home/jf/.m2/repository/ognl/ognl/2.6.7/ognl-2.6.7.jar
[DEBUG]   /home/jf/.m2/repository/zk/zweb/2.2.1/zweb-2.2.1.jar
[DEBUG]   /home/jf/.m2/repository/org/springframework/spring-webmvc/1.2.8/spring-webmvc-1.2.8.jar
[DEBUG]   /home/jf/.m2/repository/org/acegisecurity/acegi-security/1.0.3/acegi-security-1.0.3.jar
[DEBUG]   /home/jf/.m2/repository/commons-io/commons-io/1.2/commons-io-1.2.jar
[DEBUG] Setting system property [localRepository]=[/home/jf/.m2/repository]
[DEBUG] Setting system property [basedir]=[/home/jf/workspace/channels]
[DEBUG] Using JVM: /home/jf/java/jdk1.5.0_07/jre/bin/java
[INFO] Surefire report directory: /home/jf/workspace/channels/target/surefire-reports
Forking command line: /home/jf/java/jdk1.5.0_07/jre/bin/java -classpath /home/jf/.m2/repository/org/codehaus/plexus/plexus-archiver/1.0-alpha-7/plexus-archiver-1.0-alpha-7.jar:/home/jf/.m2/repository/junit/junit/3.8.1/junit-3.8.1.jar:/home/jf/.m2/repository/org/apache/maven/surefire/surefire-api/2.3-SNAPSHOT/surefire-api-2.3-SNAPSHOT.jar:/home/jf/.m2/repository/org/codehaus/plexus/plexus-container-default/1.0-alpha-8/plexus-container-default-1.0-alpha-8.jar:/home/jf/.m2/repository/org/apache/maven/surefire/surefire-booter/2.3-SNAPSHOT/surefire-booter-2.3-SNAPSHOT.jar:/home/jf/.m2/repository/classworlds/classworlds/1.1-alpha-2/classworlds-1.1-alpha-2.jar:/home/jf/.m2/repository/org/codehaus/plexus/plexus-utils/1.1/plexus-utils-1.1.jar:/home/jf/.m2/repository/commons-lang/commons-lang/2.1/commons-lang-2.1.jar org.apache.maven.surefire.booter.SurefireBooter /tmp/surefire13500tmp /tmp/surefire13501tmp

-------------------------------------------------------
 T E S T S
-------------------------------------------------------
Running com.mindalliance.channels.system.SystemImplTest
Tests run: 19, Failures: 3, Errors: 1, Skipped: 0, Time elapsed: 0.181 sec <<< FAILURE!
Running com.mindalliance.channels.model.ModelObjectFactoryTest
Tests run: 2, Failures: 0, Errors: 0, Skipped: 0, Time elapsed: 0.015 sec
Running com.mindalliance.channels.system.ProjectImplTest
Tests run: 19, Failures: 5, Errors: 1, Skipped: 0, Time elapsed: 0.31 sec <<< FAILURE!
Running com.mindalliance.channels.model.support.SuggestionTest
Tests run: 3, Failures: 0, Errors: 0, Skipped: 0, Time elapsed: 0.139 sec
Running com.mindalliance.channels.util.GUIDFactoryImplTest
Tests run: 2, Failures: 0, Errors: 0, Skipped: 0, Time elapsed: 0.006 sec
Running com.mindalliance.channels.util.JavaBeanTest
Tests run: 9, Failures: 4, Errors: 0, Skipped: 0, Time elapsed: 0.017 sec <<< FAILURE!
Running com.mindalliance.channels.system.UserImplTest
Tests run: 7, Failures: 0, Errors: 0, Skipped: 0, Time elapsed: 0.017 sec

Results :

Failed tests: 
  testProjectRename_1(com.mindalliance.channels.system.SystemImplTest)
  testProjectRename_2(com.mindalliance.channels.system.SystemImplTest)
  testUserRename_1(com.mindalliance.channels.system.SystemImplTest)
  testSetModels(com.mindalliance.channels.system.ProjectImplTest)
  testAddManager(com.mindalliance.channels.system.ProjectImplTest)
  testAddModel(com.mindalliance.channels.system.ProjectImplTest)
  testAddParticipant(com.mindalliance.channels.system.ProjectImplTest)
  testSetName_1(com.mindalliance.channels.system.ProjectImplTest)
  testFire(com.mindalliance.channels.util.JavaBeanTest)
  testVetoes_1(com.mindalliance.channels.util.JavaBeanTest)
  testVetoes_2(com.mindalliance.channels.util.JavaBeanTest)
  testAddValue_1(com.mindalliance.channels.util.JavaBeanTest)

Tests in error: 
  testUserRename_2(com.mindalliance.channels.system.SystemImplTest)
  testSetName_2(com.mindalliance.channels.system.ProjectImplTest)

Tests run: 61, Failures: 12, Errors: 2, Skipped: 0

[INFO] ------------------------------------------------------------------------
[ERROR] BUILD FAILURE
[INFO] ------------------------------------------------------------------------
[INFO] There are test failures.
[INFO] ------------------------------------------------------------------------
[DEBUG] Trace
org.apache.maven.BuildFailureException: There are test failures.
	at org.apache.maven.lifecycle.DefaultLifecycleExecutor.executeGoals(DefaultLifecycleExecutor.java:555)
	at org.apache.maven.lifecycle.DefaultLifecycleExecutor.executeGoalWithLifecycle(DefaultLifecycleExecutor.java:475)
	at org.apache.maven.lifecycle.DefaultLifecycleExecutor.executeGoal(DefaultLifecycleExecutor.java:454)
	at org.apache.maven.lifecycle.DefaultLifecycleExecutor.executeGoalAndHandleFailures(DefaultLifecycleExecutor.java:306)
	at org.apache.maven.lifecycle.DefaultLifecycleExecutor.executeTaskSegments(DefaultLifecycleExecutor.java:273)
	at org.apache.maven.lifecycle.DefaultLifecycleExecutor.execute(DefaultLifecycleExecutor.java:140)
	at org.apache.maven.DefaultMaven.doExecute(DefaultMaven.java:322)
	at org.apache.maven.DefaultMaven.execute(DefaultMaven.java:115)
	at org.apache.maven.cli.MavenCli.main(MavenCli.java:256)
	at sun.reflect.NativeMethodAccessorImpl.invoke0(Native Method)
	at sun.reflect.NativeMethodAccessorImpl.invoke(NativeMethodAccessorImpl.java:39)
	at sun.reflect.DelegatingMethodAccessorImpl.invoke(DelegatingMethodAccessorImpl.java:25)
	at java.lang.reflect.Method.invoke(Method.java:585)
	at org.codehaus.classworlds.Launcher.launchEnhanced(Launcher.java:315)
	at org.codehaus.classworlds.Launcher.launch(Launcher.java:255)
	at org.codehaus.classworlds.Launcher.mainWithExitCode(Launcher.java:430)
	at org.codehaus.classworlds.Launcher.main(Launcher.java:375)
Caused by: org.apache.maven.plugin.MojoFailureException: There are test failures.
	at org.apache.maven.plugin.surefire.SurefirePlugin.execute(SurefirePlugin.java:425)
	at org.apache.maven.plugin.DefaultPluginManager.executeMojo(DefaultPluginManager.java:412)
	at org.apache.maven.lifecycle.DefaultLifecycleExecutor.executeGoals(DefaultLifecycleExecutor.java:534)
	... 16 more
[INFO] ------------------------------------------------------------------------
[INFO] Total time: 22 seconds
[INFO] Finished at: Tue Feb 27 16:57:55 GMT 2007
[INFO] Final Memory: 13M/79M
[INFO] ------------------------------------------------------------------------
